{"C:\\Projects\\rowa-dev\\frontend\\src\\App.vue": {"path":"C:\\Projects\\rowa-dev\\frontend\\src\\App.vue","statementMap":{"0":{"start":{"line":12,"column":0},"end":{"line":12,"column":null}}},"fnMap":{"0":{"name":"(anonymous_1)","decl":{"start":{"line":12,"column":0},"end":{"line":12,"column":null}},"loc":{"start":{"line":12,"column":0},"end":{"line":12,"column":null}}}},"branchMap":{},"s":{"0":0},"f":{"0":0},"b":{}}
,"C:\\Projects\\rowa-dev\\frontend\\src\\main.js": {"path":"C:\\Projects\\rowa-dev\\frontend\\src\\main.js","statementMap":{"0":{"start":{"line":8,"column":0},"end":{"line":8,"column":24}},"1":{"start":{"line":10,"column":0},"end":{"line":10,"column":32}},"2":{"start":{"line":12,"column":0},"end":{"line":17,"column":17}},"3":{"start":{"line":16,"column":15},"end":{"line":16,"column":21}}},"fnMap":{"0":{"name":"(anonymous_0)","decl":{"start":{"line":16,"column":10},"end":{"line":16,"column":11}},"loc":{"start":{"line":16,"column":15},"end":{"line":16,"column":21}},"line":16}},"branchMap":{},"s":{"0":0,"1":0,"2":0,"3":0},"f":{"0":0},"b":{}}
,"C:\\Projects\\rowa-dev\\frontend\\src\\components\\admin\\BatchButtonPill.vue": {"path":"C:\\Projects\\rowa-dev\\frontend\\src\\components\\admin\\BatchButtonPill.vue","statementMap":{"0":{"start":{"line":15,"column":0},"end":{"line":15,"column":null}}},"fnMap":{},"branchMap":{},"s":{"0":0},"f":{},"b":{}}
,"C:\\Projects\\rowa-dev\\frontend\\src\\components\\admin\\PumpSettings.vue": {"path":"C:\\Projects\\rowa-dev\\frontend\\src\\components\\admin\\PumpSettings.vue","statementMap":{"0":{"start":{"line":81,"column":0},"end":{"line":81,"column":null}},"1":{"start":{"line":86,"column":0},"end":{"line":86,"column":null}},"2":{"start":{"line":92,"column":0},"end":{"line":92,"column":null}},"3":{"start":{"line":101,"column":0},"end":{"line":101,"column":null}},"4":{"start":{"line":104,"column":0},"end":{"line":104,"column":null}},"5":{"start":{"line":107,"column":0},"end":{"line":121,"column":null}},"6":{"start":{"line":110,"column":0},"end":{"line":110,"column":null}},"7":{"start":{"line":111,"column":0},"end":{"line":111,"column":null}},"8":{"start":{"line":120,"column":0},"end":{"line":120,"column":null}},"9":{"start":{"line":125,"column":0},"end":{"line":136,"column":null}},"10":{"start":{"line":135,"column":0},"end":{"line":135,"column":null}},"11":{"start":{"line":153,"column":0},"end":{"line":153,"column":null}},"12":{"start":{"line":158,"column":0},"end":{"line":162,"column":null}},"13":{"start":{"line":159,"column":0},"end":{"line":159,"column":null}},"14":{"start":{"line":161,"column":0},"end":{"line":161,"column":null}}},"fnMap":{"0":{"name":"(anonymous_1)","decl":{"start":{"line":85,"column":0},"end":{"line":85,"column":null}},"loc":{"start":{"line":85,"column":0},"end":{"line":98,"column":null}}},"1":{"name":"(anonymous_2)","decl":{"start":{"line":92,"column":0},"end":{"line":92,"column":null}},"loc":{"start":{"line":92,"column":0},"end":{"line":92,"column":null}}},"2":{"name":"(anonymous_4)","decl":{"start":{"line":100,"column":0},"end":{"line":100,"column":null}},"loc":{"start":{"line":100,"column":0},"end":{"line":102,"column":null}}},"3":{"name":"(anonymous_5)","decl":{"start":{"line":103,"column":0},"end":{"line":103,"column":null}},"loc":{"start":{"line":103,"column":0},"end":{"line":105,"column":null}}},"4":{"name":"(anonymous_6)","decl":{"start":{"line":106,"column":0},"end":{"line":106,"column":null}},"loc":{"start":{"line":106,"column":0},"end":{"line":122,"column":null}}},"5":{"name":"(anonymous_7)","decl":{"start":{"line":107,"column":0},"end":{"line":107,"column":null}},"loc":{"start":{"line":107,"column":0},"end":{"line":118,"column":null}}},"6":{"name":"(anonymous_8)","decl":{"start":{"line":118,"column":0},"end":{"line":118,"column":null}},"loc":{"start":{"line":118,"column":0},"end":{"line":121,"column":null}}},"7":{"name":"(anonymous_9)","decl":{"start":{"line":124,"column":0},"end":{"line":124,"column":null}},"loc":{"start":{"line":124,"column":0},"end":{"line":137,"column":null}}},"8":{"name":"(anonymous_10)","decl":{"start":{"line":128,"column":0},"end":{"line":128,"column":null}},"loc":{"start":{"line":128,"column":0},"end":{"line":136,"column":null}}},"9":{"name":"(anonymous_11)","decl":{"start":{"line":152,"column":0},"end":{"line":152,"column":null}},"loc":{"start":{"line":152,"column":0},"end":{"line":154,"column":null}}},"10":{"name":"(anonymous_12)","decl":{"start":{"line":157,"column":0},"end":{"line":157,"column":null}},"loc":{"start":{"line":157,"column":0},"end":{"line":163,"column":null}}}},"branchMap":{"0":{"loc":{"start":{"line":92,"column":0},"end":{"line":92,"column":null}},"type":"binary-expr","locations":[{"start":{"line":92,"column":0},"end":{"line":92,"column":null}},{"start":{"line":92,"column":0},"end":{"line":92,"column":null}}]},"1":{"loc":{"start":{"line":158,"column":0},"end":{"line":162,"column":null}},"type":"if","locations":[{"start":{"line":158,"column":0},"end":{"line":162,"column":null}},{"start":{"line":158,"column":0},"end":{"line":162,"column":null}}]}},"s":{"0":0,"1":0,"2":0,"3":0,"4":0,"5":0,"6":0,"7":0,"8":0,"9":0,"10":0,"11":0,"12":0,"13":0,"14":0},"f":{"0":0,"1":0,"2":0,"3":0,"4":0,"5":0,"6":0,"7":0,"8":0,"9":0,"10":0},"b":{"0":[0,0],"1":[0,0]}}
,"C:\\Projects\\rowa-dev\\frontend\\src\\components\\admin\\TimeSettings.vue": {"path":"C:\\Projects\\rowa-dev\\frontend\\src\\components\\admin\\TimeSettings.vue","statementMap":{"0":{"start":{"line":35,"column":0},"end":{"line":35,"column":null}},"1":{"start":{"line":43,"column":0},"end":{"line":43,"column":null}},"2":{"start":{"line":56,"column":0},"end":{"line":70,"column":null}},"3":{"start":{"line":58,"column":0},"end":{"line":58,"column":null}},"4":{"start":{"line":59,"column":0},"end":{"line":59,"column":null}},"5":{"start":{"line":60,"column":0},"end":{"line":60,"column":null}},"6":{"start":{"line":69,"column":0},"end":{"line":69,"column":null}},"7":{"start":{"line":74,"column":0},"end":{"line":80,"column":null}},"8":{"start":{"line":79,"column":0},"end":{"line":79,"column":null}},"9":{"start":{"line":84,"column":0},"end":{"line":84,"column":null}},"10":{"start":{"line":85,"column":0},"end":{"line":91,"column":null}},"11":{"start":{"line":90,"column":0},"end":{"line":90,"column":null}},"12":{"start":{"line":97,"column":0},"end":{"line":97,"column":null}},"13":{"start":{"line":102,"column":0},"end":{"line":107,"column":null}},"14":{"start":{"line":103,"column":0},"end":{"line":103,"column":null}},"15":{"start":{"line":106,"column":0},"end":{"line":106,"column":null}}},"fnMap":{"0":{"name":"(anonymous_1)","decl":{"start":{"line":42,"column":0},"end":{"line":42,"column":null}},"loc":{"start":{"line":42,"column":0},"end":{"line":53,"column":null}}},"1":{"name":"(anonymous_2)","decl":{"start":{"line":55,"column":0},"end":{"line":55,"column":null}},"loc":{"start":{"line":55,"column":0},"end":{"line":71,"column":null}}},"2":{"name":"(anonymous_3)","decl":{"start":{"line":56,"column":0},"end":{"line":56,"column":null}},"loc":{"start":{"line":56,"column":0},"end":{"line":67,"column":null}}},"3":{"name":"(anonymous_4)","decl":{"start":{"line":67,"column":0},"end":{"line":67,"column":null}},"loc":{"start":{"line":67,"column":0},"end":{"line":70,"column":null}}},"4":{"name":"(anonymous_5)","decl":{"start":{"line":73,"column":0},"end":{"line":73,"column":null}},"loc":{"start":{"line":73,"column":0},"end":{"line":82,"column":null}}},"5":{"name":"(anonymous_6)","decl":{"start":{"line":75,"column":0},"end":{"line":75,"column":null}},"loc":{"start":{"line":75,"column":0},"end":{"line":80,"column":null}}},"6":{"name":"(anonymous_7)","decl":{"start":{"line":83,"column":0},"end":{"line":83,"column":null}},"loc":{"start":{"line":83,"column":0},"end":{"line":93,"column":null}}},"7":{"name":"(anonymous_8)","decl":{"start":{"line":86,"column":0},"end":{"line":86,"column":null}},"loc":{"start":{"line":86,"column":0},"end":{"line":91,"column":null}}},"8":{"name":"(anonymous_9)","decl":{"start":{"line":96,"column":0},"end":{"line":96,"column":null}},"loc":{"start":{"line":96,"column":0},"end":{"line":98,"column":null}}},"9":{"name":"(anonymous_10)","decl":{"start":{"line":101,"column":0},"end":{"line":101,"column":null}},"loc":{"start":{"line":101,"column":0},"end":{"line":108,"column":null}}}},"branchMap":{"0":{"loc":{"start":{"line":102,"column":0},"end":{"line":107,"column":null}},"type":"if","locations":[{"start":{"line":102,"column":0},"end":{"line":107,"column":null}},{"start":{"line":102,"column":0},"end":{"line":107,"column":null}}]},"1":{"loc":{"start":{"line":102,"column":0},"end":{"line":102,"column":null}},"type":"binary-expr","locations":[{"start":{"line":102,"column":0},"end":{"line":102,"column":null}},{"start":{"line":102,"column":0},"end":{"line":102,"column":null}}]}},"s":{"0":0,"1":0,"2":0,"3":0,"4":0,"5":0,"6":0,"7":0,"8":0,"9":0,"10":0,"11":0,"12":0,"13":0,"14":0,"15":0},"f":{"0":0,"1":0,"2":0,"3":0,"4":0,"5":0,"6":0,"7":0,"8":0,"9":0},"b":{"0":[0,0],"1":[0,0]}}
,"C:\\Projects\\rowa-dev\\frontend\\src\\components\\farming\\FarmingTopRow.vue": {"path":"C:\\Projects\\rowa-dev\\frontend\\src\\components\\farming\\FarmingTopRow.vue","statementMap":{"0":{"start":{"line":35,"column":0},"end":{"line":35,"column":null}},"1":{"start":{"line":39,"column":0},"end":{"line":39,"column":null}}},"fnMap":{"0":{"name":"(anonymous_1)","decl":{"start":{"line":34,"column":0},"end":{"line":34,"column":null}},"loc":{"start":{"line":34,"column":0},"end":{"line":36,"column":null}}},"1":{"name":"(anonymous_2)","decl":{"start":{"line":38,"column":0},"end":{"line":38,"column":null}},"loc":{"start":{"line":38,"column":0},"end":{"line":40,"column":null}}}},"branchMap":{},"s":{"0":0,"1":0},"f":{"0":0,"1":0},"b":{}}
,"C:\\Projects\\rowa-dev\\frontend\\src\\components\\farming\\harvesting\\Harvest_1.vue": {"path":"C:\\Projects\\rowa-dev\\frontend\\src\\components\\farming\\harvesting\\Harvest_1.vue","statementMap":{"0":{"start":{"line":19,"column":0},"end":{"line":19,"column":null}},"1":{"start":{"line":28,"column":0},"end":{"line":28,"column":null}},"2":{"start":{"line":37,"column":0},"end":{"line":37,"column":null}},"3":{"start":{"line":40,"column":0},"end":{"line":40,"column":null}},"4":{"start":{"line":43,"column":0},"end":{"line":49,"column":null}},"5":{"start":{"line":45,"column":0},"end":{"line":45,"column":null}},"6":{"start":{"line":48,"column":0},"end":{"line":48,"column":null}},"7":{"start":{"line":54,"column":0},"end":{"line":54,"column":null}}},"fnMap":{"0":{"name":"(anonymous_1)","decl":{"start":{"line":27,"column":0},"end":{"line":27,"column":null}},"loc":{"start":{"line":27,"column":0},"end":{"line":32,"column":null}}},"1":{"name":"(anonymous_2)","decl":{"start":{"line":36,"column":0},"end":{"line":36,"column":null}},"loc":{"start":{"line":36,"column":0},"end":{"line":38,"column":null}}},"2":{"name":"(anonymous_3)","decl":{"start":{"line":39,"column":0},"end":{"line":39,"column":null}},"loc":{"start":{"line":39,"column":0},"end":{"line":41,"column":null}}},"3":{"name":"(anonymous_4)","decl":{"start":{"line":42,"column":0},"end":{"line":42,"column":null}},"loc":{"start":{"line":42,"column":0},"end":{"line":50,"column":null}}},"4":{"name":"(anonymous_5)","decl":{"start":{"line":43,"column":0},"end":{"line":43,"column":null}},"loc":{"start":{"line":43,"column":0},"end":{"line":46,"column":null}}},"5":{"name":"(anonymous_6)","decl":{"start":{"line":46,"column":0},"end":{"line":46,"column":null}},"loc":{"start":{"line":46,"column":0},"end":{"line":49,"column":null}}},"6":{"name":"(anonymous_7)","decl":{"start":{"line":52,"column":0},"end":{"line":52,"column":null}},"loc":{"start":{"line":52,"column":0},"end":{"line":54,"column":null}}}},"branchMap":{},"s":{"0":0,"1":0,"2":0,"3":0,"4":0,"5":0,"6":0,"7":0},"f":{"0":0,"1":0,"2":0,"3":0,"4":0,"5":0,"6":0},"b":{}}
,"C:\\Projects\\rowa-dev\\frontend\\src\\components\\farming\\harvesting\\Harvest_2.vue": {"path":"C:\\Projects\\rowa-dev\\frontend\\src\\components\\farming\\harvesting\\Harvest_2.vue","statementMap":{"0":{"start":{"line":24,"column":0},"end":{"line":24,"column":null}},"1":{"start":{"line":36,"column":0},"end":{"line":36,"column":null}},"2":{"start":{"line":40,"column":0},"end":{"line":40,"column":null}}},"fnMap":{"0":{"name":"(anonymous_1)","decl":{"start":{"line":35,"column":0},"end":{"line":35,"column":null}},"loc":{"start":{"line":35,"column":0},"end":{"line":37,"column":null}}},"1":{"name":"(anonymous_2)","decl":{"start":{"line":39,"column":0},"end":{"line":39,"column":null}},"loc":{"start":{"line":39,"column":0},"end":{"line":41,"column":null}}},"2":{"name":"(anonymous_3)","decl":{"start":{"line":43,"column":0},"end":{"line":43,"column":null}},"loc":{"start":{"line":43,"column":0},"end":{"line":43,"column":null}}}},"branchMap":{},"s":{"0":0,"1":0,"2":0},"f":{"0":0,"1":0,"2":0},"b":{}}
,"C:\\Projects\\rowa-dev\\frontend\\src\\components\\farming\\harvesting\\Harvest_3.vue": {"path":"C:\\Projects\\rowa-dev\\frontend\\src\\components\\farming\\harvesting\\Harvest_3.vue","statementMap":{"0":{"start":{"line":49,"column":0},"end":{"line":49,"column":null}},"1":{"start":{"line":52,"column":0},"end":{"line":52,"column":null}}},"fnMap":{"0":{"name":"(anonymous_1)","decl":{"start":{"line":48,"column":0},"end":{"line":48,"column":null}},"loc":{"start":{"line":48,"column":0},"end":{"line":50,"column":null}}},"1":{"name":"(anonymous_2)","decl":{"start":{"line":51,"column":0},"end":{"line":51,"column":null}},"loc":{"start":{"line":51,"column":0},"end":{"line":53,"column":null}}}},"branchMap":{},"s":{"0":0,"1":0},"f":{"0":0,"1":0},"b":{}}
,"C:\\Projects\\rowa-dev\\frontend\\src\\components\\farming\\harvesting\\Harvest_4.vue": {"path":"C:\\Projects\\rowa-dev\\frontend\\src\\components\\farming\\harvesting\\Harvest_4.vue","statementMap":{"0":{"start":{"line":48,"column":0},"end":{"line":48,"column":null}}},"fnMap":{"0":{"name":"(anonymous_1)","decl":{"start":{"line":47,"column":0},"end":{"line":47,"column":null}},"loc":{"start":{"line":47,"column":0},"end":{"line":49,"column":null}}}},"branchMap":{},"s":{"0":0},"f":{"0":0},"b":{}}
,"C:\\Projects\\rowa-dev\\frontend\\src\\components\\farming\\planting\\Plant_1.vue": {"path":"C:\\Projects\\rowa-dev\\frontend\\src\\components\\farming\\planting\\Plant_1.vue","statementMap":{"0":{"start":{"line":20,"column":0},"end":{"line":20,"column":null}},"1":{"start":{"line":29,"column":0},"end":{"line":29,"column":null}},"2":{"start":{"line":39,"column":0},"end":{"line":39,"column":null}},"3":{"start":{"line":42,"column":0},"end":{"line":42,"column":null}},"4":{"start":{"line":45,"column":0},"end":{"line":51,"column":null}},"5":{"start":{"line":47,"column":0},"end":{"line":47,"column":null}},"6":{"start":{"line":50,"column":0},"end":{"line":50,"column":null}},"7":{"start":{"line":57,"column":0},"end":{"line":57,"column":null}}},"fnMap":{"0":{"name":"(anonymous_1)","decl":{"start":{"line":28,"column":0},"end":{"line":28,"column":null}},"loc":{"start":{"line":28,"column":0},"end":{"line":34,"column":null}}},"1":{"name":"(anonymous_2)","decl":{"start":{"line":38,"column":0},"end":{"line":38,"column":null}},"loc":{"start":{"line":38,"column":0},"end":{"line":40,"column":null}}},"2":{"name":"(anonymous_3)","decl":{"start":{"line":41,"column":0},"end":{"line":41,"column":null}},"loc":{"start":{"line":41,"column":0},"end":{"line":43,"column":null}}},"3":{"name":"(anonymous_4)","decl":{"start":{"line":44,"column":0},"end":{"line":44,"column":null}},"loc":{"start":{"line":44,"column":0},"end":{"line":52,"column":null}}},"4":{"name":"(anonymous_5)","decl":{"start":{"line":45,"column":0},"end":{"line":45,"column":null}},"loc":{"start":{"line":45,"column":0},"end":{"line":48,"column":null}}},"5":{"name":"(anonymous_6)","decl":{"start":{"line":48,"column":0},"end":{"line":48,"column":null}},"loc":{"start":{"line":48,"column":0},"end":{"line":51,"column":null}}},"6":{"name":"(anonymous_7)","decl":{"start":{"line":55,"column":0},"end":{"line":55,"column":null}},"loc":{"start":{"line":55,"column":0},"end":{"line":57,"column":null}}}},"branchMap":{},"s":{"0":0,"1":0,"2":0,"3":0,"4":0,"5":0,"6":0,"7":0},"f":{"0":0,"1":0,"2":0,"3":0,"4":0,"5":0,"6":0},"b":{}}
,"C:\\Projects\\rowa-dev\\frontend\\src\\components\\farming\\planting\\Plant_2.vue": {"path":"C:\\Projects\\rowa-dev\\frontend\\src\\components\\farming\\planting\\Plant_2.vue","statementMap":{"0":{"start":{"line":26,"column":0},"end":{"line":26,"column":null}},"1":{"start":{"line":39,"column":0},"end":{"line":39,"column":null}},"2":{"start":{"line":46,"column":0},"end":{"line":46,"column":null}}},"fnMap":{"0":{"name":"(anonymous_1)","decl":{"start":{"line":38,"column":0},"end":{"line":38,"column":null}},"loc":{"start":{"line":38,"column":0},"end":{"line":43,"column":null}}},"1":{"name":"(anonymous_2)","decl":{"start":{"line":45,"column":0},"end":{"line":45,"column":null}},"loc":{"start":{"line":45,"column":0},"end":{"line":47,"column":null}}},"2":{"name":"(anonymous_3)","decl":{"start":{"line":50,"column":0},"end":{"line":50,"column":null}},"loc":{"start":{"line":50,"column":0},"end":{"line":50,"column":null}}}},"branchMap":{},"s":{"0":0,"1":0,"2":0},"f":{"0":0,"1":0,"2":0},"b":{}}
,"C:\\Projects\\rowa-dev\\frontend\\src\\components\\farming\\planting\\Plant_3.vue": {"path":"C:\\Projects\\rowa-dev\\frontend\\src\\components\\farming\\planting\\Plant_3.vue","statementMap":{"0":{"start":{"line":67,"column":0},"end":{"line":67,"column":null}}},"fnMap":{"0":{"name":"(anonymous_1)","decl":{"start":{"line":66,"column":0},"end":{"line":66,"column":null}},"loc":{"start":{"line":66,"column":0},"end":{"line":68,"column":null}}}},"branchMap":{},"s":{"0":0},"f":{"0":0},"b":{}}
,"C:\\Projects\\rowa-dev\\frontend\\src\\components\\home\\FarmInfo.vue": {"path":"C:\\Projects\\rowa-dev\\frontend\\src\\components\\home\\FarmInfo.vue","statementMap":{"0":{"start":{"line":31,"column":0},"end":{"line":31,"column":null}},"1":{"start":{"line":32,"column":0},"end":{"line":32,"column":null}},"2":{"start":{"line":33,"column":0},"end":{"line":33,"column":null}},"3":{"start":{"line":42,"column":0},"end":{"line":42,"column":null}},"4":{"start":{"line":50,"column":0},"end":{"line":56,"column":null}},"5":{"start":{"line":52,"column":0},"end":{"line":52,"column":null}},"6":{"start":{"line":55,"column":0},"end":{"line":55,"column":null}},"7":{"start":{"line":59,"column":0},"end":{"line":65,"column":null}},"8":{"start":{"line":61,"column":0},"end":{"line":61,"column":null}},"9":{"start":{"line":64,"column":0},"end":{"line":64,"column":null}},"10":{"start":{"line":70,"column":0},"end":{"line":70,"column":null}},"11":{"start":{"line":71,"column":0},"end":{"line":71,"column":null}}},"fnMap":{"0":{"name":"(anonymous_1)","decl":{"start":{"line":41,"column":0},"end":{"line":41,"column":null}},"loc":{"start":{"line":41,"column":0},"end":{"line":47,"column":null}}},"1":{"name":"(anonymous_2)","decl":{"start":{"line":49,"column":0},"end":{"line":49,"column":null}},"loc":{"start":{"line":49,"column":0},"end":{"line":57,"column":null}}},"2":{"name":"(anonymous_3)","decl":{"start":{"line":50,"column":0},"end":{"line":50,"column":null}},"loc":{"start":{"line":50,"column":0},"end":{"line":53,"column":null}}},"3":{"name":"(anonymous_4)","decl":{"start":{"line":53,"column":0},"end":{"line":53,"column":null}},"loc":{"start":{"line":53,"column":0},"end":{"line":56,"column":null}}},"4":{"name":"(anonymous_5)","decl":{"start":{"line":58,"column":0},"end":{"line":58,"column":null}},"loc":{"start":{"line":58,"column":0},"end":{"line":66,"column":null}}},"5":{"name":"(anonymous_6)","decl":{"start":{"line":59,"column":0},"end":{"line":59,"column":null}},"loc":{"start":{"line":59,"column":0},"end":{"line":62,"column":null}}},"6":{"name":"(anonymous_7)","decl":{"start":{"line":62,"column":0},"end":{"line":62,"column":null}},"loc":{"start":{"line":62,"column":0},"end":{"line":65,"column":null}}},"7":{"name":"(anonymous_8)","decl":{"start":{"line":69,"column":0},"end":{"line":69,"column":null}},"loc":{"start":{"line":69,"column":0},"end":{"line":72,"column":null}}}},"branchMap":{},"s":{"0":2,"1":2,"2":2,"3":6,"4":6,"5":6,"6":0,"7":6,"8":6,"9":0,"10":6,"11":6},"f":{"0":6,"1":6,"2":6,"3":0,"4":6,"5":6,"6":0,"7":6},"b":{}}
,"C:\\Projects\\rowa-dev\\frontend\\src\\components\\home\\InfoBoxPlants.vue": {"path":"C:\\Projects\\rowa-dev\\frontend\\src\\components\\home\\InfoBoxPlants.vue","statementMap":{"0":{"start":{"line":25,"column":0},"end":{"line":25,"column":null}}},"fnMap":{"0":{"name":"(anonymous_1)","decl":{"start":{"line":24,"column":0},"end":{"line":24,"column":null}},"loc":{"start":{"line":24,"column":0},"end":{"line":28,"column":null}}}},"branchMap":{},"s":{"0":5},"f":{"0":5},"b":{}}
,"C:\\Projects\\rowa-dev\\frontend\\src\\components\\home\\Farm\\CatTree.vue": {"path":"C:\\Projects\\rowa-dev\\frontend\\src\\components\\home\\Farm\\CatTree.vue","statementMap":{"0":{"start":{"line":32,"column":0},"end":{"line":32,"column":null}},"1":{"start":{"line":33,"column":0},"end":{"line":33,"column":null}},"2":{"start":{"line":41,"column":0},"end":{"line":41,"column":null}},"3":{"start":{"line":42,"column":0},"end":{"line":42,"column":null}},"4":{"start":{"line":45,"column":0},"end":{"line":53,"column":null}},"5":{"start":{"line":48,"column":0},"end":{"line":48,"column":null}},"6":{"start":{"line":49,"column":0},"end":{"line":49,"column":null}},"7":{"start":{"line":52,"column":0},"end":{"line":52,"column":null}},"8":{"start":{"line":59,"column":0},"end":{"line":61,"column":null}},"9":{"start":{"line":59,"column":0},"end":{"line":59,"column":null}},"10":{"start":{"line":60,"column":0},"end":{"line":60,"column":null}}},"fnMap":{"0":{"name":"(anonymous_1)","decl":{"start":{"line":40,"column":0},"end":{"line":40,"column":null}},"loc":{"start":{"line":40,"column":0},"end":{"line":43,"column":null}}},"1":{"name":"(anonymous_2)","decl":{"start":{"line":44,"column":0},"end":{"line":44,"column":null}},"loc":{"start":{"line":44,"column":0},"end":{"line":54,"column":null}}},"2":{"name":"(anonymous_3)","decl":{"start":{"line":45,"column":0},"end":{"line":45,"column":null}},"loc":{"start":{"line":45,"column":0},"end":{"line":50,"column":null}}},"3":{"name":"(anonymous_4)","decl":{"start":{"line":50,"column":0},"end":{"line":50,"column":null}},"loc":{"start":{"line":50,"column":0},"end":{"line":53,"column":null}}},"4":{"name":"(anonymous_5)","decl":{"start":{"line":58,"column":0},"end":{"line":58,"column":null}},"loc":{"start":{"line":58,"column":0},"end":{"line":63,"column":null}}}},"branchMap":{},"s":{"0":1,"1":1,"2":0,"3":0,"4":0,"5":0,"6":0,"7":0,"8":0,"9":0,"10":0},"f":{"0":0,"1":0,"2":0,"3":0,"4":0},"b":{}}
,"C:\\Projects\\rowa-dev\\frontend\\src\\components\\home\\Farm\\Module.vue": {"path":"C:\\Projects\\rowa-dev\\frontend\\src\\components\\home\\Farm\\Module.vue","statementMap":{"0":{"start":{"line":27,"column":0},"end":{"line":27,"column":null}},"1":{"start":{"line":35,"column":0},"end":{"line":35,"column":null}},"2":{"start":{"line":38,"column":0},"end":{"line":43,"column":null}},"3":{"start":{"line":39,"column":0},"end":{"line":39,"column":null}},"4":{"start":{"line":42,"column":0},"end":{"line":42,"column":null}},"5":{"start":{"line":49,"column":0},"end":{"line":49,"column":null}},"6":{"start":{"line":53,"column":0},"end":{"line":61,"column":null}},"7":{"start":{"line":54,"column":0},"end":{"line":54,"column":null}},"8":{"start":{"line":55,"column":0},"end":{"line":61,"column":null}},"9":{"start":{"line":57,"column":0},"end":{"line":57,"column":null}},"10":{"start":{"line":60,"column":0},"end":{"line":60,"column":null}},"11":{"start":{"line":62,"column":0},"end":{"line":62,"column":null}}},"fnMap":{"0":{"name":"(anonymous_1)","decl":{"start":{"line":34,"column":0},"end":{"line":34,"column":null}},"loc":{"start":{"line":34,"column":0},"end":{"line":36,"column":null}}},"1":{"name":"(anonymous_2)","decl":{"start":{"line":37,"column":0},"end":{"line":37,"column":null}},"loc":{"start":{"line":37,"column":0},"end":{"line":44,"column":null}}},"2":{"name":"(anonymous_3)","decl":{"start":{"line":48,"column":0},"end":{"line":48,"column":null}},"loc":{"start":{"line":48,"column":0},"end":{"line":50,"column":null}}},"3":{"name":"(anonymous_4)","decl":{"start":{"line":51,"column":0},"end":{"line":51,"column":null}},"loc":{"start":{"line":51,"column":0},"end":{"line":63,"column":null}}},"4":{"name":"(anonymous_5)","decl":{"start":{"line":65,"column":0},"end":{"line":65,"column":null}},"loc":{"start":{"line":65,"column":0},"end":{"line":65,"column":null}}}},"branchMap":{"0":{"loc":{"start":{"line":38,"column":0},"end":{"line":43,"column":null}},"type":"if","locations":[{"start":{"line":38,"column":0},"end":{"line":43,"column":null}},{"start":{"line":38,"column":0},"end":{"line":43,"column":null}}]},"1":{"loc":{"start":{"line":53,"column":0},"end":{"line":61,"column":null}},"type":"if","locations":[{"start":{"line":53,"column":0},"end":{"line":61,"column":null}},{"start":{"line":53,"column":0},"end":{"line":61,"column":null}}]},"2":{"loc":{"start":{"line":55,"column":0},"end":{"line":61,"column":null}},"type":"if","locations":[{"start":{"line":55,"column":0},"end":{"line":61,"column":null}},{"start":{"line":55,"column":0},"end":{"line":61,"column":null}}]}},"s":{"0":2,"1":0,"2":0,"3":0,"4":0,"5":0,"6":3,"7":1,"8":2,"9":1,"10":1,"11":3},"f":{"0":0,"1":0,"2":0,"3":3,"4":2},"b":{"0":[0,0],"1":[1,2],"2":[1,1]}}
,"C:\\Projects\\rowa-dev\\frontend\\src\\components\\home\\Stats\\StatBox.vue": {"path":"C:\\Projects\\rowa-dev\\frontend\\src\\components\\home\\Stats\\StatBox.vue","statementMap":{"0":{"start":{"line":29,"column":0},"end":{"line":29,"column":null}}},"fnMap":{},"branchMap":{},"s":{"0":1},"f":{},"b":{}}
,"C:\\Projects\\rowa-dev\\frontend\\src\\components\\home\\Stats\\StatGraphic.vue": {"path":"C:\\Projects\\rowa-dev\\frontend\\src\\components\\home\\Stats\\StatGraphic.vue","statementMap":{"0":{"start":{"line":38,"column":0},"end":{"line":38,"column":null}},"1":{"start":{"line":39,"column":0},"end":{"line":39,"column":null}},"2":{"start":{"line":47,"column":0},"end":{"line":47,"column":null}},"3":{"start":{"line":59,"column":0},"end":{"line":67,"column":null}},"4":{"start":{"line":60,"column":0},"end":{"line":60,"column":null}},"5":{"start":{"line":61,"column":0},"end":{"line":61,"column":null}},"6":{"start":{"line":62,"column":0},"end":{"line":62,"column":null}},"7":{"start":{"line":63,"column":0},"end":{"line":63,"column":null}},"8":{"start":{"line":64,"column":0},"end":{"line":64,"column":null}},"9":{"start":{"line":65,"column":0},"end":{"line":65,"column":null}},"10":{"start":{"line":66,"column":0},"end":{"line":66,"column":null}},"11":{"start":{"line":71,"column":0},"end":{"line":71,"column":null}},"12":{"start":{"line":72,"column":0},"end":{"line":72,"column":null}},"13":{"start":{"line":75,"column":0},"end":{"line":75,"column":null}}},"fnMap":{"0":{"name":"(anonymous_1)","decl":{"start":{"line":46,"column":0},"end":{"line":46,"column":null}},"loc":{"start":{"line":46,"column":0},"end":{"line":56,"column":null}}},"1":{"name":"(anonymous_2)","decl":{"start":{"line":58,"column":0},"end":{"line":58,"column":null}},"loc":{"start":{"line":58,"column":0},"end":{"line":68,"column":null}}},"2":{"name":"(anonymous_3)","decl":{"start":{"line":59,"column":0},"end":{"line":59,"column":null}},"loc":{"start":{"line":59,"column":0},"end":{"line":67,"column":null}}},"3":{"name":"(anonymous_4)","decl":{"start":{"line":70,"column":0},"end":{"line":70,"column":null}},"loc":{"start":{"line":70,"column":0},"end":{"line":73,"column":null}}},"4":{"name":"(anonymous_5)","decl":{"start":{"line":74,"column":0},"end":{"line":74,"column":null}},"loc":{"start":{"line":74,"column":0},"end":{"line":76,"column":null}}}},"branchMap":{},"s":{"0":1,"1":1,"2":0,"3":0,"4":0,"5":0,"6":0,"7":0,"8":0,"9":0,"10":0,"11":0,"12":0,"13":0},"f":{"0":0,"1":0,"2":0,"3":0,"4":0},"b":{}}
,"C:\\Projects\\rowa-dev\\frontend\\src\\components\\main\\ButtonPill.vue": {"path":"C:\\Projects\\rowa-dev\\frontend\\src\\components\\main\\ButtonPill.vue","statementMap":{"0":{"start":{"line":15,"column":0},"end":{"line":15,"column":null}}},"fnMap":{},"branchMap":{},"s":{"0":1},"f":{},"b":{}}
,"C:\\Projects\\rowa-dev\\frontend\\src\\components\\main\\FarmTransition.vue": {"path":"C:\\Projects\\rowa-dev\\frontend\\src\\components\\main\\FarmTransition.vue","statementMap":{"0":{"start":{"line":16,"column":0},"end":{"line":16,"column":null}},"1":{"start":{"line":24,"column":0},"end":{"line":24,"column":null}},"2":{"start":{"line":34,"column":0},"end":{"line":34,"column":null}},"3":{"start":{"line":35,"column":0},"end":{"line":35,"column":null}},"4":{"start":{"line":38,"column":0},"end":{"line":38,"column":null}},"5":{"start":{"line":39,"column":0},"end":{"line":39,"column":null}},"6":{"start":{"line":40,"column":0},"end":{"line":40,"column":null}},"7":{"start":{"line":41,"column":0},"end":{"line":41,"column":null}},"8":{"start":{"line":42,"column":0},"end":{"line":42,"column":null}},"9":{"start":{"line":47,"column":0},"end":{"line":47,"column":null}},"10":{"start":{"line":48,"column":0},"end":{"line":48,"column":null}},"11":{"start":{"line":52,"column":0},"end":{"line":52,"column":null}},"12":{"start":{"line":53,"column":0},"end":{"line":53,"column":null}},"13":{"start":{"line":56,"column":0},"end":{"line":56,"column":null}},"14":{"start":{"line":59,"column":0},"end":{"line":59,"column":null}},"15":{"start":{"line":60,"column":0},"end":{"line":60,"column":null}},"16":{"start":{"line":61,"column":0},"end":{"line":61,"column":null}},"17":{"start":{"line":64,"column":0},"end":{"line":64,"column":null}},"18":{"start":{"line":65,"column":0},"end":{"line":65,"column":null}},"19":{"start":{"line":70,"column":0},"end":{"line":70,"column":null}}},"fnMap":{"0":{"name":"(anonymous_1)","decl":{"start":{"line":23,"column":0},"end":{"line":23,"column":null}},"loc":{"start":{"line":23,"column":0},"end":{"line":31,"column":null}}},"1":{"name":"(anonymous_2)","decl":{"start":{"line":33,"column":0},"end":{"line":33,"column":null}},"loc":{"start":{"line":33,"column":0},"end":{"line":36,"column":null}}},"2":{"name":"(anonymous_3)","decl":{"start":{"line":37,"column":0},"end":{"line":37,"column":null}},"loc":{"start":{"line":37,"column":0},"end":{"line":43,"column":null}}},"3":{"name":"(anonymous_4)","decl":{"start":{"line":39,"column":0},"end":{"line":39,"column":null}},"loc":{"start":{"line":39,"column":0},"end":{"line":39,"column":null}}},"4":{"name":"(anonymous_5)","decl":{"start":{"line":46,"column":0},"end":{"line":46,"column":null}},"loc":{"start":{"line":46,"column":0},"end":{"line":49,"column":null}}},"5":{"name":"(anonymous_6)","decl":{"start":{"line":51,"column":0},"end":{"line":51,"column":null}},"loc":{"start":{"line":51,"column":0},"end":{"line":68,"column":null}}},"6":{"name":"(anonymous_7)","decl":{"start":{"line":55,"column":0},"end":{"line":55,"column":null}},"loc":{"start":{"line":55,"column":0},"end":{"line":57,"column":null}}},"7":{"name":"(anonymous_8)","decl":{"start":{"line":58,"column":0},"end":{"line":58,"column":null}},"loc":{"start":{"line":58,"column":0},"end":{"line":62,"column":null}}},"8":{"name":"(anonymous_9)","decl":{"start":{"line":63,"column":0},"end":{"line":63,"column":null}},"loc":{"start":{"line":63,"column":0},"end":{"line":66,"column":null}}},"9":{"name":"(anonymous_10)","decl":{"start":{"line":69,"column":0},"end":{"line":69,"column":null}},"loc":{"start":{"line":69,"column":0},"end":{"line":71,"column":null}}}},"branchMap":{"0":{"loc":{"start":{"line":34,"column":0},"end":{"line":34,"column":null}},"type":"default-arg","locations":[{"start":{"line":34,"column":0},"end":{"line":34,"column":null}}]}},"s":{"0":2,"1":0,"2":0,"3":0,"4":0,"5":0,"6":0,"7":0,"8":0,"9":0,"10":0,"11":0,"12":0,"13":0,"14":0,"15":0,"16":0,"17":0,"18":0,"19":0},"f":{"0":0,"1":0,"2":0,"3":0,"4":0,"5":0,"6":0,"7":0,"8":0,"9":0},"b":{"0":[0]}}
,"C:\\Projects\\rowa-dev\\frontend\\src\\components\\main\\FarmTransition_back.vue": {"path":"C:\\Projects\\rowa-dev\\frontend\\src\\components\\main\\FarmTransition_back.vue","statementMap":{"0":{"start":{"line":20,"column":0},"end":{"line":20,"column":null}},"1":{"start":{"line":26,"column":0},"end":{"line":26,"column":null}}},"fnMap":{"0":{"name":"(anonymous_1)","decl":{"start":{"line":19,"column":0},"end":{"line":19,"column":null}},"loc":{"start":{"line":19,"column":0},"end":{"line":23,"column":null}}},"1":{"name":"(anonymous_2)","decl":{"start":{"line":25,"column":0},"end":{"line":25,"column":null}},"loc":{"start":{"line":25,"column":0},"end":{"line":27,"column":null}}}},"branchMap":{},"s":{"0":0,"1":0},"f":{"0":0,"1":0},"b":{}}
,"C:\\Projects\\rowa-dev\\frontend\\src\\components\\main\\HomeTopRow.vue": {"path":"C:\\Projects\\rowa-dev\\frontend\\src\\components\\main\\HomeTopRow.vue","statementMap":{"0":{"start":{"line":19,"column":0},"end":{"line":19,"column":null}}},"fnMap":{},"branchMap":{},"s":{"0":1},"f":{},"b":{}}
,"C:\\Projects\\rowa-dev\\frontend\\src\\plugins\\vuetify.js": {"path":"C:\\Projects\\rowa-dev\\frontend\\src\\plugins\\vuetify.js","statementMap":{"0":{"start":{"line":7,"column":0},"end":{"line":7,"column":16}}},"fnMap":{},"branchMap":{},"s":{"0":0},"f":{},"b":{}}
,"C:\\Projects\\rowa-dev\\frontend\\src\\router\\index.js": {"path":"C:\\Projects\\rowa-dev\\frontend\\src\\router\\index.js","statementMap":{"0":{"start":{"line":5,"column":0},"end":{"line":5,"column":18}},"1":{"start":{"line":7,"column":15},"end":{"line":60,"column":1}},"2":{"start":{"line":16,"column":21},"end":{"line":16,"column":44}},"3":{"start":{"line":21,"column":22},"end":{"line":21,"column":53}},"4":{"start":{"line":27,"column":22},"end":{"line":27,"column":55}},"5":{"start":{"line":33,"column":22},"end":{"line":33,"column":58}},"6":{"start":{"line":40,"column":21},"end":{"line":40,"column":51}},"7":{"start":{"line":46,"column":21},"end":{"line":46,"column":44}},"8":{"start":{"line":51,"column":21},"end":{"line":51,"column":46}},"9":{"start":{"line":62,"column":15},"end":{"line":66,"column":2}}},"fnMap":{"0":{"name":"(anonymous_0)","decl":{"start":{"line":16,"column":15},"end":{"line":16,"column":16}},"loc":{"start":{"line":16,"column":21},"end":{"line":16,"column":44}},"line":16},"1":{"name":"(anonymous_1)","decl":{"start":{"line":21,"column":15},"end":{"line":21,"column":16}},"loc":{"start":{"line":21,"column":22},"end":{"line":21,"column":53}},"line":21},"2":{"name":"(anonymous_2)","decl":{"start":{"line":27,"column":15},"end":{"line":27,"column":16}},"loc":{"start":{"line":27,"column":22},"end":{"line":27,"column":55}},"line":27},"3":{"name":"(anonymous_3)","decl":{"start":{"line":33,"column":15},"end":{"line":33,"column":16}},"loc":{"start":{"line":33,"column":22},"end":{"line":33,"column":58}},"line":33},"4":{"name":"(anonymous_4)","decl":{"start":{"line":40,"column":15},"end":{"line":40,"column":16}},"loc":{"start":{"line":40,"column":21},"end":{"line":40,"column":51}},"line":40},"5":{"name":"(anonymous_5)","decl":{"start":{"line":46,"column":15},"end":{"line":46,"column":16}},"loc":{"start":{"line":46,"column":21},"end":{"line":46,"column":44}},"line":46},"6":{"name":"(anonymous_6)","decl":{"start":{"line":51,"column":15},"end":{"line":51,"column":16}},"loc":{"start":{"line":51,"column":21},"end":{"line":51,"column":46}},"line":51}},"branchMap":{},"s":{"0":0,"1":0,"2":0,"3":0,"4":0,"5":0,"6":0,"7":0,"8":0,"9":0},"f":{"0":0,"1":0,"2":0,"3":0,"4":0,"5":0,"6":0},"b":{}}
,"C:\\Projects\\rowa-dev\\frontend\\src\\store\\index.js": {"path":"C:\\Projects\\rowa-dev\\frontend\\src\\store\\index.js","statementMap":{"0":{"start":{"line":4,"column":0},"end":{"line":4,"column":13}},"1":{"start":{"line":189,"column":6},"end":{"line":189,"column":44}},"2":{"start":{"line":192,"column":6},"end":{"line":192,"column":46}},"3":{"start":{"line":195,"column":6},"end":{"line":195,"column":23}},"4":{"start":{"line":196,"column":6},"end":{"line":196,"column":80}},"5":{"start":{"line":197,"column":6},"end":{"line":208,"column":7}},"6":{"start":{"line":197,"column":18},"end":{"line":197,"column":19}},"7":{"start":{"line":198,"column":8},"end":{"line":206,"column":9}},"8":{"start":{"line":199,"column":10},"end":{"line":199,"column":87}},"9":{"start":{"line":200,"column":10},"end":{"line":200,"column":71}},"10":{"start":{"line":201,"column":10},"end":{"line":201,"column":78}},"11":{"start":{"line":204,"column":10},"end":{"line":204,"column":72}},"12":{"start":{"line":205,"column":10},"end":{"line":205,"column":61}},"13":{"start":{"line":215,"column":6},"end":{"line":215,"column":33}},"14":{"start":{"line":218,"column":6},"end":{"line":218,"column":34}}},"fnMap":{"0":{"name":"(anonymous_0)","decl":{"start":{"line":188,"column":4},"end":{"line":188,"column":5}},"loc":{"start":{"line":188,"column":28},"end":{"line":190,"column":5}},"line":188},"1":{"name":"(anonymous_1)","decl":{"start":{"line":191,"column":4},"end":{"line":191,"column":5}},"loc":{"start":{"line":191,"column":29},"end":{"line":193,"column":5}},"line":191},"2":{"name":"(anonymous_2)","decl":{"start":{"line":194,"column":4},"end":{"line":194,"column":5}},"loc":{"start":{"line":194,"column":28},"end":{"line":211,"column":5}},"line":194},"3":{"name":"(anonymous_3)","decl":{"start":{"line":214,"column":4},"end":{"line":214,"column":5}},"loc":{"start":{"line":214,"column":31},"end":{"line":216,"column":5}},"line":214},"4":{"name":"(anonymous_4)","decl":{"start":{"line":217,"column":4},"end":{"line":217,"column":5}},"loc":{"start":{"line":217,"column":32},"end":{"line":219,"column":5}},"line":217}},"branchMap":{"0":{"loc":{"start":{"line":198,"column":8},"end":{"line":206,"column":9}},"type":"if","locations":[{"start":{"line":198,"column":8},"end":{"line":206,"column":9}},{"start":{"line":198,"column":8},"end":{"line":206,"column":9}}],"line":198}},"s":{"0":0,"1":0,"2":0,"3":0,"4":0,"5":0,"6":0,"7":0,"8":0,"9":0,"10":0,"11":0,"12":0,"13":0,"14":0},"f":{"0":0,"1":0,"2":0,"3":0,"4":0},"b":{"0":[0,0]}}
,"C:\\Projects\\rowa-dev\\frontend\\src\\views\\AdminSettings.vue": {"path":"C:\\Projects\\rowa-dev\\frontend\\src\\views\\AdminSettings.vue","statementMap":{"0":{"start":{"line":63,"column":0},"end":{"line":63,"column":null}},"1":{"start":{"line":64,"column":0},"end":{"line":64,"column":null}},"2":{"start":{"line":65,"column":0},"end":{"line":65,"column":null}},"3":{"start":{"line":75,"column":0},"end":{"line":75,"column":null}}},"fnMap":{"0":{"name":"(anonymous_1)","decl":{"start":{"line":74,"column":0},"end":{"line":74,"column":null}},"loc":{"start":{"line":74,"column":0},"end":{"line":76,"column":null}}}},"branchMap":{},"s":{"0":0,"1":0,"2":0,"3":0},"f":{"0":0},"b":{}}
,"C:\\Projects\\rowa-dev\\frontend\\src\\views\\BatchFarming.vue": {"path":"C:\\Projects\\rowa-dev\\frontend\\src\\views\\BatchFarming.vue","statementMap":{"0":{"start":{"line":52,"column":0},"end":{"line":52,"column":null}},"1":{"start":{"line":53,"column":0},"end":{"line":53,"column":null}},"2":{"start":{"line":54,"column":0},"end":{"line":54,"column":null}},"3":{"start":{"line":55,"column":0},"end":{"line":55,"column":null}},"4":{"start":{"line":63,"column":0},"end":{"line":63,"column":null}},"5":{"start":{"line":72,"column":0},"end":{"line":72,"column":null}},"6":{"start":{"line":75,"column":0},"end":{"line":84,"column":null}},"7":{"start":{"line":83,"column":0},"end":{"line":83,"column":null}},"8":{"start":{"line":85,"column":0},"end":{"line":85,"column":null}},"9":{"start":{"line":88,"column":0},"end":{"line":97,"column":null}},"10":{"start":{"line":96,"column":0},"end":{"line":96,"column":null}},"11":{"start":{"line":98,"column":0},"end":{"line":98,"column":null}},"12":{"start":{"line":102,"column":0},"end":{"line":109,"column":null}},"13":{"start":{"line":105,"column":0},"end":{"line":105,"column":null}},"14":{"start":{"line":108,"column":0},"end":{"line":108,"column":null}},"15":{"start":{"line":112,"column":0},"end":{"line":120,"column":null}},"16":{"start":{"line":115,"column":0},"end":{"line":115,"column":null}},"17":{"start":{"line":119,"column":0},"end":{"line":119,"column":null}},"18":{"start":{"line":123,"column":0},"end":{"line":123,"column":null}},"19":{"start":{"line":124,"column":0},"end":{"line":126,"column":null}},"20":{"start":{"line":125,"column":0},"end":{"line":125,"column":null}},"21":{"start":{"line":127,"column":0},"end":{"line":127,"column":null}},"22":{"start":{"line":134,"column":0},"end":{"line":134,"column":null}},"23":{"start":{"line":135,"column":0},"end":{"line":135,"column":null}}},"fnMap":{"0":{"name":"(anonymous_1)","decl":{"start":{"line":62,"column":0},"end":{"line":62,"column":null}},"loc":{"start":{"line":62,"column":0},"end":{"line":69,"column":null}}},"1":{"name":"(anonymous_2)","decl":{"start":{"line":71,"column":0},"end":{"line":71,"column":null}},"loc":{"start":{"line":71,"column":0},"end":{"line":73,"column":null}}},"2":{"name":"(anonymous_3)","decl":{"start":{"line":74,"column":0},"end":{"line":74,"column":null}},"loc":{"start":{"line":74,"column":0},"end":{"line":86,"column":null}}},"3":{"name":"(anonymous_4)","decl":{"start":{"line":78,"column":0},"end":{"line":78,"column":null}},"loc":{"start":{"line":78,"column":0},"end":{"line":84,"column":null}}},"4":{"name":"(anonymous_5)","decl":{"start":{"line":87,"column":0},"end":{"line":87,"column":null}},"loc":{"start":{"line":87,"column":0},"end":{"line":100,"column":null}}},"5":{"name":"(anonymous_6)","decl":{"start":{"line":88,"column":0},"end":{"line":88,"column":null}},"loc":{"start":{"line":88,"column":0},"end":{"line":97,"column":null}}},"6":{"name":"(anonymous_7)","decl":{"start":{"line":101,"column":0},"end":{"line":101,"column":null}},"loc":{"start":{"line":101,"column":0},"end":{"line":110,"column":null}}},"7":{"name":"(anonymous_8)","decl":{"start":{"line":102,"column":0},"end":{"line":102,"column":null}},"loc":{"start":{"line":102,"column":0},"end":{"line":106,"column":null}}},"8":{"name":"(anonymous_9)","decl":{"start":{"line":106,"column":0},"end":{"line":106,"column":null}},"loc":{"start":{"line":106,"column":0},"end":{"line":109,"column":null}}},"9":{"name":"(anonymous_10)","decl":{"start":{"line":111,"column":0},"end":{"line":111,"column":null}},"loc":{"start":{"line":111,"column":0},"end":{"line":121,"column":null}}},"10":{"name":"(anonymous_11)","decl":{"start":{"line":112,"column":0},"end":{"line":112,"column":null}},"loc":{"start":{"line":112,"column":0},"end":{"line":117,"column":null}}},"11":{"name":"(anonymous_12)","decl":{"start":{"line":117,"column":0},"end":{"line":117,"column":null}},"loc":{"start":{"line":117,"column":0},"end":{"line":120,"column":null}}},"12":{"name":"(anonymous_13)","decl":{"start":{"line":122,"column":0},"end":{"line":122,"column":null}},"loc":{"start":{"line":122,"column":0},"end":{"line":128,"column":null}}},"13":{"name":"(anonymous_14)","decl":{"start":{"line":133,"column":0},"end":{"line":133,"column":null}},"loc":{"start":{"line":133,"column":0},"end":{"line":136,"column":null}}}},"branchMap":{},"s":{"0":0,"1":0,"2":0,"3":0,"4":0,"5":0,"6":0,"7":0,"8":0,"9":0,"10":0,"11":0,"12":0,"13":0,"14":0,"15":0,"16":0,"17":0,"18":0,"19":0,"20":0,"21":0,"22":0,"23":0},"f":{"0":0,"1":0,"2":0,"3":0,"4":0,"5":0,"6":0,"7":0,"8":0,"9":0,"10":0,"11":0,"12":0,"13":0},"b":{}}
,"C:\\Projects\\rowa-dev\\frontend\\src\\views\\Farming.vue": {"path":"C:\\Projects\\rowa-dev\\frontend\\src\\views\\Farming.vue","statementMap":{"0":{"start":{"line":103,"column":0},"end":{"line":103,"column":null}},"1":{"start":{"line":105,"column":0},"end":{"line":105,"column":null}},"2":{"start":{"line":112,"column":0},"end":{"line":112,"column":null}},"3":{"start":{"line":123,"column":0},"end":{"line":130,"column":null}},"4":{"start":{"line":126,"column":0},"end":{"line":126,"column":null}},"5":{"start":{"line":129,"column":0},"end":{"line":129,"column":null}},"6":{"start":{"line":133,"column":0},"end":{"line":142,"column":null}},"7":{"start":{"line":136,"column":0},"end":{"line":136,"column":null}},"8":{"start":{"line":137,"column":0},"end":{"line":137,"column":null}},"9":{"start":{"line":141,"column":0},"end":{"line":141,"column":null}},"10":{"start":{"line":147,"column":0},"end":{"line":147,"column":null}},"11":{"start":{"line":148,"column":0},"end":{"line":148,"column":null}},"12":{"start":{"line":152,"column":0},"end":{"line":157,"column":null}},"13":{"start":{"line":153,"column":0},"end":{"line":153,"column":null}},"14":{"start":{"line":156,"column":0},"end":{"line":156,"column":null}},"15":{"start":{"line":160,"column":0},"end":{"line":165,"column":null}},"16":{"start":{"line":161,"column":0},"end":{"line":161,"column":null}},"17":{"start":{"line":164,"column":0},"end":{"line":164,"column":null}}},"fnMap":{"0":{"name":"(anonymous_1)","decl":{"start":{"line":111,"column":0},"end":{"line":111,"column":null}},"loc":{"start":{"line":111,"column":0},"end":{"line":119,"column":null}}},"1":{"name":"(anonymous_2)","decl":{"start":{"line":122,"column":0},"end":{"line":122,"column":null}},"loc":{"start":{"line":122,"column":0},"end":{"line":131,"column":null}}},"2":{"name":"(anonymous_3)","decl":{"start":{"line":123,"column":0},"end":{"line":123,"column":null}},"loc":{"start":{"line":123,"column":0},"end":{"line":127,"column":null}}},"3":{"name":"(anonymous_4)","decl":{"start":{"line":127,"column":0},"end":{"line":127,"column":null}},"loc":{"start":{"line":127,"column":0},"end":{"line":130,"column":null}}},"4":{"name":"(anonymous_5)","decl":{"start":{"line":132,"column":0},"end":{"line":132,"column":null}},"loc":{"start":{"line":132,"column":0},"end":{"line":143,"column":null}}},"5":{"name":"(anonymous_6)","decl":{"start":{"line":133,"column":0},"end":{"line":133,"column":null}},"loc":{"start":{"line":133,"column":0},"end":{"line":139,"column":null}}},"6":{"name":"(anonymous_7)","decl":{"start":{"line":139,"column":0},"end":{"line":139,"column":null}},"loc":{"start":{"line":139,"column":0},"end":{"line":142,"column":null}}},"7":{"name":"(anonymous_8)","decl":{"start":{"line":145,"column":0},"end":{"line":145,"column":null}},"loc":{"start":{"line":145,"column":0},"end":{"line":149,"column":null}}},"8":{"name":"(anonymous_9)","decl":{"start":{"line":151,"column":0},"end":{"line":151,"column":null}},"loc":{"start":{"line":151,"column":0},"end":{"line":158,"column":null}}},"9":{"name":"(anonymous_10)","decl":{"start":{"line":159,"column":0},"end":{"line":159,"column":null}},"loc":{"start":{"line":159,"column":0},"end":{"line":166,"column":null}}}},"branchMap":{"0":{"loc":{"start":{"line":152,"column":0},"end":{"line":157,"column":null}},"type":"if","locations":[{"start":{"line":152,"column":0},"end":{"line":157,"column":null}},{"start":{"line":152,"column":0},"end":{"line":157,"column":null}}]},"1":{"loc":{"start":{"line":160,"column":0},"end":{"line":165,"column":null}},"type":"if","locations":[{"start":{"line":160,"column":0},"end":{"line":165,"column":null}},{"start":{"line":160,"column":0},"end":{"line":165,"column":null}}]}},"s":{"0":1,"1":1,"2":6,"3":6,"4":6,"5":0,"6":6,"7":6,"8":6,"9":0,"10":6,"11":6,"12":12,"13":10,"14":2,"15":12,"16":10,"17":2},"f":{"0":6,"1":6,"2":6,"3":0,"4":6,"5":6,"6":0,"7":6,"8":12,"9":12},"b":{"0":[10,2],"1":[10,2]}}
,"C:\\Projects\\rowa-dev\\frontend\\src\\views\\Harvest.vue": {"path":"C:\\Projects\\rowa-dev\\frontend\\src\\views\\Harvest.vue","statementMap":{"0":{"start":{"line":154,"column":0},"end":{"line":154,"column":null}},"1":{"start":{"line":155,"column":0},"end":{"line":155,"column":null}},"2":{"start":{"line":156,"column":0},"end":{"line":156,"column":null}},"3":{"start":{"line":157,"column":0},"end":{"line":157,"column":null}},"4":{"start":{"line":158,"column":0},"end":{"line":158,"column":null}},"5":{"start":{"line":169,"column":0},"end":{"line":169,"column":null}},"6":{"start":{"line":181,"column":0},"end":{"line":197,"column":null}},"7":{"start":{"line":189,"column":0},"end":{"line":189,"column":null}},"8":{"start":{"line":196,"column":0},"end":{"line":196,"column":null}},"9":{"start":{"line":201,"column":0},"end":{"line":201,"column":null}},"10":{"start":{"line":202,"column":0},"end":{"line":202,"column":null}},"11":{"start":{"line":203,"column":0},"end":{"line":203,"column":null}},"12":{"start":{"line":204,"column":0},"end":{"line":204,"column":null}},"13":{"start":{"line":208,"column":0},"end":{"line":209,"column":null}},"14":{"start":{"line":212,"column":0},"end":{"line":215,"column":null}},"15":{"start":{"line":214,"column":0},"end":{"line":214,"column":null}},"16":{"start":{"line":218,"column":0},"end":{"line":222,"column":null}},"17":{"start":{"line":221,"column":0},"end":{"line":221,"column":null}},"18":{"start":{"line":225,"column":0},"end":{"line":225,"column":null}},"19":{"start":{"line":227,"column":0},"end":{"line":230,"column":null}},"20":{"start":{"line":229,"column":0},"end":{"line":229,"column":null}},"21":{"start":{"line":235,"column":0},"end":{"line":237,"column":null}},"22":{"start":{"line":236,"column":0},"end":{"line":236,"column":null}},"23":{"start":{"line":242,"column":0},"end":{"line":242,"column":null}}},"fnMap":{"0":{"name":"(anonymous_1)","decl":{"start":{"line":168,"column":0},"end":{"line":168,"column":null}},"loc":{"start":{"line":168,"column":0},"end":{"line":178,"column":null}}},"1":{"name":"(anonymous_2)","decl":{"start":{"line":180,"column":0},"end":{"line":180,"column":null}},"loc":{"start":{"line":180,"column":0},"end":{"line":198,"column":null}}},"2":{"name":"(anonymous_3)","decl":{"start":{"line":182,"column":0},"end":{"line":182,"column":null}},"loc":{"start":{"line":182,"column":0},"end":{"line":194,"column":null}}},"3":{"name":"(anonymous_4)","decl":{"start":{"line":194,"column":0},"end":{"line":194,"column":null}},"loc":{"start":{"line":194,"column":0},"end":{"line":197,"column":null}}},"4":{"name":"(anonymous_5)","decl":{"start":{"line":200,"column":0},"end":{"line":200,"column":null}},"loc":{"start":{"line":200,"column":0},"end":{"line":205,"column":null}}},"5":{"name":"(anonymous_6)","decl":{"start":{"line":207,"column":0},"end":{"line":207,"column":null}},"loc":{"start":{"line":207,"column":0},"end":{"line":216,"column":null}}},"6":{"name":"(anonymous_7)","decl":{"start":{"line":212,"column":0},"end":{"line":212,"column":null}},"loc":{"start":{"line":212,"column":0},"end":{"line":215,"column":null}}},"7":{"name":"(anonymous_8)","decl":{"start":{"line":217,"column":0},"end":{"line":217,"column":null}},"loc":{"start":{"line":217,"column":0},"end":{"line":223,"column":null}}},"8":{"name":"(anonymous_9)","decl":{"start":{"line":218,"column":0},"end":{"line":218,"column":null}},"loc":{"start":{"line":218,"column":0},"end":{"line":222,"column":null}}},"9":{"name":"(anonymous_10)","decl":{"start":{"line":224,"column":0},"end":{"line":224,"column":null}},"loc":{"start":{"line":224,"column":0},"end":{"line":232,"column":null}}},"10":{"name":"(anonymous_11)","decl":{"start":{"line":227,"column":0},"end":{"line":227,"column":null}},"loc":{"start":{"line":227,"column":0},"end":{"line":230,"column":null}}},"11":{"name":"(anonymous_12)","decl":{"start":{"line":234,"column":0},"end":{"line":234,"column":null}},"loc":{"start":{"line":234,"column":0},"end":{"line":238,"column":null}}},"12":{"name":"(anonymous_13)","decl":{"start":{"line":235,"column":0},"end":{"line":235,"column":null}},"loc":{"start":{"line":235,"column":0},"end":{"line":237,"column":null}}},"13":{"name":"(anonymous_14)","decl":{"start":{"line":241,"column":0},"end":{"line":241,"column":null}},"loc":{"start":{"line":241,"column":0},"end":{"line":243,"column":null}}}},"branchMap":{},"s":{"0":0,"1":0,"2":0,"3":0,"4":0,"5":0,"6":0,"7":0,"8":0,"9":0,"10":0,"11":0,"12":0,"13":0,"14":0,"15":0,"16":0,"17":0,"18":0,"19":0,"20":0,"21":0,"22":0,"23":0},"f":{"0":0,"1":0,"2":0,"3":0,"4":0,"5":0,"6":0,"7":0,"8":0,"9":0,"10":0,"11":0,"12":0,"13":0},"b":{}}
,"C:\\Projects\\rowa-dev\\frontend\\src\\views\\Home.vue": {"path":"C:\\Projects\\rowa-dev\\frontend\\src\\views\\Home.vue","statementMap":{"0":{"start":{"line":33,"column":0},"end":{"line":33,"column":null}},"1":{"start":{"line":34,"column":0},"end":{"line":34,"column":null}},"2":{"start":{"line":35,"column":0},"end":{"line":35,"column":null}},"3":{"start":{"line":36,"column":0},"end":{"line":36,"column":null}},"4":{"start":{"line":37,"column":0},"end":{"line":37,"column":null}},"5":{"start":{"line":38,"column":0},"end":{"line":38,"column":null}},"6":{"start":{"line":49,"column":0},"end":{"line":49,"column":null}},"7":{"start":{"line":67,"column":0},"end":{"line":67,"column":null}},"8":{"start":{"line":68,"column":0},"end":{"line":74,"column":null}},"9":{"start":{"line":70,"column":0},"end":{"line":70,"column":null}},"10":{"start":{"line":73,"column":0},"end":{"line":73,"column":null}},"11":{"start":{"line":77,"column":0},"end":{"line":77,"column":null}},"12":{"start":{"line":80,"column":0},"end":{"line":80,"column":null}},"13":{"start":{"line":81,"column":0},"end":{"line":81,"column":null}},"14":{"start":{"line":86,"column":0},"end":{"line":86,"column":null}},"15":{"start":{"line":90,"column":0},"end":{"line":90,"column":null}}},"fnMap":{"0":{"name":"(anonymous_1)","decl":{"start":{"line":48,"column":0},"end":{"line":48,"column":null}},"loc":{"start":{"line":48,"column":0},"end":{"line":63,"column":null}}},"1":{"name":"(anonymous_2)","decl":{"start":{"line":66,"column":0},"end":{"line":66,"column":null}},"loc":{"start":{"line":66,"column":0},"end":{"line":75,"column":null}}},"2":{"name":"(anonymous_3)","decl":{"start":{"line":68,"column":0},"end":{"line":68,"column":null}},"loc":{"start":{"line":68,"column":0},"end":{"line":71,"column":null}}},"3":{"name":"(anonymous_4)","decl":{"start":{"line":71,"column":0},"end":{"line":71,"column":null}},"loc":{"start":{"line":71,"column":0},"end":{"line":74,"column":null}}},"4":{"name":"(anonymous_5)","decl":{"start":{"line":76,"column":0},"end":{"line":76,"column":null}},"loc":{"start":{"line":76,"column":0},"end":{"line":78,"column":null}}},"5":{"name":"(anonymous_6)","decl":{"start":{"line":79,"column":0},"end":{"line":79,"column":null}},"loc":{"start":{"line":79,"column":0},"end":{"line":82,"column":null}}},"6":{"name":"(anonymous_7)","decl":{"start":{"line":84,"column":0},"end":{"line":84,"column":null}},"loc":{"start":{"line":84,"column":0},"end":{"line":88,"column":null}}},"7":{"name":"(anonymous_8)","decl":{"start":{"line":89,"column":0},"end":{"line":89,"column":null}},"loc":{"start":{"line":89,"column":0},"end":{"line":91,"column":null}}}},"branchMap":{},"s":{"0":1,"1":1,"2":1,"3":1,"4":1,"5":1,"6":6,"7":6,"8":6,"9":6,"10":4,"11":1,"12":0,"13":0,"14":6,"15":0},"f":{"0":6,"1":6,"2":6,"3":4,"4":1,"5":0,"6":6,"7":0},"b":{}}
,"C:\\Projects\\rowa-dev\\frontend\\src\\views\\ModuleTypeSettings.vue": {"path":"C:\\Projects\\rowa-dev\\frontend\\src\\views\\ModuleTypeSettings.vue","statementMap":{"0":{"start":{"line":48,"column":0},"end":{"line":48,"column":null}},"1":{"start":{"line":49,"column":0},"end":{"line":49,"column":null}},"2":{"start":{"line":56,"column":0},"end":{"line":56,"column":null}},"3":{"start":{"line":63,"column":0},"end":{"line":63,"column":null}},"4":{"start":{"line":66,"column":0},"end":{"line":75,"column":null}},"5":{"start":{"line":74,"column":0},"end":{"line":74,"column":null}},"6":{"start":{"line":78,"column":0},"end":{"line":85,"column":null}},"7":{"start":{"line":81,"column":0},"end":{"line":81,"column":null}},"8":{"start":{"line":84,"column":0},"end":{"line":84,"column":null}},"9":{"start":{"line":88,"column":0},"end":{"line":97,"column":null}},"10":{"start":{"line":91,"column":0},"end":{"line":93,"column":null}},"11":{"start":{"line":92,"column":0},"end":{"line":92,"column":null}},"12":{"start":{"line":96,"column":0},"end":{"line":96,"column":null}},"13":{"start":{"line":101,"column":0},"end":{"line":101,"column":null}},"14":{"start":{"line":102,"column":0},"end":{"line":102,"column":null}}},"fnMap":{"0":{"name":"(anonymous_1)","decl":{"start":{"line":55,"column":0},"end":{"line":55,"column":null}},"loc":{"start":{"line":55,"column":0},"end":{"line":60,"column":null}}},"1":{"name":"(anonymous_2)","decl":{"start":{"line":62,"column":0},"end":{"line":62,"column":null}},"loc":{"start":{"line":62,"column":0},"end":{"line":64,"column":null}}},"2":{"name":"(anonymous_3)","decl":{"start":{"line":65,"column":0},"end":{"line":65,"column":null}},"loc":{"start":{"line":65,"column":0},"end":{"line":76,"column":null}}},"3":{"name":"(anonymous_4)","decl":{"start":{"line":69,"column":0},"end":{"line":69,"column":null}},"loc":{"start":{"line":69,"column":0},"end":{"line":75,"column":null}}},"4":{"name":"(anonymous_5)","decl":{"start":{"line":77,"column":0},"end":{"line":77,"column":null}},"loc":{"start":{"line":77,"column":0},"end":{"line":86,"column":null}}},"5":{"name":"(anonymous_6)","decl":{"start":{"line":78,"column":0},"end":{"line":78,"column":null}},"loc":{"start":{"line":78,"column":0},"end":{"line":82,"column":null}}},"6":{"name":"(anonymous_7)","decl":{"start":{"line":82,"column":0},"end":{"line":82,"column":null}},"loc":{"start":{"line":82,"column":0},"end":{"line":85,"column":null}}},"7":{"name":"(anonymous_8)","decl":{"start":{"line":87,"column":0},"end":{"line":87,"column":null}},"loc":{"start":{"line":87,"column":0},"end":{"line":98,"column":null}}},"8":{"name":"(anonymous_9)","decl":{"start":{"line":88,"column":0},"end":{"line":88,"column":null}},"loc":{"start":{"line":88,"column":0},"end":{"line":94,"column":null}}},"9":{"name":"(anonymous_10)","decl":{"start":{"line":91,"column":0},"end":{"line":91,"column":null}},"loc":{"start":{"line":91,"column":0},"end":{"line":93,"column":null}}},"10":{"name":"(anonymous_11)","decl":{"start":{"line":94,"column":0},"end":{"line":94,"column":null}},"loc":{"start":{"line":94,"column":0},"end":{"line":97,"column":null}}},"11":{"name":"(anonymous_12)","decl":{"start":{"line":100,"column":0},"end":{"line":100,"column":null}},"loc":{"start":{"line":100,"column":0},"end":{"line":103,"column":null}}}},"branchMap":{},"s":{"0":0,"1":0,"2":0,"3":0,"4":0,"5":0,"6":0,"7":0,"8":0,"9":0,"10":0,"11":0,"12":0,"13":0,"14":0},"f":{"0":0,"1":0,"2":0,"3":0,"4":0,"5":0,"6":0,"7":0,"8":0,"9":0,"10":0,"11":0},"b":{}}
,"C:\\Projects\\rowa-dev\\frontend\\src\\views\\PinAndAdminMenu.vue": {"path":"C:\\Projects\\rowa-dev\\frontend\\src\\views\\PinAndAdminMenu.vue","statementMap":{"0":{"start":{"line":37,"column":0},"end":{"line":37,"column":null}},"1":{"start":{"line":47,"column":0},"end":{"line":47,"column":null}}},"fnMap":{"0":{"name":"(anonymous_1)","decl":{"start":{"line":46,"column":0},"end":{"line":46,"column":null}},"loc":{"start":{"line":46,"column":0},"end":{"line":50,"column":null}}}},"branchMap":{},"s":{"0":0,"1":0},"f":{"0":0},"b":{}}
,"C:\\Projects\\rowa-dev\\frontend\\src\\views\\Plant.vue": {"path":"C:\\Projects\\rowa-dev\\frontend\\src\\views\\Plant.vue","statementMap":{"0":{"start":{"line":218,"column":0},"end":{"line":218,"column":null}},"1":{"start":{"line":219,"column":0},"end":{"line":219,"column":null}},"2":{"start":{"line":220,"column":0},"end":{"line":220,"column":null}},"3":{"start":{"line":221,"column":0},"end":{"line":221,"column":null}},"4":{"start":{"line":222,"column":0},"end":{"line":222,"column":null}},"5":{"start":{"line":232,"column":0},"end":{"line":232,"column":null}},"6":{"start":{"line":242,"column":0},"end":{"line":256,"column":null}},"7":{"start":{"line":249,"column":0},"end":{"line":249,"column":null}},"8":{"start":{"line":255,"column":0},"end":{"line":255,"column":null}},"9":{"start":{"line":260,"column":0},"end":{"line":260,"column":null}},"10":{"start":{"line":261,"column":0},"end":{"line":261,"column":null}},"11":{"start":{"line":262,"column":0},"end":{"line":262,"column":null}},"12":{"start":{"line":266,"column":0},"end":{"line":267,"column":null}},"13":{"start":{"line":270,"column":0},"end":{"line":273,"column":null}},"14":{"start":{"line":272,"column":0},"end":{"line":272,"column":null}},"15":{"start":{"line":276,"column":0},"end":{"line":280,"column":null}},"16":{"start":{"line":279,"column":0},"end":{"line":279,"column":null}},"17":{"start":{"line":283,"column":0},"end":{"line":283,"column":null}},"18":{"start":{"line":285,"column":0},"end":{"line":288,"column":null}},"19":{"start":{"line":287,"column":0},"end":{"line":287,"column":null}},"20":{"start":{"line":291,"column":0},"end":{"line":293,"column":null}},"21":{"start":{"line":292,"column":0},"end":{"line":292,"column":null}},"22":{"start":{"line":298,"column":0},"end":{"line":298,"column":null}}},"fnMap":{"0":{"name":"(anonymous_1)","decl":{"start":{"line":231,"column":0},"end":{"line":231,"column":null}},"loc":{"start":{"line":231,"column":0},"end":{"line":239,"column":null}}},"1":{"name":"(anonymous_2)","decl":{"start":{"line":241,"column":0},"end":{"line":241,"column":null}},"loc":{"start":{"line":241,"column":0},"end":{"line":257,"column":null}}},"2":{"name":"(anonymous_3)","decl":{"start":{"line":244,"column":0},"end":{"line":244,"column":null}},"loc":{"start":{"line":244,"column":0},"end":{"line":253,"column":null}}},"3":{"name":"(anonymous_4)","decl":{"start":{"line":253,"column":0},"end":{"line":253,"column":null}},"loc":{"start":{"line":253,"column":0},"end":{"line":256,"column":null}}},"4":{"name":"(anonymous_5)","decl":{"start":{"line":259,"column":0},"end":{"line":259,"column":null}},"loc":{"start":{"line":259,"column":0},"end":{"line":263,"column":null}}},"5":{"name":"(anonymous_6)","decl":{"start":{"line":265,"column":0},"end":{"line":265,"column":null}},"loc":{"start":{"line":265,"column":0},"end":{"line":274,"column":null}}},"6":{"name":"(anonymous_7)","decl":{"start":{"line":270,"column":0},"end":{"line":270,"column":null}},"loc":{"start":{"line":270,"column":0},"end":{"line":273,"column":null}}},"7":{"name":"(anonymous_8)","decl":{"start":{"line":275,"column":0},"end":{"line":275,"column":null}},"loc":{"start":{"line":275,"column":0},"end":{"line":281,"column":null}}},"8":{"name":"(anonymous_9)","decl":{"start":{"line":276,"column":0},"end":{"line":276,"column":null}},"loc":{"start":{"line":276,"column":0},"end":{"line":280,"column":null}}},"9":{"name":"(anonymous_10)","decl":{"start":{"line":282,"column":0},"end":{"line":282,"column":null}},"loc":{"start":{"line":282,"column":0},"end":{"line":289,"column":null}}},"10":{"name":"(anonymous_11)","decl":{"start":{"line":285,"column":0},"end":{"line":285,"column":null}},"loc":{"start":{"line":285,"column":0},"end":{"line":288,"column":null}}},"11":{"name":"(anonymous_12)","decl":{"start":{"line":290,"column":0},"end":{"line":290,"column":null}},"loc":{"start":{"line":290,"column":0},"end":{"line":294,"column":null}}},"12":{"name":"(anonymous_13)","decl":{"start":{"line":291,"column":0},"end":{"line":291,"column":null}},"loc":{"start":{"line":291,"column":0},"end":{"line":293,"column":null}}},"13":{"name":"(anonymous_14)","decl":{"start":{"line":297,"column":0},"end":{"line":297,"column":null}},"loc":{"start":{"line":297,"column":0},"end":{"line":299,"column":null}}}},"branchMap":{},"s":{"0":0,"1":0,"2":0,"3":0,"4":0,"5":0,"6":0,"7":0,"8":0,"9":0,"10":0,"11":0,"12":0,"13":0,"14":0,"15":0,"16":0,"17":0,"18":0,"19":0,"20":0,"21":0,"22":0},"f":{"0":0,"1":0,"2":0,"3":0,"4":0,"5":0,"6":0,"7":0,"8":0,"9":0,"10":0,"11":0,"12":0,"13":0},"b":{}}
,"C:\\Projects\\rowa-dev\\frontend\\src\\views\\PlantingInstructions.vue": {"path":"C:\\Projects\\rowa-dev\\frontend\\src\\views\\PlantingInstructions.vue","statementMap":{"0":{"start":{"line":19,"column":0},"end":{"line":19,"column":null}},"1":{"start":{"line":23,"column":0},"end":{"line":23,"column":null}},"2":{"start":{"line":30,"column":0},"end":{"line":42,"column":null}},"3":{"start":{"line":36,"column":0},"end":{"line":36,"column":null}},"4":{"start":{"line":40,"column":0},"end":{"line":40,"column":null}},"5":{"start":{"line":46,"column":0},"end":{"line":46,"column":null}}},"fnMap":{"0":{"name":"(anonymous_1)","decl":{"start":{"line":22,"column":0},"end":{"line":22,"column":null}},"loc":{"start":{"line":22,"column":0},"end":{"line":26,"column":null}}},"1":{"name":"(anonymous_2)","decl":{"start":{"line":29,"column":0},"end":{"line":29,"column":null}},"loc":{"start":{"line":29,"column":0},"end":{"line":43,"column":null}}},"2":{"name":"(anonymous_3)","decl":{"start":{"line":32,"column":0},"end":{"line":32,"column":null}},"loc":{"start":{"line":32,"column":0},"end":{"line":37,"column":null}}},"3":{"name":"(anonymous_4)","decl":{"start":{"line":37,"column":0},"end":{"line":37,"column":null}},"loc":{"start":{"line":37,"column":0},"end":{"line":42,"column":null}}},"4":{"name":"(anonymous_5)","decl":{"start":{"line":45,"column":0},"end":{"line":45,"column":null}},"loc":{"start":{"line":45,"column":0},"end":{"line":47,"column":null}}}},"branchMap":{},"s":{"0":0,"1":0,"2":0,"3":0,"4":0,"5":0},"f":{"0":0,"1":0,"2":0,"3":0,"4":0},"b":{}}
}
