{"C:\\Projects\\rowa-dev\\frontend\\babel.config.js": {"path":"C:\\Projects\\rowa-dev\\frontend\\babel.config.js","statementMap":{"0":{"start":{"line":1,"column":0},"end":{"line":5,"column":1}}},"fnMap":{},"branchMap":{},"s":{"0":0},"f":{},"b":{}}
,"C:\\Projects\\rowa-dev\\frontend\\postcss.config.js": {"path":"C:\\Projects\\rowa-dev\\frontend\\postcss.config.js","statementMap":{"0":{"start":{"line":1,"column":0},"end":{"line":5,"column":1}}},"fnMap":{},"branchMap":{},"s":{"0":0},"f":{},"b":{}}
,"C:\\Projects\\rowa-dev\\frontend\\vue.config.js": {"path":"C:\\Projects\\rowa-dev\\frontend\\vue.config.js","statementMap":{"0":{"start":{"line":1,"column":0},"end":{"line":6,"column":1}}},"fnMap":{},"branchMap":{},"s":{"0":0},"f":{},"b":{}}
,"C:\\Projects\\rowa-dev\\frontend\\dist\\js\\webpack:\\src\\App.vue": {"path":"C:\\Projects\\rowa-dev\\frontend\\dist\\js\\webpack:\\src\\App.vue","statementMap":{"0":{"start":{"line":8,"column":0},"end":{"line":12,"column":2}},"1":{"start":{"line":12,"column":4},"end":{"line":12,"column":2}},"2":{"start":{"line":9,"column":4},"end":{"line":9,"column":null}},"3":{"start":{"line":9,"column":16},"end":{"line":16,"column":null}},"4":{"start":{"line":20,"column":15},"end":{"line":20,"column":null}},"5":{"start":{"line":25,"column":0},"end":{"line":25,"column":null}}},"fnMap":{"0":{"name":"(anonymous_36)","decl":{"start":{"line":12,"column":0},"end":{"line":12,"column":2}},"loc":{"start":{"line":12,"column":0},"end":{"line":12,"column":2}}}},"branchMap":{},"s":{"0":0,"1":0,"2":0,"3":0,"4":0,"5":0},"f":{"0":0},"b":{}}
,"C:\\Projects\\rowa-dev\\frontend\\dist\\js\\webpack:\\src\\App.vue?5d3f": {"path":"C:\\Projects\\rowa-dev\\frontend\\dist\\js\\webpack:\\src\\App.vue?5d3f","statementMap":{"0":{"start":{"line":1,"column":428},"end":{"line":1,"column":null}}},"fnMap":{},"branchMap":{},"s":{"0":0},"f":{},"b":{}}
,"C:\\Projects\\rowa-dev\\frontend\\dist\\js\\webpack:\\src\\App.vue?6318": {"path":"C:\\Projects\\rowa-dev\\frontend\\dist\\js\\webpack:\\src\\App.vue?6318","statementMap":{"0":{"start":{"line":1,"column":4},"end":{"line":1,"column":13}},"1":{"start":{"line":1,"column":13},"end":{"line":1,"column":null}},"2":{"start":{"line":1,"column":34},"end":{"line":1,"column":43}},"3":{"start":{"line":1,"column":46},"end":{"line":1,"column":69}},"4":{"start":{"line":1,"column":72},"end":{"line":1,"column":89}},"5":{"start":{"line":1,"column":89},"end":{"line":1,"column":null}},"6":{"start":{"line":2,"column":22},"end":{"line":2,"column":null}}},"fnMap":{"0":{"name":"(anonymous_28)","decl":{"start":{"line":1,"column":4},"end":{"line":1,"column":13}},"loc":{"start":{"line":1,"column":4},"end":{"line":1,"column":13}}},"1":{"name":"(anonymous_35)","decl":{"start":{"line":1,"column":13},"end":{"line":1,"column":26}},"loc":{"start":{"line":1,"column":13},"end":{"line":1,"column":null}}}},"branchMap":{"0":{"loc":{"start":{"line":1,"column":72},"end":{"line":1,"column":86}},"type":"binary-expr","locations":[{"start":{"line":1,"column":72},"end":{"line":1,"column":86}},{"start":{"line":1,"column":86},"end":{"line":1,"column":89}}]}},"s":{"0":0,"1":0,"2":0,"3":0,"4":0,"5":0,"6":0},"f":{"0":0,"1":0},"b":{"0":[0,0]}}
,"C:\\Projects\\rowa-dev\\frontend\\dist\\js\\webpack:\\src\\App.vue?f495": {"path":"C:\\Projects\\rowa-dev\\frontend\\dist\\js\\webpack:\\src\\App.vue?f495","statementMap":{"0":{"start":{"line":1,"column":0},"end":{"line":1,"column":605}},"1":{"start":{"line":1,"column":605},"end":{"line":1,"column":null}}},"fnMap":{"0":{"name":"(anonymous_21)","decl":{"start":{"line":1,"column":0},"end":{"line":1,"column":605}},"loc":{"start":{"line":1,"column":0},"end":{"line":1,"column":605}}}},"branchMap":{},"s":{"0":0,"1":0},"f":{"0":0},"b":{}}
,"C:\\Projects\\rowa-dev\\frontend\\dist\\js\\webpack:\\src\\main.js": {"path":"C:\\Projects\\rowa-dev\\frontend\\dist\\js\\webpack:\\src\\main.js","statementMap":{"0":{"start":{"line":8,"column":0},"end":{"line":8,"column":4}},"1":{"start":{"line":8,"column":0},"end":{"line":17,"column":null}},"2":{"start":{"line":16,"column":11},"end":{"line":16,"column":null}}},"fnMap":{"0":{"name":"(anonymous_109)","decl":{"start":{"line":16,"column":10},"end":{"line":16,"column":11}},"loc":{"start":{"line":16,"column":10},"end":{"line":16,"column":null}}}},"branchMap":{},"s":{"0":0,"1":0,"2":0},"f":{"0":0},"b":{}}
,"C:\\Projects\\rowa-dev\\frontend\\dist\\js\\webpack:\\src\\assets\\cat_tree\\modules\\Module.svg": {"path":"C:\\Projects\\rowa-dev\\frontend\\dist\\js\\webpack:\\src\\assets\\cat_tree\\modules\\Module.svg","statementMap":{"0":{"start":{"line":1,"column":0},"end":{"line":1,"column":null}}},"fnMap":{"0":{"name":"(anonymous_133)","decl":{"start":{"line":1,"column":0},"end":{"line":1,"column":7}},"loc":{"start":{"line":1,"column":0},"end":{"line":1,"column":7}}}},"branchMap":{},"s":{"0":0},"f":{"0":0},"b":{}}
,"C:\\Projects\\rowa-dev\\frontend\\dist\\js\\webpack:\\src\\assets\\cat_tree\\modules\\basil.svg": {"path":"C:\\Projects\\rowa-dev\\frontend\\dist\\js\\webpack:\\src\\assets\\cat_tree\\modules\\basil.svg","statementMap":{"0":{"start":{"line":1,"column":0},"end":{"line":1,"column":null}}},"fnMap":{"0":{"name":"(anonymous_141)","decl":{"start":{"line":1,"column":0},"end":{"line":1,"column":7}},"loc":{"start":{"line":1,"column":0},"end":{"line":1,"column":7}}}},"branchMap":{},"s":{"0":0},"f":{"0":0},"b":{}}
,"C:\\Projects\\rowa-dev\\frontend\\dist\\js\\webpack:\\src\\assets\\cat_tree\\modules\\lettuce.svg": {"path":"C:\\Projects\\rowa-dev\\frontend\\dist\\js\\webpack:\\src\\assets\\cat_tree\\modules\\lettuce.svg","statementMap":{"0":{"start":{"line":1,"column":0},"end":{"line":1,"column":null}}},"fnMap":{"0":{"name":"(anonymous_138)","decl":{"start":{"line":1,"column":0},"end":{"line":1,"column":7}},"loc":{"start":{"line":1,"column":0},"end":{"line":1,"column":null}}}},"branchMap":{},"s":{"0":0},"f":{"0":0},"b":{}}
,"C:\\Projects\\rowa-dev\\frontend\\dist\\js\\webpack:\\src\\assets\\cat_tree\\modules sync ^\\.*\\.svg$": {"path":"C:\\Projects\\rowa-dev\\frontend\\dist\\js\\webpack:\\src\\assets\\cat_tree\\modules sync ^\\.*\\.svg$","statementMap":{"0":{"start":{"line":1,"column":10},"end":{"line":4,"column":null}},"1":{"start":{"line":9,"column":10},"end":{"line":9,"column":null}},"2":{"start":{"line":10,"column":1},"end":{"line":10,"column":null}},"3":{"start":{"line":13,"column":1},"end":{"line":16,"column":null}},"4":{"start":{"line":14,"column":10},"end":{"line":14,"column":null}},"5":{"start":{"line":16,"column":2},"end":{"line":16,"column":null}},"6":{"start":{"line":18,"column":1},"end":{"line":18,"column":null}},"7":{"start":{"line":20,"column":0},"end":{"line":25,"column":null}},"8":{"start":{"line":21,"column":1},"end":{"line":21,"column":null}}},"fnMap":{"0":{"name":"(anonymous_129)","decl":{"start":{"line":1,"column":0},"end":{"line":1,"column":4}},"loc":{"start":{"line":1,"column":0},"end":{"line":25,"column":null}}},"1":{"name":"r","decl":{"start":{"line":8,"column":9},"end":{"line":8,"column":24}},"loc":{"start":{"line":8,"column":24},"end":{"line":10,"column":null}}},"2":{"name":"o","decl":{"start":{"line":12,"column":9},"end":{"line":12,"column":31}},"loc":{"start":{"line":12,"column":31},"end":{"line":18,"column":null}}},"3":{"name":"(anonymous_132)","decl":{"start":{"line":20,"column":22},"end":{"line":20,"column":null}},"loc":{"start":{"line":20,"column":22},"end":{"line":21,"column":null}}}},"branchMap":{"0":{"loc":{"start":{"line":13,"column":1},"end":{"line":16,"column":null}},"type":"if","locations":[{"start":{"line":13,"column":1},"end":{"line":16,"column":null}},{"start":{"line":13,"column":1},"end":{"line":16,"column":null}}]}},"s":{"0":0,"1":0,"2":0,"3":0,"4":0,"5":0,"6":0,"7":0,"8":0},"f":{"0":0,"1":0,"2":0,"3":0},"b":{"0":[0,0]}}
,"C:\\Projects\\rowa-dev\\frontend\\dist\\js\\webpack:\\src\\assets\\harvesting\\InsertInstructions.svg": {"path":"C:\\Projects\\rowa-dev\\frontend\\dist\\js\\webpack:\\src\\assets\\harvesting\\InsertInstructions.svg","statementMap":{"0":{"start":{"line":1,"column":0},"end":{"line":1,"column":null}}},"fnMap":{"0":{"name":"(anonymous_18)","decl":{"start":{"line":1,"column":0},"end":{"line":1,"column":7}},"loc":{"start":{"line":1,"column":0},"end":{"line":1,"column":7}}}},"branchMap":{},"s":{"0":0},"f":{"0":0},"b":{}}
,"C:\\Projects\\rowa-dev\\frontend\\dist\\js\\webpack:\\src\\assets\\harvesting\\InsertionInstructions.svg": {"path":"C:\\Projects\\rowa-dev\\frontend\\dist\\js\\webpack:\\src\\assets\\harvesting\\InsertionInstructions.svg","statementMap":{"0":{"start":{"line":1,"column":0},"end":{"line":1,"column":null}}},"fnMap":{"0":{"name":"(anonymous_0)","decl":{"start":{"line":1,"column":0},"end":{"line":1,"column":7}},"loc":{"start":{"line":1,"column":0},"end":{"line":1,"column":7}}}},"branchMap":{"0":{"loc":{"start":{"line":1,"column":0},"end":{"line":1,"column":7}},"type":"binary-expr","locations":[{"start":{"line":1,"column":0},"end":{"line":1,"column":7}},{"start":{"line":1,"column":0},"end":{"line":1,"column":7}}]}},"s":{"0":0},"f":{"0":0},"b":{"0":[0,0]}}
,"C:\\Projects\\rowa-dev\\frontend\\dist\\js\\webpack:\\src\\assets\\harvesting\\MoveInstructions.svg": {"path":"C:\\Projects\\rowa-dev\\frontend\\dist\\js\\webpack:\\src\\assets\\harvesting\\MoveInstructions.svg","statementMap":{"0":{"start":{"line":1,"column":0},"end":{"line":1,"column":null}}},"fnMap":{"0":{"name":"(anonymous_0)","decl":{"start":{"line":1,"column":0},"end":{"line":1,"column":7}},"loc":{"start":{"line":1,"column":0},"end":{"line":1,"column":null}}}},"branchMap":{"0":{"loc":{"start":{"line":1,"column":0},"end":{"line":1,"column":7}},"type":"binary-expr","locations":[{"start":{"line":1,"column":0},"end":{"line":1,"column":7}},{"start":{"line":1,"column":0},"end":{"line":1,"column":7}}]}},"s":{"0":0},"f":{"0":0},"b":{"0":[0,0]}}
,"C:\\Projects\\rowa-dev\\frontend\\dist\\js\\webpack:\\src\\assets\\harvesting\\Pot.svg": {"path":"C:\\Projects\\rowa-dev\\frontend\\dist\\js\\webpack:\\src\\assets\\harvesting\\Pot.svg","statementMap":{"0":{"start":{"line":1,"column":0},"end":{"line":1,"column":null}}},"fnMap":{"0":{"name":"(anonymous_55)","decl":{"start":{"line":1,"column":0},"end":{"line":1,"column":7}},"loc":{"start":{"line":1,"column":0},"end":{"line":1,"column":null}}}},"branchMap":{},"s":{"0":0},"f":{"0":0},"b":{}}
,"C:\\Projects\\rowa-dev\\frontend\\dist\\js\\webpack:\\src\\assets\\harvesting\\arrow.svg": {"path":"C:\\Projects\\rowa-dev\\frontend\\dist\\js\\webpack:\\src\\assets\\harvesting\\arrow.svg","statementMap":{"0":{"start":{"line":1,"column":0},"end":{"line":1,"column":null}}},"fnMap":{"0":{"name":"(anonymous_8)","decl":{"start":{"line":1,"column":0},"end":{"line":1,"column":7}},"loc":{"start":{"line":1,"column":0},"end":{"line":1,"column":null}}}},"branchMap":{},"s":{"0":0},"f":{"0":0},"b":{}}
,"C:\\Projects\\rowa-dev\\frontend\\dist\\js\\webpack:\\src\\assets\\harvesting\\confetti.svg": {"path":"C:\\Projects\\rowa-dev\\frontend\\dist\\js\\webpack:\\src\\assets\\harvesting\\confetti.svg","statementMap":{"0":{"start":{"line":1,"column":0},"end":{"line":1,"column":null}}},"fnMap":{"0":{"name":"(anonymous_16)","decl":{"start":{"line":1,"column":0},"end":{"line":1,"column":7}},"loc":{"start":{"line":1,"column":0},"end":{"line":1,"column":7}}}},"branchMap":{},"s":{"0":0},"f":{"0":0},"b":{}}
,"C:\\Projects\\rowa-dev\\frontend\\dist\\js\\webpack:\\src\\assets\\harvesting\\lettuce.png": {"path":"C:\\Projects\\rowa-dev\\frontend\\dist\\js\\webpack:\\src\\assets\\harvesting\\lettuce.png","statementMap":{"0":{"start":{"line":1,"column":0},"end":{"line":1,"column":null}}},"fnMap":{"0":{"name":"(anonymous_23)","decl":{"start":{"line":1,"column":0},"end":{"line":1,"column":7}},"loc":{"start":{"line":1,"column":0},"end":{"line":1,"column":7}}}},"branchMap":{},"s":{"0":0},"f":{"0":0},"b":{}}
,"C:\\Projects\\rowa-dev\\frontend\\dist\\js\\webpack:\\src\\assets\\harvesting\\pickoutInstructions.svg": {"path":"C:\\Projects\\rowa-dev\\frontend\\dist\\js\\webpack:\\src\\assets\\harvesting\\pickoutInstructions.svg","statementMap":{"0":{"start":{"line":1,"column":0},"end":{"line":1,"column":null}}},"fnMap":{"0":{"name":"(anonymous_22)","decl":{"start":{"line":1,"column":0},"end":{"line":1,"column":7}},"loc":{"start":{"line":1,"column":0},"end":{"line":1,"column":null}}}},"branchMap":{},"s":{"0":0},"f":{"0":0},"b":{}}
,"C:\\Projects\\rowa-dev\\frontend\\dist\\js\\webpack:\\src\\assets\\harvesting\\rockwool.svg": {"path":"C:\\Projects\\rowa-dev\\frontend\\dist\\js\\webpack:\\src\\assets\\harvesting\\rockwool.svg","statementMap":{"0":{"start":{"line":1,"column":0},"end":{"line":1,"column":null}}},"fnMap":{"0":{"name":"(anonymous_13)","decl":{"start":{"line":1,"column":0},"end":{"line":1,"column":7}},"loc":{"start":{"line":1,"column":0},"end":{"line":1,"column":7}}}},"branchMap":{},"s":{"0":0},"f":{"0":0},"b":{}}
,"C:\\Projects\\rowa-dev\\frontend\\dist\\js\\webpack:\\src\\assets\\harvesting\\WhereToHarvest\\ModulewithLettucePos3.svg": {"path":"C:\\Projects\\rowa-dev\\frontend\\dist\\js\\webpack:\\src\\assets\\harvesting\\WhereToHarvest\\ModulewithLettucePos3.svg","statementMap":{"0":{"start":{"line":1,"column":0},"end":{"line":1,"column":null}}},"fnMap":{"0":{"name":"(anonymous_9)","decl":{"start":{"line":1,"column":0},"end":{"line":1,"column":7}},"loc":{"start":{"line":1,"column":0},"end":{"line":1,"column":null}}}},"branchMap":{},"s":{"0":0},"f":{"0":0},"b":{}}
,"C:\\Projects\\rowa-dev\\frontend\\dist\\js\\webpack:\\src\\assets\\harvesting\\WhereToHarvest\\ModulewithLettucePos4.svg": {"path":"C:\\Projects\\rowa-dev\\frontend\\dist\\js\\webpack:\\src\\assets\\harvesting\\WhereToHarvest\\ModulewithLettucePos4.svg","statementMap":{"0":{"start":{"line":1,"column":0},"end":{"line":1,"column":null}}},"fnMap":{"0":{"name":"(anonymous_4)","decl":{"start":{"line":1,"column":0},"end":{"line":1,"column":7}},"loc":{"start":{"line":1,"column":0},"end":{"line":1,"column":7}}}},"branchMap":{},"s":{"0":0},"f":{"0":0},"b":{}}
,"C:\\Projects\\rowa-dev\\frontend\\dist\\js\\webpack:\\src\\assets\\harvesting\\WhereToHarvest\\ModulewithLettucePos5.svg": {"path":"C:\\Projects\\rowa-dev\\frontend\\dist\\js\\webpack:\\src\\assets\\harvesting\\WhereToHarvest\\ModulewithLettucePos5.svg","statementMap":{"0":{"start":{"line":1,"column":0},"end":{"line":1,"column":null}}},"fnMap":{"0":{"name":"(anonymous_19)","decl":{"start":{"line":1,"column":0},"end":{"line":1,"column":7}},"loc":{"start":{"line":1,"column":0},"end":{"line":1,"column":null}}}},"branchMap":{},"s":{"0":0},"f":{"0":0},"b":{}}
,"C:\\Projects\\rowa-dev\\frontend\\dist\\js\\webpack:\\src\\assets\\harvesting\\WhereToHarvest\\ModulewithLettucePos6.svg": {"path":"C:\\Projects\\rowa-dev\\frontend\\dist\\js\\webpack:\\src\\assets\\harvesting\\WhereToHarvest\\ModulewithLettucePos6.svg","statementMap":{"0":{"start":{"line":1,"column":0},"end":{"line":1,"column":null}}},"fnMap":{"0":{"name":"(anonymous_2)","decl":{"start":{"line":1,"column":0},"end":{"line":1,"column":7}},"loc":{"start":{"line":1,"column":0},"end":{"line":1,"column":null}}}},"branchMap":{},"s":{"0":0},"f":{"0":0},"b":{}}
,"C:\\Projects\\rowa-dev\\frontend\\dist\\js\\webpack:\\src\\assets\\harvesting\\WhereToHarvest sync ^\\ModulewithLettucePos.*\\.svg$": {"path":"C:\\Projects\\rowa-dev\\frontend\\dist\\js\\webpack:\\src\\assets\\harvesting\\WhereToHarvest sync ^\\ModulewithLettucePos.*\\.svg$","statementMap":{"0":{"start":{"line":1,"column":10},"end":{"line":5,"column":null}},"1":{"start":{"line":10,"column":10},"end":{"line":10,"column":null}},"2":{"start":{"line":11,"column":1},"end":{"line":11,"column":null}},"3":{"start":{"line":14,"column":1},"end":{"line":17,"column":null}},"4":{"start":{"line":15,"column":10},"end":{"line":15,"column":null}},"5":{"start":{"line":17,"column":2},"end":{"line":17,"column":null}},"6":{"start":{"line":19,"column":1},"end":{"line":19,"column":null}},"7":{"start":{"line":21,"column":0},"end":{"line":26,"column":null}},"8":{"start":{"line":22,"column":1},"end":{"line":22,"column":null}}},"fnMap":{"0":{"name":"(anonymous_14)","decl":{"start":{"line":1,"column":0},"end":{"line":1,"column":4}},"loc":{"start":{"line":1,"column":0},"end":{"line":26,"column":null}}},"1":{"name":"r","decl":{"start":{"line":9,"column":9},"end":{"line":9,"column":24}},"loc":{"start":{"line":9,"column":24},"end":{"line":11,"column":null}}},"2":{"name":"a","decl":{"start":{"line":13,"column":9},"end":{"line":13,"column":31}},"loc":{"start":{"line":13,"column":31},"end":{"line":19,"column":null}}},"3":{"name":"(anonymous_17)","decl":{"start":{"line":21,"column":22},"end":{"line":21,"column":null}},"loc":{"start":{"line":21,"column":22},"end":{"line":22,"column":null}}}},"branchMap":{"0":{"loc":{"start":{"line":14,"column":1},"end":{"line":17,"column":null}},"type":"if","locations":[{"start":{"line":14,"column":1},"end":{"line":17,"column":null}},{"start":{"line":14,"column":1},"end":{"line":17,"column":null}}]}},"s":{"0":0,"1":0,"2":0,"3":0,"4":0,"5":0,"6":0,"7":0,"8":0},"f":{"0":0,"1":0,"2":0,"3":0},"b":{"0":[0,0]}}
,"C:\\Projects\\rowa-dev\\frontend\\dist\\js\\webpack:\\src\\assets\\harvesting\\plants\\Basil.png": {"path":"C:\\Projects\\rowa-dev\\frontend\\dist\\js\\webpack:\\src\\assets\\harvesting\\plants\\Basil.png","statementMap":{"0":{"start":{"line":1,"column":0},"end":{"line":1,"column":null}}},"fnMap":{"0":{"name":"(anonymous_5)","decl":{"start":{"line":1,"column":0},"end":{"line":1,"column":7}},"loc":{"start":{"line":1,"column":0},"end":{"line":1,"column":null}}}},"branchMap":{},"s":{"0":0},"f":{"0":0},"b":{}}
,"C:\\Projects\\rowa-dev\\frontend\\dist\\js\\webpack:\\src\\assets\\harvesting\\plants\\Lettuce.png": {"path":"C:\\Projects\\rowa-dev\\frontend\\dist\\js\\webpack:\\src\\assets\\harvesting\\plants\\Lettuce.png","statementMap":{"0":{"start":{"line":1,"column":0},"end":{"line":1,"column":null}}},"fnMap":{"0":{"name":"(anonymous_56)","decl":{"start":{"line":1,"column":0},"end":{"line":1,"column":7}},"loc":{"start":{"line":1,"column":0},"end":{"line":1,"column":null}}}},"branchMap":{},"s":{"0":0},"f":{"0":0},"b":{}}
,"C:\\Projects\\rowa-dev\\frontend\\dist\\js\\webpack:\\src\\assets\\harvesting\\plants sync ^\\.*\\.png$": {"path":"C:\\Projects\\rowa-dev\\frontend\\dist\\js\\webpack:\\src\\assets\\harvesting\\plants sync ^\\.*\\.png$","statementMap":{"0":{"start":{"line":1,"column":10},"end":{"line":3,"column":null}},"1":{"start":{"line":8,"column":10},"end":{"line":8,"column":null}},"2":{"start":{"line":9,"column":1},"end":{"line":9,"column":null}},"3":{"start":{"line":12,"column":1},"end":{"line":15,"column":null}},"4":{"start":{"line":13,"column":10},"end":{"line":13,"column":null}},"5":{"start":{"line":15,"column":2},"end":{"line":15,"column":null}},"6":{"start":{"line":17,"column":1},"end":{"line":17,"column":null}},"7":{"start":{"line":19,"column":0},"end":{"line":24,"column":null}},"8":{"start":{"line":20,"column":1},"end":{"line":20,"column":null}}},"fnMap":{"0":{"name":"(anonymous_9)","decl":{"start":{"line":1,"column":0},"end":{"line":1,"column":4}},"loc":{"start":{"line":1,"column":0},"end":{"line":24,"column":null}}},"1":{"name":"r","decl":{"start":{"line":7,"column":9},"end":{"line":7,"column":24}},"loc":{"start":{"line":7,"column":24},"end":{"line":9,"column":null}}},"2":{"name":"s","decl":{"start":{"line":11,"column":9},"end":{"line":11,"column":31}},"loc":{"start":{"line":11,"column":31},"end":{"line":17,"column":null}}},"3":{"name":"(anonymous_12)","decl":{"start":{"line":19,"column":22},"end":{"line":19,"column":null}},"loc":{"start":{"line":19,"column":22},"end":{"line":20,"column":null}}}},"branchMap":{"0":{"loc":{"start":{"line":12,"column":1},"end":{"line":15,"column":null}},"type":"if","locations":[{"start":{"line":12,"column":1},"end":{"line":15,"column":null}},{"start":{"line":12,"column":1},"end":{"line":15,"column":null}}]}},"s":{"0":0,"1":0,"2":0,"3":0,"4":0,"5":0,"6":0,"7":0,"8":0},"f":{"0":0,"1":0,"2":0,"3":0},"b":{"0":[0,0]}}
,"C:\\Projects\\rowa-dev\\frontend\\dist\\js\\webpack:\\src\\assets\\main\\rectangle_28.svg": {"path":"C:\\Projects\\rowa-dev\\frontend\\dist\\js\\webpack:\\src\\assets\\main\\rectangle_28.svg","statementMap":{"0":{"start":{"line":1,"column":0},"end":{"line":1,"column":null}}},"fnMap":{"0":{"name":"(anonymous_128)","decl":{"start":{"line":1,"column":0},"end":{"line":1,"column":7}},"loc":{"start":{"line":1,"column":0},"end":{"line":1,"column":null}}}},"branchMap":{},"s":{"0":0},"f":{"0":0},"b":{}}
,"C:\\Projects\\rowa-dev\\frontend\\dist\\js\\webpack:\\src\\components\\VGrid\\VSpacer.ts": {"path":"C:\\Projects\\rowa-dev\\frontend\\dist\\js\\webpack:\\src\\components\\VGrid\\VSpacer.ts","statementMap":{"0":{"start":{"line":4,"column":15},"end":{"line":4,"column":38}},"1":{"start":{"line":4,"column":15},"end":{"line":9,"column":3}}},"fnMap":{},"branchMap":{},"s":{"0":0,"1":0},"f":{},"b":{}}
,"C:\\Projects\\rowa-dev\\frontend\\dist\\js\\webpack:\\src\\components\\farming\\harvesting\\Harvest_1.vue": {"path":"C:\\Projects\\rowa-dev\\frontend\\dist\\js\\webpack:\\src\\components\\farming\\harvesting\\Harvest_1.vue","statementMap":{"0":{"start":{"line":21,"column":0},"end":{"line":54,"column":4}},"1":{"start":{"line":28,"column":4},"end":{"line":30,"column":6}},"2":{"start":{"line":37,"column":6},"end":{"line":39,"column":3}},"3":{"start":{"line":40,"column":6},"end":{"line":42,"column":3}},"4":{"start":{"line":42,"column":0},"end":{"line":42,"column":4}},"5":{"start":{"line":43,"column":6},"end":{"line":48,"column":8}},"6":{"start":{"line":45,"column":8},"end":{"line":47,"column":-1}},"7":{"start":{"line":48,"column":8},"end":{"line":52,"column":1}},"8":{"start":{"line":54,"column":4},"end":{"line":1,"column":487}},"9":{"start":{"line":9,"column":4},"end":{"line":9,"column":null}},"10":{"start":{"line":9,"column":16},"end":{"line":16,"column":null}},"11":{"start":{"line":20,"column":15},"end":{"line":20,"column":null}},"12":{"start":{"line":27,"column":0},"end":{"line":27,"column":null}}},"fnMap":{"0":{"name":"(anonymous_39)","decl":{"start":{"line":21,"column":0},"end":{"line":21,"column":null}},"loc":{"start":{"line":21,"column":0},"end":{"line":30,"column":6}}},"1":{"name":"(anonymous_40)","decl":{"start":{"line":35,"column":0},"end":{"line":35,"column":2}},"loc":{"start":{"line":36,"column":0},"end":{"line":37,"column":6}}},"2":{"name":"(anonymous_42)","decl":{"start":{"line":42,"column":0},"end":{"line":42,"column":4}},"loc":{"start":{"line":42,"column":0},"end":{"line":48,"column":8}}},"3":{"name":"(anonymous_43)","decl":{"start":{"line":44,"column":0},"end":{"line":44,"column":null}},"loc":{"start":{"line":44,"column":0},"end":{"line":45,"column":8}}},"4":{"name":"(anonymous_44)","decl":{"start":{"line":47,"column":0},"end":{"line":47,"column":null}},"loc":{"start":{"line":47,"column":0},"end":{"line":48,"column":8}}}},"branchMap":{},"s":{"0":0,"1":0,"2":0,"3":0,"4":0,"5":0,"6":0,"7":0,"8":0,"9":0,"10":0,"11":0,"12":0},"f":{"0":0,"1":0,"2":0,"3":0,"4":0},"b":{}}
,"C:\\Projects\\rowa-dev\\frontend\\dist\\js\\webpack:\\src\\components\\farming\\harvesting\\Harvest_1.vue?9f86": {"path":"C:\\Projects\\rowa-dev\\frontend\\dist\\js\\webpack:\\src\\components\\farming\\harvesting\\Harvest_1.vue?9f86","statementMap":{"0":{"start":{"line":1,"column":4},"end":{"line":1,"column":13}},"1":{"start":{"line":1,"column":13},"end":{"line":1,"column":null}},"2":{"start":{"line":1,"column":34},"end":{"line":1,"column":43}},"3":{"start":{"line":1,"column":46},"end":{"line":1,"column":69}},"4":{"start":{"line":1,"column":72},"end":{"line":1,"column":89}},"5":{"start":{"line":1,"column":89},"end":{"line":1,"column":null}},"6":{"start":{"line":1,"column":187},"end":{"line":1,"column":599}},"7":{"start":{"line":1,"column":317},"end":{"line":1,"column":366}},"8":{"start":{"line":2,"column":22},"end":{"line":2,"column":null}}},"fnMap":{"0":{"name":"(anonymous_36)","decl":{"start":{"line":1,"column":13},"end":{"line":1,"column":26}},"loc":{"start":{"line":1,"column":13},"end":{"line":1,"column":null}}},"1":{"name":"(anonymous_37)","decl":{"start":{"line":1,"column":172},"end":{"line":1,"column":181}},"loc":{"start":{"line":1,"column":181},"end":{"line":1,"column":599}}},"2":{"name":"(anonymous_38)","decl":{"start":{"line":1,"column":300},"end":{"line":1,"column":309}},"loc":{"start":{"line":1,"column":309},"end":{"line":1,"column":366}}}},"branchMap":{"0":{"loc":{"start":{"line":1,"column":72},"end":{"line":1,"column":86}},"type":"binary-expr","locations":[{"start":{"line":1,"column":72},"end":{"line":1,"column":86}},{"start":{"line":1,"column":86},"end":{"line":1,"column":89}}]}},"s":{"0":0,"1":0,"2":0,"3":0,"4":0,"5":0,"6":0,"7":0,"8":0},"f":{"0":0,"1":0,"2":0},"b":{"0":[0,0]}}
,"C:\\Projects\\rowa-dev\\frontend\\dist\\js\\webpack:\\src\\components\\farming\\harvesting\\Harvest_1.vue?d63e": {"path":"C:\\Projects\\rowa-dev\\frontend\\dist\\js\\webpack:\\src\\components\\farming\\harvesting\\Harvest_1.vue?d63e","statementMap":{"0":{"start":{"line":1,"column":488},"end":{"line":1,"column":null}}},"fnMap":{},"branchMap":{},"s":{"0":0},"f":{},"b":{}}
,"C:\\Projects\\rowa-dev\\frontend\\dist\\js\\webpack:\\src\\components\\farming\\harvesting\\Harvest_1.vue?ea25": {"path":"C:\\Projects\\rowa-dev\\frontend\\dist\\js\\webpack:\\src\\components\\farming\\harvesting\\Harvest_1.vue?ea25","statementMap":{"0":{"start":{"line":1,"column":0},"end":{"line":1,"column":698}},"1":{"start":{"line":1,"column":698},"end":{"line":1,"column":null}}},"fnMap":{"0":{"name":"(anonymous_7)","decl":{"start":{"line":1,"column":0},"end":{"line":1,"column":698}},"loc":{"start":{"line":1,"column":0},"end":{"line":1,"column":698}}}},"branchMap":{},"s":{"0":0,"1":0},"f":{"0":0},"b":{}}
,"C:\\Projects\\rowa-dev\\frontend\\dist\\js\\webpack:\\src\\components\\farming\\harvesting\\Harvest_2.vue": {"path":"C:\\Projects\\rowa-dev\\frontend\\dist\\js\\webpack:\\src\\components\\farming\\harvesting\\Harvest_2.vue","statementMap":{"0":{"start":{"line":15,"column":0},"end":{"line":15,"column":null}},"1":{"start":{"line":25,"column":4},"end":{"line":27,"column":1}},"2":{"start":{"line":29,"column":6},"end":{"line":32,"column":1}},"3":{"start":{"line":20,"column":15},"end":{"line":20,"column":null}},"4":{"start":{"line":26,"column":0},"end":{"line":26,"column":null}}},"fnMap":{"0":{"name":"(anonymous_47)","decl":{"start":{"line":15,"column":0},"end":{"line":15,"column":null}},"loc":{"start":{"line":15,"column":0},"end":{"line":25,"column":4}}},"1":{"name":"(anonymous_48)","decl":{"start":{"line":27,"column":0},"end":{"line":27,"column":2}},"loc":{"start":{"line":28,"column":0},"end":{"line":29,"column":6}}}},"branchMap":{},"s":{"0":0,"1":0,"2":0,"3":0,"4":0},"f":{"0":0,"1":0},"b":{}}
,"C:\\Projects\\rowa-dev\\frontend\\dist\\js\\webpack:\\src\\components\\farming\\harvesting\\Harvest_2.vue?1f67": {"path":"C:\\Projects\\rowa-dev\\frontend\\dist\\js\\webpack:\\src\\components\\farming\\harvesting\\Harvest_2.vue?1f67","statementMap":{"0":{"start":{"line":1,"column":0},"end":{"line":1,"column":698}},"1":{"start":{"line":1,"column":698},"end":{"line":1,"column":null}}},"fnMap":{"0":{"name":"(anonymous_6)","decl":{"start":{"line":1,"column":0},"end":{"line":1,"column":698}},"loc":{"start":{"line":1,"column":0},"end":{"line":1,"column":null}}}},"branchMap":{},"s":{"0":0,"1":0},"f":{"0":0},"b":{}}
,"C:\\Projects\\rowa-dev\\frontend\\dist\\js\\webpack:\\src\\components\\farming\\harvesting\\Harvest_2.vue?8cfa": {"path":"C:\\Projects\\rowa-dev\\frontend\\dist\\js\\webpack:\\src\\components\\farming\\harvesting\\Harvest_2.vue?8cfa","statementMap":{"0":{"start":{"line":1,"column":488},"end":{"line":1,"column":null}}},"fnMap":{},"branchMap":{},"s":{"0":0},"f":{},"b":{}}
,"C:\\Projects\\rowa-dev\\frontend\\dist\\js\\webpack:\\src\\components\\farming\\harvesting\\Harvest_2.vue?c3b8": {"path":"C:\\Projects\\rowa-dev\\frontend\\dist\\js\\webpack:\\src\\components\\farming\\harvesting\\Harvest_2.vue?c3b8","statementMap":{"0":{"start":{"line":1,"column":13},"end":{"line":1,"column":null}},"1":{"start":{"line":1,"column":34},"end":{"line":1,"column":43}},"2":{"start":{"line":1,"column":46},"end":{"line":1,"column":69}},"3":{"start":{"line":1,"column":72},"end":{"line":1,"column":89}},"4":{"start":{"line":1,"column":89},"end":{"line":1,"column":null}},"5":{"start":{"line":2,"column":22},"end":{"line":2,"column":null}}},"fnMap":{"0":{"name":"(anonymous_46)","decl":{"start":{"line":1,"column":13},"end":{"line":1,"column":26}},"loc":{"start":{"line":1,"column":13},"end":{"line":1,"column":null}}}},"branchMap":{"0":{"loc":{"start":{"line":1,"column":72},"end":{"line":1,"column":86}},"type":"binary-expr","locations":[{"start":{"line":1,"column":72},"end":{"line":1,"column":86}},{"start":{"line":1,"column":86},"end":{"line":1,"column":89}}]}},"s":{"0":0,"1":0,"2":0,"3":0,"4":0,"5":0},"f":{"0":0},"b":{"0":[0,0]}}
,"C:\\Projects\\rowa-dev\\frontend\\dist\\js\\webpack:\\src\\components\\farming\\harvesting\\Harvest_3.vue": {"path":"C:\\Projects\\rowa-dev\\frontend\\dist\\js\\webpack:\\src\\components\\farming\\harvesting\\Harvest_3.vue","statementMap":{"0":{"start":{"line":38,"column":0},"end":{"line":52,"column":6}},"1":{"start":{"line":49,"column":6},"end":{"line":51,"column":3}},"2":{"start":{"line":52,"column":6},"end":{"line":1,"column":487}},"3":{"start":{"line":20,"column":15},"end":{"line":20,"column":null}},"4":{"start":{"line":27,"column":0},"end":{"line":27,"column":null}}},"fnMap":{"0":{"name":"(anonymous_51)","decl":{"start":{"line":47,"column":0},"end":{"line":47,"column":2}},"loc":{"start":{"line":48,"column":0},"end":{"line":49,"column":6}}}},"branchMap":{},"s":{"0":0,"1":0,"2":0,"3":0,"4":0},"f":{"0":0},"b":{}}
,"C:\\Projects\\rowa-dev\\frontend\\dist\\js\\webpack:\\src\\components\\farming\\harvesting\\Harvest_3.vue?8ebf": {"path":"C:\\Projects\\rowa-dev\\frontend\\dist\\js\\webpack:\\src\\components\\farming\\harvesting\\Harvest_3.vue?8ebf","statementMap":{"0":{"start":{"line":1,"column":13},"end":{"line":1,"column":null}},"1":{"start":{"line":1,"column":34},"end":{"line":1,"column":43}},"2":{"start":{"line":1,"column":46},"end":{"line":1,"column":69}},"3":{"start":{"line":1,"column":72},"end":{"line":1,"column":89}},"4":{"start":{"line":1,"column":89},"end":{"line":1,"column":null}},"5":{"start":{"line":2,"column":22},"end":{"line":2,"column":null}}},"fnMap":{"0":{"name":"(anonymous_50)","decl":{"start":{"line":1,"column":13},"end":{"line":1,"column":26}},"loc":{"start":{"line":1,"column":13},"end":{"line":1,"column":null}}}},"branchMap":{"0":{"loc":{"start":{"line":1,"column":72},"end":{"line":1,"column":86}},"type":"binary-expr","locations":[{"start":{"line":1,"column":72},"end":{"line":1,"column":86}},{"start":{"line":1,"column":86},"end":{"line":1,"column":89}}]}},"s":{"0":0,"1":0,"2":0,"3":0,"4":0,"5":0},"f":{"0":0},"b":{"0":[0,0]}}
,"C:\\Projects\\rowa-dev\\frontend\\dist\\js\\webpack:\\src\\components\\farming\\harvesting\\Harvest_3.vue?954b": {"path":"C:\\Projects\\rowa-dev\\frontend\\dist\\js\\webpack:\\src\\components\\farming\\harvesting\\Harvest_3.vue?954b","statementMap":{"0":{"start":{"line":1,"column":0},"end":{"line":1,"column":698}},"1":{"start":{"line":1,"column":698},"end":{"line":1,"column":null}}},"fnMap":{"0":{"name":"(anonymous_18)","decl":{"start":{"line":1,"column":0},"end":{"line":1,"column":698}},"loc":{"start":{"line":1,"column":0},"end":{"line":1,"column":null}}}},"branchMap":{},"s":{"0":0,"1":0},"f":{"0":0},"b":{}}
,"C:\\Projects\\rowa-dev\\frontend\\dist\\js\\webpack:\\src\\components\\farming\\harvesting\\Harvest_3.vue?e2a4": {"path":"C:\\Projects\\rowa-dev\\frontend\\dist\\js\\webpack:\\src\\components\\farming\\harvesting\\Harvest_3.vue?e2a4","statementMap":{"0":{"start":{"line":1,"column":488},"end":{"line":1,"column":null}}},"fnMap":{},"branchMap":{},"s":{"0":0},"f":{},"b":{}}
,"C:\\Projects\\rowa-dev\\frontend\\dist\\js\\webpack:\\src\\components\\farming\\harvesting\\Harvest_4.vue": {"path":"C:\\Projects\\rowa-dev\\frontend\\dist\\js\\webpack:\\src\\components\\farming\\harvesting\\Harvest_4.vue","statementMap":{"0":{"start":{"line":36,"column":0},"end":{"line":48,"column":6}},"1":{"start":{"line":48,"column":6},"end":{"line":1,"column":487}},"2":{"start":{"line":20,"column":15},"end":{"line":20,"column":null}},"3":{"start":{"line":27,"column":0},"end":{"line":27,"column":null}}},"fnMap":{"0":{"name":"(anonymous_54)","decl":{"start":{"line":46,"column":0},"end":{"line":46,"column":2}},"loc":{"start":{"line":47,"column":0},"end":{"line":48,"column":6}}}},"branchMap":{},"s":{"0":0,"1":0,"2":0,"3":0},"f":{"0":0},"b":{}}
,"C:\\Projects\\rowa-dev\\frontend\\dist\\js\\webpack:\\src\\components\\farming\\harvesting\\Harvest_4.vue?721e": {"path":"C:\\Projects\\rowa-dev\\frontend\\dist\\js\\webpack:\\src\\components\\farming\\harvesting\\Harvest_4.vue?721e","statementMap":{"0":{"start":{"line":1,"column":488},"end":{"line":1,"column":null}}},"fnMap":{},"branchMap":{},"s":{"0":0},"f":{},"b":{}}
,"C:\\Projects\\rowa-dev\\frontend\\dist\\js\\webpack:\\src\\components\\farming\\harvesting\\Harvest_4.vue?c004": {"path":"C:\\Projects\\rowa-dev\\frontend\\dist\\js\\webpack:\\src\\components\\farming\\harvesting\\Harvest_4.vue?c004","statementMap":{"0":{"start":{"line":1,"column":13},"end":{"line":1,"column":null}},"1":{"start":{"line":1,"column":34},"end":{"line":1,"column":43}},"2":{"start":{"line":1,"column":46},"end":{"line":1,"column":69}},"3":{"start":{"line":1,"column":72},"end":{"line":1,"column":89}},"4":{"start":{"line":1,"column":89},"end":{"line":1,"column":null}},"5":{"start":{"line":2,"column":22},"end":{"line":2,"column":null}}},"fnMap":{"0":{"name":"(anonymous_53)","decl":{"start":{"line":1,"column":13},"end":{"line":1,"column":26}},"loc":{"start":{"line":1,"column":13},"end":{"line":1,"column":null}}}},"branchMap":{"0":{"loc":{"start":{"line":1,"column":72},"end":{"line":1,"column":86}},"type":"binary-expr","locations":[{"start":{"line":1,"column":72},"end":{"line":1,"column":86}},{"start":{"line":1,"column":86},"end":{"line":1,"column":89}}]}},"s":{"0":0,"1":0,"2":0,"3":0,"4":0,"5":0},"f":{"0":0},"b":{"0":[0,0]}}
,"C:\\Projects\\rowa-dev\\frontend\\dist\\js\\webpack:\\src\\components\\farming\\harvesting\\Harvest_4.vue?ec21": {"path":"C:\\Projects\\rowa-dev\\frontend\\dist\\js\\webpack:\\src\\components\\farming\\harvesting\\Harvest_4.vue?ec21","statementMap":{"0":{"start":{"line":1,"column":0},"end":{"line":1,"column":698}},"1":{"start":{"line":1,"column":698},"end":{"line":1,"column":null}}},"fnMap":{"0":{"name":"(anonymous_20)","decl":{"start":{"line":1,"column":0},"end":{"line":1,"column":698}},"loc":{"start":{"line":1,"column":0},"end":{"line":1,"column":null}}}},"branchMap":{},"s":{"0":0,"1":0},"f":{"0":0},"b":{}}
,"C:\\Projects\\rowa-dev\\frontend\\dist\\js\\webpack:\\src\\components\\farming\\planting\\Plant_1.vue": {"path":"C:\\Projects\\rowa-dev\\frontend\\dist\\js\\webpack:\\src\\components\\farming\\planting\\Plant_1.vue","statementMap":{"0":{"start":{"line":22,"column":0},"end":{"line":57,"column":4}},"1":{"start":{"line":29,"column":4},"end":{"line":31,"column":6}},"2":{"start":{"line":39,"column":6},"end":{"line":41,"column":3}},"3":{"start":{"line":42,"column":6},"end":{"line":44,"column":3}},"4":{"start":{"line":44,"column":0},"end":{"line":44,"column":4}},"5":{"start":{"line":45,"column":6},"end":{"line":50,"column":8}},"6":{"start":{"line":47,"column":8},"end":{"line":49,"column":-1}},"7":{"start":{"line":50,"column":8},"end":{"line":55,"column":1}},"8":{"start":{"line":57,"column":4},"end":{"line":1,"column":485}},"9":{"start":{"line":9,"column":4},"end":{"line":9,"column":null}},"10":{"start":{"line":9,"column":16},"end":{"line":16,"column":null}},"11":{"start":{"line":20,"column":15},"end":{"line":20,"column":null}},"12":{"start":{"line":27,"column":0},"end":{"line":27,"column":null}}},"fnMap":{"0":{"name":"(anonymous_34)","decl":{"start":{"line":22,"column":0},"end":{"line":22,"column":null}},"loc":{"start":{"line":22,"column":0},"end":{"line":31,"column":6}}},"1":{"name":"(anonymous_35)","decl":{"start":{"line":37,"column":0},"end":{"line":37,"column":2}},"loc":{"start":{"line":38,"column":0},"end":{"line":39,"column":6}}},"2":{"name":"(anonymous_37)","decl":{"start":{"line":44,"column":0},"end":{"line":44,"column":4}},"loc":{"start":{"line":44,"column":0},"end":{"line":50,"column":8}}},"3":{"name":"(anonymous_38)","decl":{"start":{"line":46,"column":0},"end":{"line":46,"column":null}},"loc":{"start":{"line":46,"column":0},"end":{"line":47,"column":8}}},"4":{"name":"(anonymous_39)","decl":{"start":{"line":49,"column":0},"end":{"line":49,"column":null}},"loc":{"start":{"line":49,"column":0},"end":{"line":50,"column":8}}}},"branchMap":{},"s":{"0":0,"1":0,"2":0,"3":0,"4":0,"5":0,"6":0,"7":0,"8":0,"9":0,"10":0,"11":0,"12":0},"f":{"0":0,"1":0,"2":0,"3":0,"4":0},"b":{}}
,"C:\\Projects\\rowa-dev\\frontend\\dist\\js\\webpack:\\src\\components\\farming\\planting\\Plant_1.vue?2498": {"path":"C:\\Projects\\rowa-dev\\frontend\\dist\\js\\webpack:\\src\\components\\farming\\planting\\Plant_1.vue?2498","statementMap":{"0":{"start":{"line":1,"column":4},"end":{"line":1,"column":13}},"1":{"start":{"line":1,"column":13},"end":{"line":1,"column":null}},"2":{"start":{"line":1,"column":34},"end":{"line":1,"column":43}},"3":{"start":{"line":1,"column":46},"end":{"line":1,"column":69}},"4":{"start":{"line":1,"column":72},"end":{"line":1,"column":89}},"5":{"start":{"line":1,"column":89},"end":{"line":1,"column":null}},"6":{"start":{"line":1,"column":187},"end":{"line":1,"column":599}},"7":{"start":{"line":1,"column":317},"end":{"line":1,"column":366}},"8":{"start":{"line":2,"column":22},"end":{"line":2,"column":null}}},"fnMap":{"0":{"name":"(anonymous_31)","decl":{"start":{"line":1,"column":13},"end":{"line":1,"column":26}},"loc":{"start":{"line":1,"column":13},"end":{"line":1,"column":null}}},"1":{"name":"(anonymous_32)","decl":{"start":{"line":1,"column":172},"end":{"line":1,"column":181}},"loc":{"start":{"line":1,"column":181},"end":{"line":1,"column":599}}},"2":{"name":"(anonymous_33)","decl":{"start":{"line":1,"column":300},"end":{"line":1,"column":309}},"loc":{"start":{"line":1,"column":309},"end":{"line":1,"column":366}}}},"branchMap":{"0":{"loc":{"start":{"line":1,"column":72},"end":{"line":1,"column":86}},"type":"binary-expr","locations":[{"start":{"line":1,"column":72},"end":{"line":1,"column":86}},{"start":{"line":1,"column":86},"end":{"line":1,"column":89}}]}},"s":{"0":0,"1":0,"2":0,"3":0,"4":0,"5":0,"6":0,"7":0,"8":0},"f":{"0":0,"1":0,"2":0},"b":{"0":[0,0]}}
,"C:\\Projects\\rowa-dev\\frontend\\dist\\js\\webpack:\\src\\components\\farming\\planting\\Plant_1.vue?48e0": {"path":"C:\\Projects\\rowa-dev\\frontend\\dist\\js\\webpack:\\src\\components\\farming\\planting\\Plant_1.vue?48e0","statementMap":{"0":{"start":{"line":1,"column":0},"end":{"line":1,"column":696}},"1":{"start":{"line":1,"column":696},"end":{"line":1,"column":null}}},"fnMap":{"0":{"name":"(anonymous_6)","decl":{"start":{"line":1,"column":0},"end":{"line":1,"column":696}},"loc":{"start":{"line":1,"column":0},"end":{"line":1,"column":null}}}},"branchMap":{},"s":{"0":0,"1":0},"f":{"0":0},"b":{}}
,"C:\\Projects\\rowa-dev\\frontend\\dist\\js\\webpack:\\src\\components\\farming\\planting\\Plant_1.vue?aa3d": {"path":"C:\\Projects\\rowa-dev\\frontend\\dist\\js\\webpack:\\src\\components\\farming\\planting\\Plant_1.vue?aa3d","statementMap":{"0":{"start":{"line":1,"column":486},"end":{"line":1,"column":null}}},"fnMap":{},"branchMap":{},"s":{"0":0},"f":{},"b":{}}
,"C:\\Projects\\rowa-dev\\frontend\\dist\\js\\webpack:\\src\\components\\farming\\planting\\Plant_2.vue": {"path":"C:\\Projects\\rowa-dev\\frontend\\dist\\js\\webpack:\\src\\components\\farming\\planting\\Plant_2.vue","statementMap":{"0":{"start":{"line":16,"column":0},"end":{"line":16,"column":null}},"1":{"start":{"line":26,"column":4},"end":{"line":28,"column":6}},"2":{"start":{"line":33,"column":6},"end":{"line":37,"column":1}},"3":{"start":{"line":20,"column":15},"end":{"line":20,"column":null}},"4":{"start":{"line":26,"column":0},"end":{"line":26,"column":null}}},"fnMap":{"0":{"name":"(anonymous_42)","decl":{"start":{"line":16,"column":0},"end":{"line":16,"column":null}},"loc":{"start":{"line":16,"column":0},"end":{"line":28,"column":6}}},"1":{"name":"(anonymous_43)","decl":{"start":{"line":31,"column":0},"end":{"line":31,"column":2}},"loc":{"start":{"line":32,"column":0},"end":{"line":33,"column":6}}}},"branchMap":{},"s":{"0":0,"1":0,"2":0,"3":0,"4":0},"f":{"0":0,"1":0},"b":{}}
,"C:\\Projects\\rowa-dev\\frontend\\dist\\js\\webpack:\\src\\components\\farming\\planting\\Plant_2.vue?824f": {"path":"C:\\Projects\\rowa-dev\\frontend\\dist\\js\\webpack:\\src\\components\\farming\\planting\\Plant_2.vue?824f","statementMap":{"0":{"start":{"line":1,"column":0},"end":{"line":1,"column":696}},"1":{"start":{"line":1,"column":696},"end":{"line":1,"column":null}}},"fnMap":{"0":{"name":"(anonymous_2)","decl":{"start":{"line":1,"column":0},"end":{"line":1,"column":696}},"loc":{"start":{"line":1,"column":0},"end":{"line":1,"column":null}}}},"branchMap":{},"s":{"0":0,"1":0},"f":{"0":0},"b":{}}
,"C:\\Projects\\rowa-dev\\frontend\\dist\\js\\webpack:\\src\\components\\farming\\planting\\Plant_2.vue?9408": {"path":"C:\\Projects\\rowa-dev\\frontend\\dist\\js\\webpack:\\src\\components\\farming\\planting\\Plant_2.vue?9408","statementMap":{"0":{"start":{"line":1,"column":486},"end":{"line":1,"column":null}}},"fnMap":{},"branchMap":{},"s":{"0":0},"f":{},"b":{}}
,"C:\\Projects\\rowa-dev\\frontend\\dist\\js\\webpack:\\src\\components\\farming\\planting\\Plant_2.vue?e80d": {"path":"C:\\Projects\\rowa-dev\\frontend\\dist\\js\\webpack:\\src\\components\\farming\\planting\\Plant_2.vue?e80d","statementMap":{"0":{"start":{"line":1,"column":13},"end":{"line":1,"column":null}},"1":{"start":{"line":1,"column":34},"end":{"line":1,"column":43}},"2":{"start":{"line":1,"column":46},"end":{"line":1,"column":69}},"3":{"start":{"line":1,"column":72},"end":{"line":1,"column":89}},"4":{"start":{"line":1,"column":89},"end":{"line":1,"column":null}},"5":{"start":{"line":2,"column":22},"end":{"line":2,"column":null}}},"fnMap":{"0":{"name":"(anonymous_41)","decl":{"start":{"line":1,"column":13},"end":{"line":1,"column":26}},"loc":{"start":{"line":1,"column":13},"end":{"line":1,"column":null}}}},"branchMap":{"0":{"loc":{"start":{"line":1,"column":72},"end":{"line":1,"column":86}},"type":"binary-expr","locations":[{"start":{"line":1,"column":72},"end":{"line":1,"column":86}},{"start":{"line":1,"column":86},"end":{"line":1,"column":89}}]}},"s":{"0":0,"1":0,"2":0,"3":0,"4":0,"5":0},"f":{"0":0},"b":{"0":[0,0]}}
,"C:\\Projects\\rowa-dev\\frontend\\dist\\js\\webpack:\\src\\components\\farming\\planting\\Plant_3.vue": {"path":"C:\\Projects\\rowa-dev\\frontend\\dist\\js\\webpack:\\src\\components\\farming\\planting\\Plant_3.vue","statementMap":{"0":{"start":{"line":57,"column":0},"end":{"line":67,"column":6}},"1":{"start":{"line":67,"column":6},"end":{"line":1,"column":485}},"2":{"start":{"line":9,"column":16},"end":{"line":16,"column":null}},"3":{"start":{"line":20,"column":15},"end":{"line":20,"column":null}},"4":{"start":{"line":28,"column":0},"end":{"line":28,"column":null}}},"fnMap":{"0":{"name":"(anonymous_46)","decl":{"start":{"line":65,"column":0},"end":{"line":65,"column":2}},"loc":{"start":{"line":66,"column":0},"end":{"line":67,"column":6}}}},"branchMap":{},"s":{"0":0,"1":0,"2":0,"3":0,"4":0},"f":{"0":0},"b":{}}
,"C:\\Projects\\rowa-dev\\frontend\\dist\\js\\webpack:\\src\\components\\farming\\planting\\Plant_3.vue?009b": {"path":"C:\\Projects\\rowa-dev\\frontend\\dist\\js\\webpack:\\src\\components\\farming\\planting\\Plant_3.vue?009b","statementMap":{"0":{"start":{"line":1,"column":0},"end":{"line":1,"column":696}},"1":{"start":{"line":1,"column":696},"end":{"line":1,"column":null}}},"fnMap":{"0":{"name":"(anonymous_7)","decl":{"start":{"line":1,"column":0},"end":{"line":1,"column":696}},"loc":{"start":{"line":1,"column":0},"end":{"line":1,"column":null}}}},"branchMap":{},"s":{"0":0,"1":0},"f":{"0":0},"b":{}}
,"C:\\Projects\\rowa-dev\\frontend\\dist\\js\\webpack:\\src\\components\\farming\\planting\\Plant_3.vue?5fc3": {"path":"C:\\Projects\\rowa-dev\\frontend\\dist\\js\\webpack:\\src\\components\\farming\\planting\\Plant_3.vue?5fc3","statementMap":{"0":{"start":{"line":1,"column":486},"end":{"line":1,"column":null}}},"fnMap":{},"branchMap":{},"s":{"0":0},"f":{},"b":{}}
,"C:\\Projects\\rowa-dev\\frontend\\dist\\js\\webpack:\\src\\components\\farming\\planting\\Plant_3.vue?a516": {"path":"C:\\Projects\\rowa-dev\\frontend\\dist\\js\\webpack:\\src\\components\\farming\\planting\\Plant_3.vue?a516","statementMap":{"0":{"start":{"line":1,"column":13},"end":{"line":1,"column":null}},"1":{"start":{"line":1,"column":34},"end":{"line":1,"column":43}},"2":{"start":{"line":1,"column":46},"end":{"line":1,"column":69}},"3":{"start":{"line":1,"column":72},"end":{"line":1,"column":89}},"4":{"start":{"line":1,"column":89},"end":{"line":1,"column":null}},"5":{"start":{"line":2,"column":22},"end":{"line":2,"column":null}}},"fnMap":{"0":{"name":"(anonymous_45)","decl":{"start":{"line":1,"column":13},"end":{"line":1,"column":26}},"loc":{"start":{"line":1,"column":13},"end":{"line":1,"column":null}}}},"branchMap":{"0":{"loc":{"start":{"line":1,"column":72},"end":{"line":1,"column":86}},"type":"binary-expr","locations":[{"start":{"line":1,"column":72},"end":{"line":1,"column":86}},{"start":{"line":1,"column":86},"end":{"line":1,"column":89}}]}},"s":{"0":0,"1":0,"2":0,"3":0,"4":0,"5":0},"f":{"0":0},"b":{"0":[0,0]}}
,"C:\\Projects\\rowa-dev\\frontend\\dist\\js\\webpack:\\src\\components\\farming\\planting\\Plant_4.vue": {"path":"C:\\Projects\\rowa-dev\\frontend\\dist\\js\\webpack:\\src\\components\\farming\\planting\\Plant_4.vue","statementMap":{"0":{"start":{"line":36,"column":0},"end":{"line":42,"column":2}},"1":{"start":{"line":20,"column":15},"end":{"line":20,"column":null}},"2":{"start":{"line":26,"column":0},"end":{"line":26,"column":null}}},"fnMap":{},"branchMap":{},"s":{"0":0,"1":0,"2":0},"f":{},"b":{}}
,"C:\\Projects\\rowa-dev\\frontend\\dist\\js\\webpack:\\src\\components\\farming\\planting\\Plant_4.vue?56a2": {"path":"C:\\Projects\\rowa-dev\\frontend\\dist\\js\\webpack:\\src\\components\\farming\\planting\\Plant_4.vue?56a2","statementMap":{"0":{"start":{"line":1,"column":13},"end":{"line":1,"column":null}},"1":{"start":{"line":1,"column":34},"end":{"line":1,"column":43}},"2":{"start":{"line":1,"column":46},"end":{"line":1,"column":69}},"3":{"start":{"line":1,"column":72},"end":{"line":1,"column":89}},"4":{"start":{"line":1,"column":89},"end":{"line":1,"column":null}},"5":{"start":{"line":2,"column":22},"end":{"line":2,"column":null}}},"fnMap":{"0":{"name":"(anonymous_47)","decl":{"start":{"line":1,"column":13},"end":{"line":1,"column":26}},"loc":{"start":{"line":1,"column":13},"end":{"line":1,"column":null}}}},"branchMap":{"0":{"loc":{"start":{"line":1,"column":72},"end":{"line":1,"column":86}},"type":"binary-expr","locations":[{"start":{"line":1,"column":72},"end":{"line":1,"column":86}},{"start":{"line":1,"column":86},"end":{"line":1,"column":89}}]}},"s":{"0":0,"1":0,"2":0,"3":0,"4":0,"5":0},"f":{"0":0},"b":{"0":[0,0]}}
,"C:\\Projects\\rowa-dev\\frontend\\dist\\js\\webpack:\\src\\components\\farming\\planting\\Plant_4.vue?5781": {"path":"C:\\Projects\\rowa-dev\\frontend\\dist\\js\\webpack:\\src\\components\\farming\\planting\\Plant_4.vue?5781","statementMap":{"0":{"start":{"line":1,"column":486},"end":{"line":1,"column":null}}},"fnMap":{},"branchMap":{},"s":{"0":0},"f":{},"b":{}}
,"C:\\Projects\\rowa-dev\\frontend\\dist\\js\\webpack:\\src\\components\\farming\\planting\\Plant_4.vue?843e": {"path":"C:\\Projects\\rowa-dev\\frontend\\dist\\js\\webpack:\\src\\components\\farming\\planting\\Plant_4.vue?843e","statementMap":{"0":{"start":{"line":1,"column":0},"end":{"line":1,"column":696}},"1":{"start":{"line":1,"column":696},"end":{"line":1,"column":null}}},"fnMap":{"0":{"name":"(anonymous_1)","decl":{"start":{"line":1,"column":0},"end":{"line":1,"column":696}},"loc":{"start":{"line":1,"column":0},"end":{"line":1,"column":null}}}},"branchMap":{},"s":{"0":0,"1":0},"f":{"0":0},"b":{}}
,"C:\\Projects\\rowa-dev\\frontend\\dist\\js\\webpack:\\src\\components\\home\\FarmInfo.vue": {"path":"C:\\Projects\\rowa-dev\\frontend\\dist\\js\\webpack:\\src\\components\\home\\FarmInfo.vue","statementMap":{"0":{"start":{"line":35,"column":0},"end":{"line":71,"column":4}},"1":{"start":{"line":42,"column":4},"end":{"line":45,"column":6}},"2":{"start":{"line":49,"column":0},"end":{"line":49,"column":4}},"3":{"start":{"line":50,"column":6},"end":{"line":55,"column":8}},"4":{"start":{"line":52,"column":8},"end":{"line":54,"column":-1}},"5":{"start":{"line":55,"column":8},"end":{"line":58,"column":3}},"6":{"start":{"line":58,"column":0},"end":{"line":58,"column":4}},"7":{"start":{"line":59,"column":6},"end":{"line":64,"column":8}},"8":{"start":{"line":61,"column":8},"end":{"line":63,"column":-1}},"9":{"start":{"line":64,"column":8},"end":{"line":69,"column":1}},"10":{"start":{"line":70,"column":4},"end":{"line":71,"column":4}},"11":{"start":{"line":20,"column":15},"end":{"line":20,"column":null}},"12":{"start":{"line":28,"column":0},"end":{"line":28,"column":null}}},"fnMap":{"0":{"name":"(anonymous_61)","decl":{"start":{"line":35,"column":0},"end":{"line":35,"column":null}},"loc":{"start":{"line":35,"column":0},"end":{"line":45,"column":6}}},"1":{"name":"(anonymous_62)","decl":{"start":{"line":49,"column":0},"end":{"line":49,"column":4}},"loc":{"start":{"line":49,"column":0},"end":{"line":55,"column":8}}},"2":{"name":"(anonymous_63)","decl":{"start":{"line":51,"column":0},"end":{"line":51,"column":null}},"loc":{"start":{"line":51,"column":0},"end":{"line":52,"column":8}}},"3":{"name":"(anonymous_64)","decl":{"start":{"line":54,"column":0},"end":{"line":54,"column":null}},"loc":{"start":{"line":54,"column":0},"end":{"line":55,"column":8}}},"4":{"name":"(anonymous_65)","decl":{"start":{"line":58,"column":0},"end":{"line":58,"column":4}},"loc":{"start":{"line":58,"column":0},"end":{"line":64,"column":8}}},"5":{"name":"(anonymous_66)","decl":{"start":{"line":60,"column":0},"end":{"line":60,"column":null}},"loc":{"start":{"line":60,"column":0},"end":{"line":61,"column":8}}},"6":{"name":"(anonymous_67)","decl":{"start":{"line":63,"column":0},"end":{"line":63,"column":null}},"loc":{"start":{"line":63,"column":0},"end":{"line":64,"column":8}}}},"branchMap":{},"s":{"0":0,"1":0,"2":0,"3":0,"4":0,"5":0,"6":0,"7":0,"8":0,"9":0,"10":0,"11":0,"12":0},"f":{"0":0,"1":0,"2":0,"3":0,"4":0,"5":0,"6":0},"b":{}}
,"C:\\Projects\\rowa-dev\\frontend\\dist\\js\\webpack:\\src\\components\\home\\FarmInfo.vue?4042": {"path":"C:\\Projects\\rowa-dev\\frontend\\dist\\js\\webpack:\\src\\components\\home\\FarmInfo.vue?4042","statementMap":{"0":{"start":{"line":1,"column":13},"end":{"line":1,"column":null}},"1":{"start":{"line":1,"column":34},"end":{"line":1,"column":43}},"2":{"start":{"line":1,"column":46},"end":{"line":1,"column":69}},"3":{"start":{"line":1,"column":72},"end":{"line":1,"column":89}},"4":{"start":{"line":1,"column":89},"end":{"line":1,"column":null}},"5":{"start":{"line":1,"column":660},"end":{"line":1,"column":688}},"6":{"start":{"line":2,"column":22},"end":{"line":2,"column":null}}},"fnMap":{"0":{"name":"(anonymous_45)","decl":{"start":{"line":1,"column":13},"end":{"line":1,"column":26}},"loc":{"start":{"line":1,"column":13},"end":{"line":1,"column":null}}},"1":{"name":"(anonymous_46)","decl":{"start":{"line":1,"column":618},"end":{"line":1,"column":627}},"loc":{"start":{"line":1,"column":627},"end":{"line":1,"column":688}}}},"branchMap":{"0":{"loc":{"start":{"line":1,"column":72},"end":{"line":1,"column":86}},"type":"binary-expr","locations":[{"start":{"line":1,"column":72},"end":{"line":1,"column":86}},{"start":{"line":1,"column":86},"end":{"line":1,"column":89}}]}},"s":{"0":0,"1":0,"2":0,"3":0,"4":0,"5":0,"6":0},"f":{"0":0,"1":0},"b":{"0":[0,0]}}
,"C:\\Projects\\rowa-dev\\frontend\\dist\\js\\webpack:\\src\\components\\home\\FarmInfo.vue?4997": {"path":"C:\\Projects\\rowa-dev\\frontend\\dist\\js\\webpack:\\src\\components\\home\\FarmInfo.vue?4997","statementMap":{"0":{"start":{"line":1,"column":0},"end":{"line":1,"column":676}},"1":{"start":{"line":1,"column":676},"end":{"line":1,"column":null}}},"fnMap":{"0":{"name":"(anonymous_23)","decl":{"start":{"line":1,"column":0},"end":{"line":1,"column":676}},"loc":{"start":{"line":1,"column":0},"end":{"line":1,"column":null}}}},"branchMap":{},"s":{"0":0,"1":0},"f":{"0":0},"b":{}}
,"C:\\Projects\\rowa-dev\\frontend\\dist\\js\\webpack:\\src\\components\\home\\FarmInfo.vue?fa43": {"path":"C:\\Projects\\rowa-dev\\frontend\\dist\\js\\webpack:\\src\\components\\home\\FarmInfo.vue?fa43","statementMap":{"0":{"start":{"line":1,"column":469},"end":{"line":1,"column":null}}},"fnMap":{},"branchMap":{},"s":{"0":0},"f":{},"b":{}}
,"C:\\Projects\\rowa-dev\\frontend\\dist\\js\\webpack:\\src\\components\\home\\InfoBoxPlants.vue": {"path":"C:\\Projects\\rowa-dev\\frontend\\dist\\js\\webpack:\\src\\components\\home\\InfoBoxPlants.vue","statementMap":{"0":{"start":{"line":18,"column":0},"end":{"line":25,"column":4}},"1":{"start":{"line":25,"column":4},"end":{"line":1,"column":473}},"2":{"start":{"line":20,"column":15},"end":{"line":20,"column":null}},"3":{"start":{"line":25,"column":0},"end":{"line":25,"column":null}}},"fnMap":{"0":{"name":"(anonymous_60)","decl":{"start":{"line":18,"column":0},"end":{"line":18,"column":null}},"loc":{"start":{"line":18,"column":0},"end":{"line":25,"column":4}}}},"branchMap":{},"s":{"0":0,"1":0,"2":0,"3":0},"f":{"0":0},"b":{}}
,"C:\\Projects\\rowa-dev\\frontend\\dist\\js\\webpack:\\src\\components\\home\\InfoBoxPlants.vue?28c2": {"path":"C:\\Projects\\rowa-dev\\frontend\\dist\\js\\webpack:\\src\\components\\home\\InfoBoxPlants.vue?28c2","statementMap":{"0":{"start":{"line":1,"column":0},"end":{"line":1,"column":681}},"1":{"start":{"line":1,"column":681},"end":{"line":1,"column":null}}},"fnMap":{"0":{"name":"(anonymous_24)","decl":{"start":{"line":1,"column":0},"end":{"line":1,"column":681}},"loc":{"start":{"line":1,"column":0},"end":{"line":1,"column":null}}}},"branchMap":{},"s":{"0":0,"1":0},"f":{"0":0},"b":{}}
,"C:\\Projects\\rowa-dev\\frontend\\dist\\js\\webpack:\\src\\components\\home\\InfoBoxPlants.vue?5cf2": {"path":"C:\\Projects\\rowa-dev\\frontend\\dist\\js\\webpack:\\src\\components\\home\\InfoBoxPlants.vue?5cf2","statementMap":{"0":{"start":{"line":1,"column":13},"end":{"line":1,"column":null}},"1":{"start":{"line":1,"column":34},"end":{"line":1,"column":43}},"2":{"start":{"line":1,"column":46},"end":{"line":1,"column":69}},"3":{"start":{"line":1,"column":72},"end":{"line":1,"column":89}},"4":{"start":{"line":1,"column":89},"end":{"line":1,"column":null}},"5":{"start":{"line":1,"column":275},"end":{"line":1,"column":409}},"6":{"start":{"line":2,"column":22},"end":{"line":2,"column":null}}},"fnMap":{"0":{"name":"(anonymous_58)","decl":{"start":{"line":1,"column":13},"end":{"line":1,"column":26}},"loc":{"start":{"line":1,"column":13},"end":{"line":1,"column":null}}},"1":{"name":"(anonymous_59)","decl":{"start":{"line":1,"column":260},"end":{"line":1,"column":269}},"loc":{"start":{"line":1,"column":269},"end":{"line":1,"column":409}}}},"branchMap":{"0":{"loc":{"start":{"line":1,"column":72},"end":{"line":1,"column":86}},"type":"binary-expr","locations":[{"start":{"line":1,"column":72},"end":{"line":1,"column":86}},{"start":{"line":1,"column":86},"end":{"line":1,"column":89}}]}},"s":{"0":0,"1":0,"2":0,"3":0,"4":0,"5":0,"6":0},"f":{"0":0,"1":0},"b":{"0":[0,0]}}
,"C:\\Projects\\rowa-dev\\frontend\\dist\\js\\webpack:\\src\\components\\home\\InfoBoxPlants.vue?a22f": {"path":"C:\\Projects\\rowa-dev\\frontend\\dist\\js\\webpack:\\src\\components\\home\\InfoBoxPlants.vue?a22f","statementMap":{"0":{"start":{"line":1,"column":474},"end":{"line":1,"column":null}}},"fnMap":{},"branchMap":{},"s":{"0":0},"f":{},"b":{}}
,"C:\\Projects\\rowa-dev\\frontend\\dist\\js\\webpack:\\src\\components\\home\\Farm\\CatTree.vue": {"path":"C:\\Projects\\rowa-dev\\frontend\\dist\\js\\webpack:\\src\\components\\home\\Farm\\CatTree.vue","statementMap":{"0":{"start":{"line":33,"column":0},"end":{"line":36,"column":4}}},"fnMap":{},"branchMap":{},"s":{"0":0},"f":{},"b":{}}
,"C:\\Projects\\rowa-dev\\frontend\\dist\\js\\webpack:\\src\\components\\home\\Farm\\CatTree.vue?9df2": {"path":"C:\\Projects\\rowa-dev\\frontend\\dist\\js\\webpack:\\src\\components\\home\\Farm\\CatTree.vue?9df2","statementMap":{"0":{"start":{"line":1,"column":486},"end":{"line":1,"column":null}}},"fnMap":{},"branchMap":{},"s":{"0":0},"f":{},"b":{}}
,"C:\\Projects\\rowa-dev\\frontend\\dist\\js\\webpack:\\src\\components\\home\\Farm\\CatTree.vue?b8d3": {"path":"C:\\Projects\\rowa-dev\\frontend\\dist\\js\\webpack:\\src\\components\\home\\Farm\\CatTree.vue?b8d3","statementMap":{"0":{"start":{"line":1,"column":13},"end":{"line":1,"column":null}},"1":{"start":{"line":1,"column":34},"end":{"line":1,"column":43}},"2":{"start":{"line":1,"column":46},"end":{"line":1,"column":69}},"3":{"start":{"line":1,"column":72},"end":{"line":1,"column":89}},"4":{"start":{"line":1,"column":89},"end":{"line":1,"column":null}},"5":{"start":{"line":2,"column":22},"end":{"line":2,"column":null}}},"fnMap":{"0":{"name":"(anonymous_111)","decl":{"start":{"line":1,"column":13},"end":{"line":1,"column":26}},"loc":{"start":{"line":1,"column":13},"end":{"line":1,"column":null}}}},"branchMap":{"0":{"loc":{"start":{"line":1,"column":72},"end":{"line":1,"column":86}},"type":"binary-expr","locations":[{"start":{"line":1,"column":72},"end":{"line":1,"column":86}},{"start":{"line":1,"column":86},"end":{"line":1,"column":89}}]}},"s":{"0":0,"1":0,"2":0,"3":0,"4":0,"5":0},"f":{"0":0},"b":{"0":[0,0]}}
,"C:\\Projects\\rowa-dev\\frontend\\dist\\js\\webpack:\\src\\components\\home\\Farm\\CatTree.vue?f250": {"path":"C:\\Projects\\rowa-dev\\frontend\\dist\\js\\webpack:\\src\\components\\home\\Farm\\CatTree.vue?f250","statementMap":{"0":{"start":{"line":1,"column":0},"end":{"line":1,"column":696}},"1":{"start":{"line":1,"column":696},"end":{"line":1,"column":null}}},"fnMap":{"0":{"name":"(anonymous_25)","decl":{"start":{"line":1,"column":0},"end":{"line":1,"column":696}},"loc":{"start":{"line":1,"column":0},"end":{"line":1,"column":696}}}},"branchMap":{},"s":{"0":0,"1":0},"f":{"0":0},"b":{}}
,"C:\\Projects\\rowa-dev\\frontend\\dist\\js\\webpack:\\src\\components\\home\\Farm\\Module.vue": {"path":"C:\\Projects\\rowa-dev\\frontend\\dist\\js\\webpack:\\src\\components\\home\\Farm\\Module.vue","statementMap":{"0":{"start":{"line":29,"column":0},"end":{"line":29,"column":null}},"1":{"start":{"line":29,"column":0},"end":{"line":62,"column":6}},"2":{"start":{"line":35,"column":6},"end":{"line":37,"column":3}},"3":{"start":{"line":38,"column":6},"end":{"line":42,"column":null}},"4":{"start":{"line":49,"column":6},"end":{"line":51,"column":3}},"5":{"start":{"line":62,"column":6},"end":{"line":1,"column":484}},"6":{"start":{"line":9,"column":4},"end":{"line":9,"column":null}},"7":{"start":{"line":9,"column":16},"end":{"line":16,"column":null}}},"fnMap":{"0":{"name":"c","decl":{"start":{"line":29,"column":0},"end":{"line":29,"column":null}},"loc":{"start":{"line":29,"column":0},"end":{"line":29,"column":null}}},"1":{"name":"(anonymous_120)","decl":{"start":{"line":34,"column":0},"end":{"line":34,"column":4}},"loc":{"start":{"line":34,"column":0},"end":{"line":35,"column":6}}},"2":{"name":"(anonymous_121)","decl":{"start":{"line":37,"column":0},"end":{"line":37,"column":4}},"loc":{"start":{"line":37,"column":0},"end":{"line":42,"column":null}}},"3":{"name":"(anonymous_122)","decl":{"start":{"line":46,"column":0},"end":{"line":46,"column":2}},"loc":{"start":{"line":48,"column":0},"end":{"line":49,"column":6}}}},"branchMap":{"0":{"loc":{"start":{"line":29,"column":0},"end":{"line":29,"column":null}},"type":"if","locations":[{"start":{"line":29,"column":0},"end":{"line":29,"column":null}},{"start":{"line":29,"column":0},"end":{"line":29,"column":null}}]},"1":{"loc":{"start":{"line":39,"column":0},"end":{"line":39,"column":null}},"type":"cond-expr","locations":[{"start":{"line":39,"column":0},"end":{"line":39,"column":null}},{"start":{"line":42,"column":0},"end":{"line":42,"column":null}}]},"2":{"loc":{"start":{"line":54,"column":0},"end":{"line":54,"column":8}},"type":"cond-expr","locations":[{"start":{"line":54,"column":0},"end":{"line":54,"column":8}},{"start":{"line":56,"column":0},"end":{"line":60,"column":null}}]},"3":{"loc":{"start":{"line":57,"column":0},"end":{"line":57,"column":null}},"type":"cond-expr","locations":[{"start":{"line":57,"column":0},"end":{"line":57,"column":null}},{"start":{"line":60,"column":0},"end":{"line":60,"column":null}}]}},"s":{"0":0,"1":0,"2":0,"3":0,"4":0,"5":0,"6":0,"7":0},"f":{"0":0,"1":0,"2":0,"3":0},"b":{"0":[0,0],"1":[0,0],"2":[0,0],"3":[0,0]}}
,"C:\\Projects\\rowa-dev\\frontend\\dist\\js\\webpack:\\src\\components\\home\\Farm\\Module.vue?4b39": {"path":"C:\\Projects\\rowa-dev\\frontend\\dist\\js\\webpack:\\src\\components\\home\\Farm\\Module.vue?4b39","statementMap":{"0":{"start":{"line":1,"column":0},"end":{"line":1,"column":695}},"1":{"start":{"line":1,"column":695},"end":{"line":1,"column":null}}},"fnMap":{"0":{"name":"(anonymous_127)","decl":{"start":{"line":1,"column":0},"end":{"line":1,"column":695}},"loc":{"start":{"line":1,"column":0},"end":{"line":1,"column":null}}}},"branchMap":{},"s":{"0":0,"1":0},"f":{"0":0},"b":{}}
,"C:\\Projects\\rowa-dev\\frontend\\dist\\js\\webpack:\\src\\components\\home\\Farm\\Module.vue?9c70": {"path":"C:\\Projects\\rowa-dev\\frontend\\dist\\js\\webpack:\\src\\components\\home\\Farm\\Module.vue?9c70","statementMap":{"0":{"start":{"line":1,"column":485},"end":{"line":1,"column":null}}},"fnMap":{},"branchMap":{},"s":{"0":0},"f":{},"b":{}}
,"C:\\Projects\\rowa-dev\\frontend\\dist\\js\\webpack:\\src\\components\\home\\Farm\\Module.vue?ae0d": {"path":"C:\\Projects\\rowa-dev\\frontend\\dist\\js\\webpack:\\src\\components\\home\\Farm\\Module.vue?ae0d","statementMap":{"0":{"start":{"line":1,"column":13},"end":{"line":1,"column":null}},"1":{"start":{"line":1,"column":34},"end":{"line":1,"column":43}},"2":{"start":{"line":1,"column":46},"end":{"line":1,"column":69}},"3":{"start":{"line":1,"column":72},"end":{"line":1,"column":89}},"4":{"start":{"line":1,"column":89},"end":{"line":1,"column":null}},"5":{"start":{"line":1,"column":309},"end":{"line":1,"column":632}},"6":{"start":{"line":1,"column":1168},"end":{"line":1,"column":1599}},"7":{"start":{"line":2,"column":22},"end":{"line":2,"column":null}}},"fnMap":{"0":{"name":"(anonymous_112)","decl":{"start":{"line":1,"column":13},"end":{"line":1,"column":26}},"loc":{"start":{"line":1,"column":13},"end":{"line":1,"column":null}}},"1":{"name":"(anonymous_113)","decl":{"start":{"line":1,"column":295},"end":{"line":1,"column":304}},"loc":{"start":{"line":1,"column":304},"end":{"line":1,"column":632}}},"2":{"name":"(anonymous_114)","decl":{"start":{"line":1,"column":1154},"end":{"line":1,"column":1163}},"loc":{"start":{"line":1,"column":1163},"end":{"line":1,"column":1599}}}},"branchMap":{"0":{"loc":{"start":{"line":1,"column":72},"end":{"line":1,"column":86}},"type":"binary-expr","locations":[{"start":{"line":1,"column":72},"end":{"line":1,"column":86}},{"start":{"line":1,"column":86},"end":{"line":1,"column":89}}]},"1":{"loc":{"start":{"line":1,"column":434},"end":{"line":1,"column":562}},"type":"cond-expr","locations":[{"start":{"line":1,"column":434},"end":{"line":1,"column":562}},{"start":{"line":1,"column":562},"end":{"line":1,"column":632}}]},"2":{"loc":{"start":{"line":1,"column":1368},"end":{"line":1,"column":1487}},"type":"cond-expr","locations":[{"start":{"line":1,"column":1368},"end":{"line":1,"column":1487}},{"start":{"line":1,"column":1487},"end":{"line":1,"column":1498}}]},"3":{"loc":{"start":{"line":1,"column":1446},"end":{"line":1,"column":1480}},"type":"cond-expr","locations":[{"start":{"line":1,"column":1446},"end":{"line":1,"column":1480}},{"start":{"line":1,"column":1480},"end":{"line":1,"column":1487}}]},"4":{"loc":{"start":{"line":1,"column":1599},"end":{"line":1,"column":1612}},"type":"cond-expr","locations":[{"start":{"line":1,"column":1599},"end":{"line":1,"column":1612}},{"start":{"line":1,"column":1526},"end":{"line":1,"column":1599}}]}},"s":{"0":0,"1":0,"2":0,"3":0,"4":0,"5":0,"6":0,"7":0},"f":{"0":0,"1":0,"2":0},"b":{"0":[0,0],"1":[0,0],"2":[0,0],"3":[0,0],"4":[0,0]}}
,"C:\\Projects\\rowa-dev\\frontend\\dist\\js\\webpack:\\src\\components\\home\\Stats\\StatBox.vue": {"path":"C:\\Projects\\rowa-dev\\frontend\\dist\\js\\webpack:\\src\\components\\home\\Stats\\StatBox.vue","statementMap":{"0":{"start":{"line":21,"column":0},"end":{"line":21,"column":null}},"1":{"start":{"line":21,"column":0},"end":{"line":29,"column":4}},"2":{"start":{"line":20,"column":15},"end":{"line":20,"column":null}},"3":{"start":{"line":25,"column":0},"end":{"line":25,"column":null}}},"fnMap":{},"branchMap":{},"s":{"0":0,"1":0,"2":0,"3":0},"f":{},"b":{}}
,"C:\\Projects\\rowa-dev\\frontend\\dist\\js\\webpack:\\src\\components\\home\\Stats\\StatBox.vue?34b0": {"path":"C:\\Projects\\rowa-dev\\frontend\\dist\\js\\webpack:\\src\\components\\home\\Stats\\StatBox.vue?34b0","statementMap":{"0":{"start":{"line":1,"column":13},"end":{"line":1,"column":null}},"1":{"start":{"line":1,"column":34},"end":{"line":1,"column":43}},"2":{"start":{"line":1,"column":46},"end":{"line":1,"column":69}},"3":{"start":{"line":1,"column":72},"end":{"line":1,"column":89}},"4":{"start":{"line":1,"column":89},"end":{"line":1,"column":null}},"5":{"start":{"line":2,"column":22},"end":{"line":2,"column":null}}},"fnMap":{"0":{"name":"(anonymous_70)","decl":{"start":{"line":1,"column":13},"end":{"line":1,"column":26}},"loc":{"start":{"line":1,"column":13},"end":{"line":1,"column":null}}}},"branchMap":{"0":{"loc":{"start":{"line":1,"column":72},"end":{"line":1,"column":86}},"type":"binary-expr","locations":[{"start":{"line":1,"column":72},"end":{"line":1,"column":86}},{"start":{"line":1,"column":86},"end":{"line":1,"column":89}}]},"1":{"loc":{"start":{"line":1,"column":318},"end":{"line":1,"column":551}},"type":"cond-expr","locations":[{"start":{"line":1,"column":318},"end":{"line":1,"column":551}},{"start":{"line":1,"column":551},"end":{"line":1,"column":561}}]},"2":{"loc":{"start":{"line":1,"column":582},"end":{"line":1,"column":776}},"type":"cond-expr","locations":[{"start":{"line":1,"column":582},"end":{"line":1,"column":776}},{"start":{"line":1,"column":776},"end":{"line":1,"column":786}}]}},"s":{"0":0,"1":0,"2":0,"3":0,"4":0,"5":0},"f":{"0":0},"b":{"0":[0,0],"1":[0,0],"2":[0,0]}}
,"C:\\Projects\\rowa-dev\\frontend\\dist\\js\\webpack:\\src\\components\\home\\Stats\\StatBox.vue?5003": {"path":"C:\\Projects\\rowa-dev\\frontend\\dist\\js\\webpack:\\src\\components\\home\\Stats\\StatBox.vue?5003","statementMap":{"0":{"start":{"line":1,"column":486},"end":{"line":1,"column":null}}},"fnMap":{},"branchMap":{},"s":{"0":0},"f":{},"b":{}}
,"C:\\Projects\\rowa-dev\\frontend\\dist\\js\\webpack:\\src\\components\\home\\Stats\\StatBox.vue?9cf3": {"path":"C:\\Projects\\rowa-dev\\frontend\\dist\\js\\webpack:\\src\\components\\home\\Stats\\StatBox.vue?9cf3","statementMap":{"0":{"start":{"line":1,"column":0},"end":{"line":1,"column":696}},"1":{"start":{"line":1,"column":696},"end":{"line":1,"column":null}}},"fnMap":{"0":{"name":"(anonymous_137)","decl":{"start":{"line":1,"column":0},"end":{"line":1,"column":696}},"loc":{"start":{"line":1,"column":0},"end":{"line":1,"column":null}}}},"branchMap":{},"s":{"0":0,"1":0},"f":{"0":0},"b":{}}
,"C:\\Projects\\rowa-dev\\frontend\\dist\\js\\webpack:\\src\\components\\home\\Stats\\StatGraphic.vue": {"path":"C:\\Projects\\rowa-dev\\frontend\\dist\\js\\webpack:\\src\\components\\home\\Stats\\StatGraphic.vue","statementMap":{"0":{"start":{"line":21,"column":0},"end":{"line":47,"column":4}},"1":{"start":{"line":27,"column":4},"end":{"line":30,"column":6}},"2":{"start":{"line":34,"column":0},"end":{"line":34,"column":4}},"3":{"start":{"line":35,"column":6},"end":{"line":38,"column":8}},"4":{"start":{"line":36,"column":8},"end":{"line":38,"column":8}},"5":{"start":{"line":43,"column":4},"end":{"line":44,"column":4}},"6":{"start":{"line":47,"column":4},"end":{"line":1,"column":489}},"7":{"start":{"line":8,"column":16},"end":{"line":15,"column":null}},"8":{"start":{"line":19,"column":15},"end":{"line":19,"column":null}},"9":{"start":{"line":25,"column":0},"end":{"line":25,"column":null}}},"fnMap":{"0":{"name":"(anonymous_71)","decl":{"start":{"line":21,"column":0},"end":{"line":21,"column":null}},"loc":{"start":{"line":21,"column":0},"end":{"line":30,"column":6}}},"1":{"name":"(anonymous_72)","decl":{"start":{"line":34,"column":0},"end":{"line":34,"column":4}},"loc":{"start":{"line":34,"column":0},"end":{"line":38,"column":8}}},"2":{"name":"(anonymous_73)","decl":{"start":{"line":35,"column":0},"end":{"line":35,"column":6}},"loc":{"start":{"line":35,"column":0},"end":{"line":38,"column":8}}},"3":{"name":"xt","decl":{"start":{"line":25,"column":0},"end":{"line":25,"column":null}},"loc":{"start":{"line":25,"column":0},"end":{"line":25,"column":null}}}},"branchMap":{"0":{"loc":{"start":{"line":25,"column":0},"end":{"line":25,"column":null}},"type":"if","locations":[{"start":{"line":25,"column":0},"end":{"line":25,"column":null}},{"start":{"line":25,"column":0},"end":{"line":25,"column":null}}]}},"s":{"0":0,"1":0,"2":0,"3":0,"4":0,"5":0,"6":0,"7":0,"8":0,"9":0},"f":{"0":0,"1":0,"2":0,"3":0},"b":{"0":[0,0]}}
,"C:\\Projects\\rowa-dev\\frontend\\dist\\js\\webpack:\\src\\components\\home\\Stats\\StatGraphic.vue?003f": {"path":"C:\\Projects\\rowa-dev\\frontend\\dist\\js\\webpack:\\src\\components\\home\\Stats\\StatGraphic.vue?003f","statementMap":{"0":{"start":{"line":1,"column":490},"end":{"line":1,"column":null}}},"fnMap":{},"branchMap":{},"s":{"0":0},"f":{},"b":{}}
,"C:\\Projects\\rowa-dev\\frontend\\dist\\js\\webpack:\\src\\components\\home\\Stats\\StatGraphic.vue?8f26": {"path":"C:\\Projects\\rowa-dev\\frontend\\dist\\js\\webpack:\\src\\components\\home\\Stats\\StatGraphic.vue?8f26","statementMap":{"0":{"start":{"line":1,"column":4},"end":{"line":1,"column":13}},"1":{"start":{"line":1,"column":13},"end":{"line":1,"column":null}},"2":{"start":{"line":1,"column":34},"end":{"line":1,"column":43}},"3":{"start":{"line":1,"column":46},"end":{"line":1,"column":69}},"4":{"start":{"line":1,"column":72},"end":{"line":1,"column":89}},"5":{"start":{"line":1,"column":89},"end":{"line":1,"column":null}},"6":{"start":{"line":2,"column":22},"end":{"line":2,"column":null}}},"fnMap":{"0":{"name":"(anonymous_69)","decl":{"start":{"line":1,"column":13},"end":{"line":1,"column":26}},"loc":{"start":{"line":1,"column":13},"end":{"line":1,"column":null}}}},"branchMap":{"0":{"loc":{"start":{"line":1,"column":72},"end":{"line":1,"column":86}},"type":"binary-expr","locations":[{"start":{"line":1,"column":72},"end":{"line":1,"column":86}},{"start":{"line":1,"column":86},"end":{"line":1,"column":89}}]}},"s":{"0":0,"1":0,"2":0,"3":0,"4":0,"5":0,"6":0},"f":{"0":0},"b":{"0":[0,0]}}
,"C:\\Projects\\rowa-dev\\frontend\\dist\\js\\webpack:\\src\\components\\icons\\AdminSettings.vue": {"path":"C:\\Projects\\rowa-dev\\frontend\\dist\\js\\webpack:\\src\\components\\icons\\AdminSettings.vue","statementMap":{"0":{"start":{"line":8,"column":0},"end":{"line":9,"column":2}},"1":{"start":{"line":8,"column":16},"end":{"line":15,"column":null}}},"fnMap":{},"branchMap":{},"s":{"0":0,"1":0},"f":{},"b":{}}
,"C:\\Projects\\rowa-dev\\frontend\\dist\\js\\webpack:\\src\\components\\icons\\AdminSettings.vue?162f": {"path":"C:\\Projects\\rowa-dev\\frontend\\dist\\js\\webpack:\\src\\components\\icons\\AdminSettings.vue?162f","statementMap":{"0":{"start":{"line":1,"column":4},"end":{"line":1,"column":13}},"1":{"start":{"line":1,"column":13},"end":{"line":1,"column":null}},"2":{"start":{"line":1,"column":34},"end":{"line":1,"column":43}},"3":{"start":{"line":1,"column":46},"end":{"line":1,"column":69}},"4":{"start":{"line":1,"column":72},"end":{"line":1,"column":89}},"5":{"start":{"line":1,"column":89},"end":{"line":1,"column":null}},"6":{"start":{"line":2,"column":22},"end":{"line":2,"column":null}}},"fnMap":{"0":{"name":"(anonymous_108)","decl":{"start":{"line":1,"column":13},"end":{"line":1,"column":26}},"loc":{"start":{"line":1,"column":13},"end":{"line":1,"column":null}}}},"branchMap":{"0":{"loc":{"start":{"line":1,"column":72},"end":{"line":1,"column":86}},"type":"binary-expr","locations":[{"start":{"line":1,"column":72},"end":{"line":1,"column":86}},{"start":{"line":1,"column":86},"end":{"line":1,"column":89}}]}},"s":{"0":0,"1":0,"2":0,"3":0,"4":0,"5":0,"6":0},"f":{"0":0},"b":{"0":[0,0]}}
,"C:\\Projects\\rowa-dev\\frontend\\dist\\js\\webpack:\\src\\components\\icons\\AdminSettings.vue?40e5": {"path":"C:\\Projects\\rowa-dev\\frontend\\dist\\js\\webpack:\\src\\components\\icons\\AdminSettings.vue?40e5","statementMap":{"0":{"start":{"line":1,"column":474},"end":{"line":1,"column":null}}},"fnMap":{},"branchMap":{},"s":{"0":0},"f":{},"b":{}}
,"C:\\Projects\\rowa-dev\\frontend\\dist\\js\\webpack:\\src\\components\\main\\ButtonPill.vue": {"path":"C:\\Projects\\rowa-dev\\frontend\\dist\\js\\webpack:\\src\\components\\main\\ButtonPill.vue","statementMap":{"0":{"start":{"line":17,"column":0},"end":{"line":17,"column":null}},"1":{"start":{"line":17,"column":0},"end":{"line":23,"column":null}},"2":{"start":{"line":9,"column":4},"end":{"line":9,"column":null}},"3":{"start":{"line":9,"column":16},"end":{"line":16,"column":null}},"4":{"start":{"line":20,"column":15},"end":{"line":20,"column":null}},"5":{"start":{"line":26,"column":0},"end":{"line":26,"column":null}}},"fnMap":{"0":{"name":"j","decl":{"start":{"line":17,"column":0},"end":{"line":17,"column":null}},"loc":{"start":{"line":17,"column":0},"end":{"line":17,"column":null}}}},"branchMap":{"0":{"loc":{"start":{"line":17,"column":0},"end":{"line":17,"column":null}},"type":"if","locations":[{"start":{"line":17,"column":0},"end":{"line":17,"column":null}},{"start":{"line":17,"column":0},"end":{"line":17,"column":null}}]}},"s":{"0":0,"1":0,"2":0,"3":0,"4":0,"5":0},"f":{"0":0},"b":{"0":[0,0]}}
,"C:\\Projects\\rowa-dev\\frontend\\dist\\js\\webpack:\\src\\components\\main\\ButtonPill.vue?0737": {"path":"C:\\Projects\\rowa-dev\\frontend\\dist\\js\\webpack:\\src\\components\\main\\ButtonPill.vue?0737","statementMap":{"0":{"start":{"line":1,"column":0},"end":{"line":1,"column":678}},"1":{"start":{"line":1,"column":678},"end":{"line":1,"column":null}}},"fnMap":{"0":{"name":"(anonymous_139)","decl":{"start":{"line":1,"column":0},"end":{"line":1,"column":678}},"loc":{"start":{"line":1,"column":0},"end":{"line":1,"column":null}}}},"branchMap":{},"s":{"0":0,"1":0},"f":{"0":0},"b":{}}
,"C:\\Projects\\rowa-dev\\frontend\\dist\\js\\webpack:\\src\\components\\main\\ButtonPill.vue?63d4": {"path":"C:\\Projects\\rowa-dev\\frontend\\dist\\js\\webpack:\\src\\components\\main\\ButtonPill.vue?63d4","statementMap":{"0":{"start":{"line":1,"column":13},"end":{"line":1,"column":null}},"1":{"start":{"line":1,"column":34},"end":{"line":1,"column":43}},"2":{"start":{"line":1,"column":46},"end":{"line":1,"column":69}},"3":{"start":{"line":1,"column":72},"end":{"line":1,"column":89}},"4":{"start":{"line":1,"column":89},"end":{"line":1,"column":null}},"5":{"start":{"line":2,"column":22},"end":{"line":2,"column":null}}},"fnMap":{"0":{"name":"(anonymous_39)","decl":{"start":{"line":1,"column":13},"end":{"line":1,"column":26}},"loc":{"start":{"line":1,"column":13},"end":{"line":1,"column":null}}}},"branchMap":{"0":{"loc":{"start":{"line":1,"column":72},"end":{"line":1,"column":86}},"type":"binary-expr","locations":[{"start":{"line":1,"column":72},"end":{"line":1,"column":86}},{"start":{"line":1,"column":86},"end":{"line":1,"column":89}}]},"1":{"loc":{"start":{"line":1,"column":213},"end":{"line":1,"column":279}},"type":"cond-expr","locations":[{"start":{"line":1,"column":213},"end":{"line":1,"column":279}},{"start":{"line":1,"column":279},"end":{"line":1,"column":345}}]},"2":{"loc":{"start":{"line":1,"column":506},"end":{"line":1,"column":572}},"type":"cond-expr","locations":[{"start":{"line":1,"column":506},"end":{"line":1,"column":572}},{"start":{"line":1,"column":440},"end":{"line":1,"column":506}}]}},"s":{"0":0,"1":0,"2":0,"3":0,"4":0,"5":0},"f":{"0":0},"b":{"0":[0,0],"1":[0,0],"2":[0,0]}}
,"C:\\Projects\\rowa-dev\\frontend\\dist\\js\\webpack:\\src\\components\\main\\ButtonPill.vue?c563": {"path":"C:\\Projects\\rowa-dev\\frontend\\dist\\js\\webpack:\\src\\components\\main\\ButtonPill.vue?c563","statementMap":{"0":{"start":{"line":1,"column":471},"end":{"line":1,"column":null}}},"fnMap":{},"branchMap":{},"s":{"0":0},"f":{},"b":{}}
,"C:\\Projects\\rowa-dev\\frontend\\dist\\js\\webpack:\\src\\components\\main\\FarmTransition.vue": {"path":"C:\\Projects\\rowa-dev\\frontend\\dist\\js\\webpack:\\src\\components\\main\\FarmTransition.vue","statementMap":{"0":{"start":{"line":18,"column":0},"end":{"line":18,"column":null}},"1":{"start":{"line":18,"column":0},"end":{"line":70,"column":4}},"2":{"start":{"line":24,"column":4},"end":{"line":29,"column":6}},"3":{"start":{"line":34,"column":0},"end":{"line":34,"column":null}},"4":{"start":{"line":34,"column":0},"end":{"line":33,"column":4}},"5":{"start":{"line":35,"column":6},"end":{"line":37,"column":3}},"6":{"start":{"line":37,"column":0},"end":{"line":37,"column":4}},"7":{"start":{"line":38,"column":0},"end":{"line":38,"column":null}},"8":{"start":{"line":39,"column":0},"end":{"line":39,"column":8}},"9":{"start":{"line":39,"column":8},"end":{"line":40,"column":-1}},"10":{"start":{"line":40,"column":0},"end":{"line":40,"column":null}},"11":{"start":{"line":41,"column":0},"end":{"line":41,"column":null}},"12":{"start":{"line":42,"column":6},"end":{"line":45,"column":1}},"13":{"start":{"line":47,"column":0},"end":{"line":47,"column":null}},"14":{"start":{"line":46,"column":0},"end":{"line":47,"column":null}},"15":{"start":{"line":48,"column":6},"end":{"line":51,"column":1}},"16":{"start":{"line":51,"column":0},"end":{"line":51,"column":2}},"17":{"start":{"line":52,"column":0},"end":{"line":52,"column":null}},"18":{"start":{"line":53,"column":4},"end":{"line":65,"column":8}},"19":{"start":{"line":56,"column":8},"end":{"line":58,"column":5}},"20":{"start":{"line":59,"column":0},"end":{"line":59,"column":8}},"21":{"start":{"line":60,"column":0},"end":{"line":60,"column":null}},"22":{"start":{"line":61,"column":8},"end":{"line":63,"column":5}},"23":{"start":{"line":64,"column":8},"end":{"line":65,"column":8}},"24":{"start":{"line":70,"column":4},"end":{"line":1,"column":474}},"25":{"start":{"line":20,"column":15},"end":{"line":20,"column":null}},"26":{"start":{"line":25,"column":0},"end":{"line":25,"column":null}}},"fnMap":{"0":{"name":"(anonymous_48)","decl":{"start":{"line":18,"column":0},"end":{"line":18,"column":null}},"loc":{"start":{"line":18,"column":0},"end":{"line":29,"column":6}}},"1":{"name":"(anonymous_49)","decl":{"start":{"line":32,"column":0},"end":{"line":32,"column":2}},"loc":{"start":{"line":33,"column":0},"end":{"line":35,"column":6}}},"2":{"name":"(anonymous_51)","decl":{"start":{"line":39,"column":0},"end":{"line":39,"column":8}},"loc":{"start":{"line":39,"column":0},"end":{"line":39,"column":8}}},"3":{"name":"(anonymous_52)","decl":{"start":{"line":45,"column":0},"end":{"line":45,"column":2}},"loc":{"start":{"line":45,"column":0},"end":{"line":48,"column":6}}},"4":{"name":"(anonymous_54)","decl":{"start":{"line":55,"column":0},"end":{"line":55,"column":6}},"loc":{"start":{"line":55,"column":0},"end":{"line":56,"column":8}}},"5":{"name":"(anonymous_55)","decl":{"start":{"line":58,"column":0},"end":{"line":58,"column":6}},"loc":{"start":{"line":58,"column":0},"end":{"line":61,"column":8}}},"6":{"name":"(anonymous_56)","decl":{"start":{"line":63,"column":0},"end":{"line":63,"column":6}},"loc":{"star
[...]
:{"line":121,"column":null}}},"1":{"name":"(anonymous_2)","decl":{"start":{"line":124,"column":0},"end":{"line":124,"column":null}},"loc":{"start":{"line":124,"column":0},"end":{"line":134,"column":null}}},"2":{"name":"(anonymous_3)","decl":{"start":{"line":125,"column":0},"end":{"line":125,"column":null}},"loc":{"start":{"line":125,"column":0},"end":{"line":130,"column":null}}},"3":{"name":"(anonymous_4)","decl":{"start":{"line":130,"column":0},"end":{"line":130,"column":null}},"loc":{"start":{"line":130,"column":0},"end":{"line":133,"column":null}}},"4":{"name":"(anonymous_5)","decl":{"start":{"line":135,"column":0},"end":{"line":135,"column":null}},"loc":{"start":{"line":135,"column":0},"end":{"line":146,"column":null}}},"5":{"name":"(anonymous_6)","decl":{"start":{"line":136,"column":0},"end":{"line":136,"column":null}},"loc":{"start":{"line":136,"column":0},"end":{"line":142,"column":null}}},"6":{"name":"(anonymous_7)","decl":{"start":{"line":142,"column":0},"end":{"line":142,"column":null}},"loc":{"start":{"line":142,"column":0},"end":{"line":145,"column":null}}},"7":{"name":"(anonymous_8)","decl":{"start":{"line":148,"column":0},"end":{"line":148,"column":null}},"loc":{"start":{"line":148,"column":0},"end":{"line":152,"column":null}}},"8":{"name":"(anonymous_9)","decl":{"start":{"line":154,"column":0},"end":{"line":154,"column":null}},"loc":{"start":{"line":154,"column":0},"end":{"line":161,"column":null}}},"9":{"name":"(anonymous_10)","decl":{"start":{"line":162,"column":0},"end":{"line":162,"column":null}},"loc":{"start":{"line":162,"column":0},"end":{"line":169,"column":null}}}},"branchMap":{"0":{"loc":{"start":{"line":155,"column":0},"end":{"line":160,"column":null}},"type":"if","locations":[{"start":{"line":155,"column":0},"end":{"line":160,"column":null}},{"start":{"line":155,"column":0},"end":{"line":160,"column":null}}]},"1":{"loc":{"start":{"line":163,"column":0},"end":{"line":168,"column":null}},"type":"if","locations":[{"start":{"line":163,"column":0},"end":{"line":168,"column":null}},{"start":{"line":163,"column":0},"end":{"line":168,"column":null}}]}},"s":{"0":0,"1":0,"2":0,"3":0,"4":0,"5":0,"6":0,"7":0,"8":0,"9":0,"10":0,"11":0,"12":0,"13":0,"14":0,"15":0,"16":0,"17":0,"18":0},"f":{"0":0,"1":0,"2":0,"3":0,"4":0,"5":0,"6":0,"7":0,"8":0,"9":0},"b":{"0":[0,0],"1":[0,0]}}
,"C:\\Projects\\rowa-dev\\frontend\\src\\views\\Harvest.vue": {"path":"C:\\Projects\\rowa-dev\\frontend\\src\\views\\Harvest.vue","statementMap":{"0":{"start":{"line":154,"column":0},"end":{"line":154,"column":null}},"1":{"start":{"line":155,"column":0},"end":{"line":155,"column":null}},"2":{"start":{"line":156,"column":0},"end":{"line":156,"column":null}},"3":{"start":{"line":157,"column":0},"end":{"line":157,"column":null}},"4":{"start":{"line":158,"column":0},"end":{"line":158,"column":null}},"5":{"start":{"line":169,"column":0},"end":{"line":169,"column":null}},"6":{"start":{"line":181,"column":0},"end":{"line":197,"column":null}},"7":{"start":{"line":189,"column":0},"end":{"line":189,"column":null}},"8":{"start":{"line":196,"column":0},"end":{"line":196,"column":null}},"9":{"start":{"line":201,"column":0},"end":{"line":201,"column":null}},"10":{"start":{"line":202,"column":0},"end":{"line":202,"column":null}},"11":{"start":{"line":203,"column":0},"end":{"line":203,"column":null}},"12":{"start":{"line":204,"column":0},"end":{"line":204,"column":null}},"13":{"start":{"line":208,"column":0},"end":{"line":209,"column":null}},"14":{"start":{"line":212,"column":0},"end":{"line":215,"column":null}},"15":{"start":{"line":214,"column":0},"end":{"line":214,"column":null}},"16":{"start":{"line":218,"column":0},"end":{"line":222,"column":null}},"17":{"start":{"line":221,"column":0},"end":{"line":221,"column":null}},"18":{"start":{"line":225,"column":0},"end":{"line":225,"column":null}},"19":{"start":{"line":227,"column":0},"end":{"line":230,"column":null}},"20":{"start":{"line":229,"column":0},"end":{"line":229,"column":null}},"21":{"start":{"line":235,"column":0},"end":{"line":237,"column":null}},"22":{"start":{"line":236,"column":0},"end":{"line":236,"column":null}},"23":{"start":{"line":242,"column":0},"end":{"line":242,"column":null}}},"fnMap":{"0":{"name":"(anonymous_1)","decl":{"start":{"line":168,"column":0},"end":{"line":168,"column":null}},"loc":{"start":{"line":168,"column":0},"end":{"line":178,"column":null}}},"1":{"name":"(anonymous_2)","decl":{"start":{"line":180,"column":0},"end":{"line":180,"column":null}},"loc":{"start":{"line":180,"column":0},"end":{"line":198,"column":null}}},"2":{"name":"(anonymous_3)","decl":{"start":{"line":182,"column":0},"end":{"line":182,"column":null}},"loc":{"start":{"line":182,"column":0},"end":{"line":194,"column":null}}},"3":{"name":"(anonymous_4)","decl":{"start":{"line":194,"column":0},"end":{"line":194,"column":null}},"loc":{"start":{"line":194,"column":0},"end":{"line":197,"column":null}}},"4":{"name":"(anonymous_5)","decl":{"start":{"line":200,"column":0},"end":{"line":200,"column":null}},"loc":{"start":{"line":200,"column":0},"end":{"line":205,"column":null}}},"5":{"name":"(anonymous_6)","decl":{"start":{"line":207,"column":0},"end":{"line":207,"column":null}},"loc":{"start":{"line":207,"column":0},"end":{"line":216,"column":null}}},"6":{"name":"(anonymous_7)","decl":{"start":{"line":212,"column":0},"end":{"line":212,"column":null}},"loc":{"start":{"line":212,"column":0},"end":{"line":215,"column":null}}},"7":{"name":"(anonymous_8)","decl":{"start":{"line":217,"column":0},"end":{"line":217,"column":null}},"loc":{"start":{"line":217,"column":0},"end":{"line":223,"column":null}}},"8":{"name":"(anonymous_9)","decl":{"start":{"line":218,"column":0},"end":{"line":218,"column":null}},"loc":{"start":{"line":218,"column":0},"end":{"line":222,"column":null}}},"9":{"name":"(anonymous_10)","decl":{"start":{"line":224,"column":0},"end":{"line":224,"column":null}},"loc":{"start":{"line":224,"column":0},"end":{"line":232,"column":null}}},"10":{"name":"(anonymous_11)","decl":{"start":{"line":227,"column":0},"end":{"line":227,"column":null}},"loc":{"start":{"line":227,"column":0},"end":{"line":230,"column":null}}},"11":{"name":"(anonymous_12)","decl":{"start":{"line":234,"column":0},"end":{"line":234,"column":null}},"loc":{"start":{"line":234,"column":0},"end":{"line":238,"column":null}}},"12":{"name":"(anonymous_13)","decl":{"start":{"line":235,"column":0},"end":{"line":235,"column":null}},"loc":{"start":{"line":235,"column":0},"end":{"line":237,"column":null}}},"13":{"name":"(anonymous_14)","decl":{"start":{"line":241,"column":0},"end":{"line":241,"column":null}},"loc":{"start":{"line":241,"column":0},"end":{"line":243,"column":null}}}},"branchMap":{},"s":{"0":0,"1":0,"2":0,"3":0,"4":0,"5":0,"6":0,"7":0,"8":0,"9":0,"10":0,"11":0,"12":0,"13":0,"14":0,"15":0,"16":0,"17":0,"18":0,"19":0,"20":0,"21":0,"22":0,"23":0},"f":{"0":0,"1":0,"2":0,"3":0,"4":0,"5":0,"6":0,"7":0,"8":0,"9":0,"10":0,"11":0,"12":0,"13":0},"b":{}}
,"C:\\Projects\\rowa-dev\\frontend\\src\\views\\Home.vue": {"path":"C:\\Projects\\rowa-dev\\frontend\\src\\views\\Home.vue","statementMap":{"0":{"start":{"line":33,"column":0},"end":{"line":33,"column":null}},"1":{"start":{"line":34,"column":0},"end":{"line":34,"column":null}},"2":{"start":{"line":35,"column":0},"end":{"line":35,"column":null}},"3":{"start":{"line":36,"column":0},"end":{"line":36,"column":null}},"4":{"start":{"line":37,"column":0},"end":{"line":37,"column":null}},"5":{"start":{"line":38,"column":0},"end":{"line":38,"column":null}},"6":{"start":{"line":49,"column":0},"end":{"line":49,"column":null}},"7":{"start":{"line":67,"column":0},"end":{"line":67,"column":null}},"8":{"start":{"line":68,"column":0},"end":{"line":75,"column":null}},"9":{"start":{"line":70,"column":0},"end":{"line":70,"column":null}},"10":{"start":{"line":71,"column":0},"end":{"line":71,"column":null}},"11":{"start":{"line":74,"column":0},"end":{"line":74,"column":null}},"12":{"start":{"line":78,"column":0},"end":{"line":78,"column":null}},"13":{"start":{"line":81,"column":0},"end":{"line":81,"column":null}},"14":{"start":{"line":82,"column":0},"end":{"line":82,"column":null}},"15":{"start":{"line":87,"column":0},"end":{"line":87,"column":null}},"16":{"start":{"line":91,"column":0},"end":{"line":91,"column":null}}},"fnMap":{"0":{"name":"(anonymous_1)","decl":{"start":{"line":48,"column":0},"end":{"line":48,"column":null}},"loc":{"start":{"line":48,"column":0},"end":{"line":63,"column":null}}},"1":{"name":"(anonymous_2)","decl":{"start":{"line":66,"column":0},"end":{"line":66,"column":null}},"loc":{"start":{"line":66,"column":0},"end":{"line":76,"column":null}}},"2":{"name":"(anonymous_3)","decl":{"start":{"line":68,"column":0},"end":{"line":68,"column":null}},"loc":{"start":{"line":68,"column":0},"end":{"line":72,"column":null}}},"3":{"name":"(anonymous_4)","decl":{"start":{"line":72,"column":0},"end":{"line":72,"column":null}},"loc":{"start":{"line":72,"column":0},"end":{"line":75,"column":null}}},"4":{"name":"(anonymous_5)","decl":{"start":{"line":77,"column":0},"end":{"line":77,"column":null}},"loc":{"start":{"line":77,"column":0},"end":{"line":79,"column":null}}},"5":{"name":"(anonymous_6)","decl":{"start":{"line":80,"column":0},"end":{"line":80,"column":null}},"loc":{"start":{"line":80,"column":0},"end":{"line":83,"column":null}}},"6":{"name":"(anonymous_7)","decl":{"start":{"line":85,"column":0},"end":{"line":85,"column":null}},"loc":{"start":{"line":85,"column":0},"end":{"line":89,"column":null}}},"7":{"name":"(anonymous_8)","decl":{"start":{"line":90,"column":0},"end":{"line":90,"column":null}},"loc":{"start":{"line":90,"column":0},"end":{"line":92,"column":null}}}},"branchMap":{},"s":{"0":0,"1":0,"2":0,"3":0,"4":0,"5":0,"6":0,"7":0,"8":0,"9":0,"10":0,"11":0,"12":0,"13":0,"14":0,"15":0,"16":0},"f":{"0":0,"1":0,"2":0,"3":0,"4":0,"5":0,"6":0,"7":0},"b":{}}
,"C:\\Projects\\rowa-dev\\frontend\\src\\views\\ModuleTypeSettings.vue": {"path":"C:\\Projects\\rowa-dev\\frontend\\src\\views\\ModuleTypeSettings.vue","statementMap":{"0":{"start":{"line":48,"column":0},"end":{"line":48,"column":null}},"1":{"start":{"line":49,"column":0},"end":{"line":49,"column":null}},"2":{"start":{"line":56,"column":0},"end":{"line":56,"column":null}},"3":{"start":{"line":63,"column":0},"end":{"line":63,"column":null}},"4":{"start":{"line":66,"column":0},"end":{"line":75,"column":null}},"5":{"start":{"line":74,"column":0},"end":{"line":74,"column":null}},"6":{"start":{"line":78,"column":0},"end":{"line":85,"column":null}},"7":{"start":{"line":81,"column":0},"end":{"line":81,"column":null}},"8":{"start":{"line":84,"column":0},"end":{"line":84,"column":null}},"9":{"start":{"line":88,"column":0},"end":{"line":97,"column":null}},"10":{"start":{"line":91,"column":0},"end":{"line":93,"column":null}},"11":{"start":{"line":92,"column":0},"end":{"line":92,"column":null}},"12":{"start":{"line":96,"column":0},"end":{"line":96,"column":null}},"13":{"start":{"line":101,"column":0},"end":{"line":101,"column":null}},"14":{"start":{"line":102,"column":0},"end":{"line":102,"column":null}}},"fnMap":{"0":{"name":"(anonymous_1)","decl":{"start":{"line":55,"column":0},"end":{"line":55,"column":null}},"loc":{"start":{"line":55,"column":0},"end":{"line":60,"column":null}}},"1":{"name":"(anonymous_2)","decl":{"start":{"line":62,"column":0},"end":{"line":62,"column":null}},"loc":{"start":{"line":62,"column":0},"end":{"line":64,"column":null}}},"2":{"name":"(anonymous_3)","decl":{"start":{"line":65,"column":0},"end":{"line":65,"column":null}},"loc":{"start":{"line":65,"column":0},"end":{"line":76,"column":null}}},"3":{"name":"(anonymous_4)","decl":{"start":{"line":69,"column":0},"end":{"line":69,"column":null}},"loc":{"start":{"line":69,"column":0},"end":{"line":75,"column":null}}},"4":{"name":"(anonymous_5)","decl":{"start":{"line":77,"column":0},"end":{"line":77,"column":null}},"loc":{"start":{"line":77,"column":0},"end":{"line":86,"column":null}}},"5":{"name":"(anonymous_6)","decl":{"start":{"line":78,"column":0},"end":{"line":78,"column":null}},"loc":{"start":{"line":78,"column":0},"end":{"line":82,"column":null}}},"6":{"name":"(anonymous_7)","decl":{"start":{"line":82,"column":0},"end":{"line":82,"column":null}},"loc":{"start":{"line":82,"column":0},"end":{"line":85,"column":null}}},"7":{"name":"(anonymous_8)","decl":{"start":{"line":87,"column":0},"end":{"line":87,"column":null}},"loc":{"start":{"line":87,"column":0},"end":{"line":98,"column":null}}},"8":{"name":"(anonymous_9)","decl":{"start":{"line":88,"column":0},"end":{"line":88,"column":null}},"loc":{"start":{"line":88,"column":0},"end":{"line":94,"column":null}}},"9":{"name":"(anonymous_10)","decl":{"start":{"line":91,"column":0},"end":{"line":91,"column":null}},"loc":{"start":{"line":91,"column":0},"end":{"line":93,"column":null}}},"10":{"name":"(anonymous_11)","decl":{"start":{"line":94,"column":0},"end":{"line":94,"column":null}},"loc":{"start":{"line":94,"column":0},"end":{"line":97,"column":null}}},"11":{"name":"(anonymous_12)","decl":{"start":{"line":100,"column":0},"end":{"line":100,"column":null}},"loc":{"start":{"line":100,"column":0},"end":{"line":103,"column":null}}}},"branchMap":{},"s":{"0":0,"1":0,"2":0,"3":0,"4":0,"5":0,"6":0,"7":0,"8":0,"9":0,"10":0,"11":0,"12":0,"13":0,"14":0},"f":{"0":0,"1":0,"2":0,"3":0,"4":0,"5":0,"6":0,"7":0,"8":0,"9":0,"10":0,"11":0},"b":{}}
,"C:\\Projects\\rowa-dev\\frontend\\src\\views\\PinAndAdminMenu.vue": {"path":"C:\\Projects\\rowa-dev\\frontend\\src\\views\\PinAndAdminMenu.vue","statementMap":{"0":{"start":{"line":37,"column":0},"end":{"line":37,"column":null}},"1":{"start":{"line":47,"column":0},"end":{"line":47,"column":null}}},"fnMap":{"0":{"name":"(anonymous_1)","decl":{"start":{"line":46,"column":0},"end":{"line":46,"column":null}},"loc":{"start":{"line":46,"column":0},"end":{"line":50,"column":null}}}},"branchMap":{},"s":{"0":0,"1":0},"f":{"0":0},"b":{}}
,"C:\\Projects\\rowa-dev\\frontend\\src\\views\\Plant.vue": {"path":"C:\\Projects\\rowa-dev\\frontend\\src\\views\\Plant.vue","statementMap":{"0":{"start":{"line":218,"column":0},"end":{"line":218,"column":null}},"1":{"start":{"line":219,"column":0},"end":{"line":219,"column":null}},"2":{"start":{"line":220,"column":0},"end":{"line":220,"column":null}},"3":{"start":{"line":221,"column":0},"end":{"line":221,"column":null}},"4":{"start":{"line":222,"column":0},"end":{"line":222,"column":null}},"5":{"start":{"line":232,"column":0},"end":{"line":232,"column":null}},"6":{"start":{"line":242,"column":0},"end":{"line":256,"column":null}},"7":{"start":{"line":249,"column":0},"end":{"line":249,"column":null}},"8":{"start":{"line":255,"column":0},"end":{"line":255,"column":null}},"9":{"start":{"line":260,"column":0},"end":{"line":260,"column":null}},"10":{"start":{"line":261,"column":0},"end":{"line":261,"column":null}},"11":{"start":{"line":262,"column":0},"end":{"line":262,"column":null}},"12":{"start":{"line":266,"column":0},"end":{"line":267,"column":null}},"13":{"start":{"line":270,"column":0},"end":{"line":273,"column":null}},"14":{"start":{"line":272,"column":0},"end":{"line":272,"column":null}},"15":{"start":{"line":276,"column":0},"end":{"line":280,"column":null}},"16":{"start":{"line":279,"column":0},"end":{"line":279,"column":null}},"17":{"start":{"line":283,"column":0},"end":{"line":283,"column":null}},"18":{"start":{"line":285,"column":0},"end":{"line":288,"column":null}},"19":{"start":{"line":287,"column":0},"end":{"line":287,"column":null}},"20":{"start":{"line":291,"column":0},"end":{"line":293,"column":null}},"21":{"start":{"line":292,"column":0},"end":{"line":292,"column":null}},"22":{"start":{"line":298,"column":0},"end":{"line":298,"column":null}}},"fnMap":{"0":{"name":"(anonymous_1)","decl":{"start":{"line":231,"column":0},"end":{"line":231,"column":null}},"loc":{"start":{"line":231,"column":0},"end":{"line":239,"column":null}}},"1":{"name":"(anonymous_2)","decl":{"start":{"line":241,"column":0},"end":{"line":241,"column":null}},"loc":{"start":{"line":241,"column":0},"end":{"line":257,"column":null}}},"2":{"name":"(anonymous_3)","decl":{"start":{"line":244,"column":0},"end":{"line":244,"column":null}},"loc":{"start":{"line":244,"column":0},"end":{"line":253,"column":null}}},"3":{"name":"(anonymous_4)","decl":{"start":{"line":253,"column":0},"end":{"line":253,"column":null}},"loc":{"start":{"line":253,"column":0},"end":{"line":256,"column":null}}},"4":{"name":"(anonymous_5)","decl":{"start":{"line":259,"column":0},"end":{"line":259,"column":null}},"loc":{"start":{"line":259,"column":0},"end":{"line":263,"column":null}}},"5":{"name":"(anonymous_6)","decl":{"start":{"line":265,"column":0},"end":{"line":265,"column":null}},"loc":{"start":{"line":265,"column":0},"end":{"line":274,"column":null}}},"6":{"name":"(anonymous_7)","decl":{"start":{"line":270,"column":0},"end":{"line":270,"column":null}},"loc":{"start":{"line":270,"column":0},"end":{"line":273,"column":null}}},"7":{"name":"(anonymous_8)","decl":{"start":{"line":275,"column":0},"end":{"line":275,"column":null}},"loc":{"start":{"line":275,"column":0},"end":{"line":281,"column":null}}},"8":{"name":"(anonymous_9)","decl":{"start":{"line":276,"column":0},"end":{"line":276,"column":null}},"loc":{"start":{"line":276,"column":0},"end":{"line":280,"column":null}}},"9":{"name":"(anonymous_10)","decl":{"start":{"line":282,"column":0},"end":{"line":282,"column":null}},"loc":{"start":{"line":282,"column":0},"end":{"line":289,"column":null}}},"10":{"name":"(anonymous_11)","decl":{"start":{"line":285,"column":0},"end":{"line":285,"column":null}},"loc":{"start":{"line":285,"column":0},"end":{"line":288,"column":null}}},"11":{"name":"(anonymous_12)","decl":{"start":{"line":290,"column":0},"end":{"line":290,"column":null}},"loc":{"start":{"line":290,"column":0},"end":{"line":294,"column":null}}},"12":{"name":"(anonymous_13)","decl":{"start":{"line":291,"column":0},"end":{"line":291,"column":null}},"loc":{"start":{"line":291,"column":0},"end":{"line":293,"column":null}}},"13":{"name":"(anonymous_14)","decl":{"start":{"line":297,"column":0},"end":{"line":297,"column":null}},"loc":{"start":{"line":297,"column":0},"end":{"line":299,"column":null}}}},"branchMap":{},"s":{"0":0,"1":0,"2":0,"3":0,"4":0,"5":0,"6":0,"7":0,"8":0,"9":0,"10":0,"11":0,"12":0,"13":0,"14":0,"15":0,"16":0,"17":0,"18":0,"19":0,"20":0,"21":0,"22":0},"f":{"0":0,"1":0,"2":0,"3":0,"4":0,"5":0,"6":0,"7":0,"8":0,"9":0,"10":0,"11":0,"12":0,"13":0},"b":{}}
,"C:\\Projects\\rowa-dev\\frontend\\src\\views\\PlantingInstructions.vue": {"path":"C:\\Projects\\rowa-dev\\frontend\\src\\views\\PlantingInstructions.vue","statementMap":{"0":{"start":{"line":19,"column":0},"end":{"line":19,"column":null}},"1":{"start":{"line":23,"column":0},"end":{"line":23,"column":null}},"2":{"start":{"line":30,"column":0},"end":{"line":42,"column":null}},"3":{"start":{"line":36,"column":0},"end":{"line":36,"column":null}},"4":{"start":{"line":40,"column":0},"end":{"line":40,"column":null}},"5":{"start":{"line":46,"column":0},"end":{"line":46,"column":null}}},"fnMap":{"0":{"name":"(anonymous_1)","decl":{"start":{"line":22,"column":0},"end":{"line":22,"column":null}},"loc":{"start":{"line":22,"column":0},"end":{"line":26,"column":null}}},"1":{"name":"(anonymous_2)","decl":{"start":{"line":29,"column":0},"end":{"line":29,"column":null}},"loc":{"start":{"line":29,"column":0},"end":{"line":43,"column":null}}},"2":{"name":"(anonymous_3)","decl":{"start":{"line":32,"column":0},"end":{"line":32,"column":null}},"loc":{"start":{"line":32,"column":0},"end":{"line":37,"column":null}}},"3":{"name":"(anonymous_4)","decl":{"start":{"line":37,"column":0},"end":{"line":37,"column":null}},"loc":{"start":{"line":37,"column":0},"end":{"line":42,"column":null}}},"4":{"name":"(anonymous_5)","decl":{"start":{"line":45,"column":0},"end":{"line":45,"column":null}},"loc":{"start":{"line":45,"column":0},"end":{"line":47,"column":null}}}},"branchMap":{},"s":{"0":0,"1":0,"2":0,"3":0,"4":0,"5":0},"f":{"0":0,"1":0,"2":0,"3":0,"4":0},"b":{}}
}
