TN:
SF:src\App.vue
FN:12,(anonymous_1)
FNF:1
FNH:0
FNDA:0,(anonymous_1)
DA:12,0
LF:1
LH:0
BRF:0
BRH:0
end_of_record
TN:
SF:src\main.js
FN:16,(anonymous_0)
FNF:1
FNH:0
FNDA:0,(anonymous_0)
DA:8,0
DA:10,0
DA:12,0
DA:16,0
LF:4
LH:0
BRF:0
BRH:0
end_of_record
TN:
SF:src\components\admin\BatchButtonPill.vue
FNF:0
FNH:0
DA:15,0
LF:1
LH:0
BRF:0
BRH:0
end_of_record
TN:
SF:src\components\admin\PumpSettings.vue
FN:85,(anonymous_1)
FN:92,(anonymous_2)
FN:100,(anonymous_4)
FN:103,(anonymous_5)
FN:106,(anonymous_6)
FN:107,(anonymous_7)
FN:118,(anonymous_8)
FN:124,(anonymous_9)
FN:128,(anonymous_10)
FN:152,(anonymous_11)
FN:157,(anonymous_12)
FNF:11
FNH:0
FNDA:0,(anonymous_1)
FNDA:0,(anonymous_2)
FNDA:0,(anonymous_4)
FNDA:0,(anonymous_5)
FNDA:0,(anonymous_6)
FNDA:0,(anonymous_7)
FNDA:0,(anonymous_8)
FNDA:0,(anonymous_9)
FNDA:0,(anonymous_10)
FNDA:0,(anonymous_11)
FNDA:0,(anonymous_12)
DA:81,0
DA:86,0
DA:92,0
DA:101,0
DA:104,0
DA:107,0
DA:110,0
DA:111,0
DA:120,0
DA:125,0
DA:135,0
DA:153,0
DA:158,0
DA:159,0
DA:161,0
LF:15
LH:0
BRDA:92,0,0,0
BRDA:92,0,1,0
BRDA:158,1,0,0
BRDA:158,1,1,0
BRF:4
BRH:0
end_of_record
TN:
SF:src\components\admin\TimeSettings.vue
FN:42,(anonymous_1)
FN:55,(anonymous_2)
FN:56,(anonymous_3)
FN:67,(anonymous_4)
FN:73,(anonymous_5)
FN:75,(anonymous_6)
FN:83,(anonymous_7)
FN:86,(anonymous_8)
FN:96,(anonymous_9)
FN:101,(anonymous_10)
FNF:10
FNH:0
FNDA:0,(anonymous_1)
FNDA:0,(anonymous_2)
FNDA:0,(anonymous_3)
FNDA:0,(anonymous_4)
FNDA:0,(anonymous_5)
FNDA:0,(anonymous_6)
FNDA:0,(anonymous_7)
FNDA:0,(anonymous_8)
FNDA:0,(anonymous_9)
FNDA:0,(anonymous_10)
DA:35,0
DA:43,0
DA:56,0
DA:58,0
DA:59,0
DA:60,0
DA:69,0
DA:74,0
DA:79,0
DA:84,0
DA:85,0
DA:90,0
DA:97,0
DA:102,0
DA:103,0
DA:106,0
LF:16
LH:0
BRDA:102,0,0,0
BRDA:102,0,1,0
BRDA:102,1,0,0
BRDA:102,1,1,0
BRF:4
BRH:0
end_of_record
TN:
SF:src\components\farming\FarmingTopRow.vue
FN:34,(anonymous_1)
FN:38,(anonymous_2)
FNF:2
FNH:0
FNDA:0,(anonymous_1)
FNDA:0,(anonymous_2)
DA:35,0
DA:39,0
LF:2
LH:0
BRF:0
BRH:0
end_of_record
TN:
SF:src\components\farming\harvesting\Harvest_1.vue
FN:27,(anonymous_1)
FN:36,(anonymous_2)
FN:39,(anonymous_3)
FN:42,(anonymous_4)
FN:43,(anonymous_5)
FN:46,(anonymous_6)
FN:52,(anonymous_7)
FNF:7
FNH:0
FNDA:0,(anonymous_1)
FNDA:0,(anonymous_2)
FNDA:0,(anonymous_3)
FNDA:0,(anonymous_4)
FNDA:0,(anonymous_5)
FNDA:0,(anonymous_6)
FNDA:0,(anonymous_7)
DA:19,0
DA:28,0
DA:37,0
DA:40,0
DA:43,0
DA:45,0
DA:48,0
DA:54,0
LF:8
LH:0
BRF:0
BRH:0
end_of_record
TN:
SF:src\components\farming\harvesting\Harvest_2.vue
FN:35,(anonymous_1)
FN:39,(anonymous_2)
FN:43,(anonymous_3)
FNF:3
FNH:0
FNDA:0,(anonymous_1)
FNDA:0,(anonymous_2)
FNDA:0,(anonymous_3)
DA:24,0
DA:36,0
DA:40,0
LF:3
LH:0
BRF:0
BRH:0
end_of_record
TN:
SF:src\components\farming\harvesting\Harvest_3.vue
FN:48,(anonymous_1)
FN:51,(anonymous_2)
FNF:2
FNH:0
FNDA:0,(anonymous_1)
FNDA:0,(anonymous_2)
DA:49,0
DA:52,0
LF:2
LH:0
BRF:0
BRH:0
end_of_record
TN:
SF:src\components\farming\harvesting\Harvest_4.vue
FN:47,(anonymous_1)
FNF:1
FNH:0
FNDA:0,(anonymous_1)
DA:48,0
LF:1
LH:0
BRF:0
BRH:0
end_of_record
TN:
SF:src\components\farming\planting\Plant_1.vue
FN:28,(anonymous_1)
FN:38,(anonymous_2)
FN:41,(anonymous_3)
FN:44,(anonymous_4)
FN:45,(anonymous_5)
FN:48,(anonymous_6)
FN:55,(anonymous_7)
FNF:7
FNH:0
FNDA:0,(anonymous_1)
FNDA:0,(anonymous_2)
FNDA:0,(anonymous_3)
FNDA:0,(anonymous_4)
FNDA:0,(anonymous_5)
FNDA:0,(anonymous_6)
FNDA:0,(anonymous_7)
DA:20,0
DA:29,0
DA:39,0
DA:42,0
DA:45,0
DA:47,0
DA:50,0
DA:57,0
LF:8
LH:0
BRF:0
BRH:0
end_of_record
TN:
SF:src\components\farming\planting\Plant_2.vue
FN:38,(anonymous_1)
FN:45,(anonymous_2)
FN:50,(anonymous_3)
FNF:3
FNH:0
FNDA:0,(anonymous_1)
FNDA:0,(anonymous_2)
FNDA:0,(anonymous_3)
DA:26,0
DA:39,0
DA:46,0
LF:3
LH:0
BRF:0
BRH:0
end_of_record
TN:
SF:src\components\farming\planting\Plant_3.vue
FN:66,(anonymous_1)
FNF:1
FNH:0
FNDA:0,(anonymous_1)
DA:67,0
LF:1
LH:0
BRF:0
BRH:0
end_of_record
TN:
SF:src\components\home\FarmInfo.vue
FN:41,(anonymous_1)
FN:49,(anonymous_2)
FN:50,(anonymous_3)
FN:53,(anonymous_4)
FN:58,(anonymous_5)
FN:59,(anonymous_6)
FN:62,(anonymous_7)
FN:69,(anonymous_8)
FNF:8
FNH:6
FNDA:6,(anonymous_1)
FNDA:6,(anonymous_2)
FNDA:6,(anonymous_3)
FNDA:0,(anonymous_4)
FNDA:6,(anonymous_5)
FNDA:6,(anonymous_6)
FNDA:0,(anonymous_7)
FNDA:6,(anonymous_8)
DA:31,2
DA:32,2
DA:33,2
DA:42,6
DA:50,6
DA:52,6
DA:55,0
DA:59,6
DA:61,6
DA:64,0
DA:70,6
DA:71,6
LF:12
LH:10
BRF:0
BRH:0
end_of_record
TN:
SF:src\components\home\InfoBoxPlants.vue
FN:24,(anonymous_1)
FNF:1
FNH:1
FNDA:5,(anonymous_1)
DA:25,5
LF:1
LH:1
BRF:0
BRH:0
end_of_record
TN:
SF:src\components\home\Farm\CatTree.vue
FN:40,(anonymous_1)
FN:44,(anonymous_2)
FN:45,(anonymous_3)
FN:50,(anonymous_4)
FN:58,(anonymous_5)
FNF:5
FNH:0
FNDA:0,(anonymous_1)
FNDA:0,(anonymous_2)
FNDA:0,(anonymous_3)
FNDA:0,(anonymous_4)
FNDA:0,(anonymous_5)
DA:32,1
DA:33,1
DA:41,0
DA:42,0
DA:45,0
DA:48,0
DA:49,0
DA:52,0
DA:59,0
DA:60,0
LF:10
LH:2
BRF:0
BRH:0
end_of_record
TN:
SF:src\components\home\Farm\Module.vue
FN:34,(anonymous_1)
FN:37,(anonymous_2)
FN:48,(anonymous_3)
FN:51,(anonymous_4)
FN:65,(anonymous_5)
FNF:5
FNH:2
FNDA:0,(anonymous_1)
FNDA:0,(anonymous_2)
FNDA:0,(anonymous_3)
FNDA:3,(anonymous_4)
FNDA:2,(anonymous_5)
DA:27,2
DA:35,0
DA:38,0
DA:39,0
DA:42,0
DA:49,0
DA:53,3
DA:54,1
DA:55,2
DA:57,1
DA:60,1
DA:62,3
LF:12
LH:7
BRDA:38,0,0,0
BRDA:38,0,1,0
BRDA:53,1,0,1
BRDA:53,1,1,2
BRDA:55,2,0,1
BRDA:55,2,1,1
BRF:6
BRH:4
end_of_record
TN:
SF:src\components\home\Stats\StatBox.vue
FNF:0
FNH:0
DA:29,1
LF:1
LH:1
BRF:0
BRH:0
end_of_record
TN:
SF:src\components\home\Stats\StatGraphic.vue
FN:46,(anonymous_1)
FN:58,(anonymous_2)
FN:59,(anonymous_3)
FN:70,(anonymous_4)
FN:74,(anonymous_5)
FNF:5
FNH:0
FNDA:0,(anonymous_1)
FNDA:0,(anonymous_2)
FNDA:0,(anonymous_3)
FNDA:0,(anonymous_4)
FNDA:0,(anonymous_5)
DA:38,1
DA:39,1
DA:47,0
DA:59,0
DA:60,0
DA:61,0
DA:62,0
DA:63,0
DA:64,0
DA:65,0
DA:66,0
DA:71,0
DA:72,0
DA:75,0
LF:14
LH:2
BRF:0
BRH:0
end_of_record
TN:
SF:src\components\main\ButtonPill.vue
FNF:0
FNH:0
DA:15,1
LF:1
LH:1
BRF:0
BRH:0
end_of_record
TN:
SF:src\components\main\FarmTransition.vue
FN:23,(anonymous_1)
FN:33,(anonymous_2)
FN:37,(anonymous_3)
FN:39,(anonymous_4)
FN:46,(anonymous_5)
FN:51,(anonymous_6)
FN:55,(anonymous_7)
FN:58,(anonymous_8)
FN:63,(anonymous_9)
FN:69,(anonymous_10)
FNF:10
FNH:0
FNDA:0,(anonymous_1)
FNDA:0,(anonymous_2)
FNDA:0,(anonymous_3)
FNDA:0,(anonymous_4)
FNDA:0,(anonymous_5)
FNDA:0,(anonymous_6)
FNDA:0,(anonymous_7)
FNDA:0,(anonymous_8)
FNDA:0,(anonymous_9)
FNDA:0,(anonymous_10)
DA:16,2
DA:24,0
DA:34,0
DA:35,0
DA:38,0
DA:39,0
DA:40,0
DA:41,0
DA:42,0
DA:47,0
DA:48,0
DA:52,0
DA:53,0
DA:56,0
DA:59,0
DA:60,0
DA:61,0
DA:64,0
DA:65,0
DA:70,0
LF:20
LH:1
BRDA:34,0,0,0
BRF:1
BRH:0
end_of_record
TN:
SF:src\components\main\FarmTransition_back.vue
FN:19,(anonymous_1)
FN:25,(anonymous_2)
FNF:2
FNH:0
FNDA:0,(anonymous_1)
FNDA:0,(anonymous_2)
DA:20,0
DA:26,0
LF:2
LH:0
BRF:0
BRH:0
end_of_record
TN:
SF:src\components\main\HomeTopRow.vue
FNF:0
FNH:0
DA:19,1
LF:1
LH:1
BRF:0
BRH:0
end_of_record
TN:
SF:src\plugins\vuetify.js
FNF:0
FNH:0
DA:7,0
LF:1
LH:0
BRF:0
BRH:0
end_of_record
TN:
SF:src\router\index.js
FN:16,(anonymous_0)
FN:21,(anonymous_1)
FN:27,(anonymous_2)
FN:33,(anonymous_3)
FN:40,(anonymous_4)
FN:46,(anonymous_5)
FN:51,(anonymous_6)
FNF:7
FNH:0
FNDA:0,(anonymous_0)
FNDA:0,(anonymous_1)
FNDA:0,(anonymous_2)
FNDA:0,(anonymous_3)
FNDA:0,(anonymous_4)
FNDA:0,(anonymous_5)
FNDA:0,(anonymous_6)
DA:5,0
DA:7,0
DA:16,0
DA:21,0
DA:27,0
DA:33,0
DA:40,0
DA:46,0
DA:51,0
DA:62,0
LF:10
LH:0
BRF:0
BRH:0
end_of_record
TN:
SF:src\store\index.js
FN:188,(anonymous_0)
FN:191,(anonymous_1)
FN:194,(anonymous_2)
FN:214,(anonymous_3)
FN:217,(anonymous_4)
FNF:5
FNH:0
FNDA:0,(anonymous_0)
FNDA:0,(anonymous_1)
FNDA:0,(anonymous_2)
FNDA:0,(anonymous_3)
FNDA:0,(anonymous_4)
DA:4,0
DA:189,0
DA:192,0
DA:195,0
DA:196,0
DA:197,0
DA:198,0
DA:199,0
DA:200,0
DA:201,0
DA:204,0
DA:205,0
DA:215,0
DA:218,0
LF:14
LH:0
BRDA:198,0,0,0
BRDA:198,0,1,0
BRF:2
BRH:0
end_of_record
TN:
SF:src\views\AdminSettings.vue
FN:74,(anonymous_1)
FNF:1
FNH:0
FNDA:0,(anonymous_1)
DA:63,0
DA:64,0
DA:65,0
DA:75,0
LF:4
LH:0
BRF:0
BRH:0
end_of_record
TN:
SF:src\views\BatchFarming.vue
FN:62,(anonymous_1)
FN:71,(anonymous_2)
FN:74,(anonymous_3)
FN:78,(anonymous_4)
FN:87,(anonymous_5)
FN:88,(anonymous_6)
FN:101,(anonymous_7)
FN:102,(anonymous_8)
FN:106,(anonymous_9)
FN:111,(anonymous_10)
FN:112,(anonymous_11)
FN:117,(anonymous_12)
FN:122,(anonymous_13)
FN:133,(anonymous_14)
FNF:14
FNH:0
FNDA:0,(anonymous_1)
FNDA:0,(anonymous_2)
FNDA:0,(anonymous_3)
FNDA:0,(anonymous_4)
FNDA:0,(anonymous_5)
FNDA:0,(anonymous_6)
FNDA:0,(anonymous_7)
FNDA:0,(anonymous_8)
FNDA:0,(anonymous_9)
FNDA:0,(anonymous_10)
FNDA:0,(anonymous_11)
FNDA:0,(anonymous_12)
FNDA:0,(anonymous_13)
FNDA:0,(anonymous_14)
DA:52,0
DA:53,0
DA:54,0
DA:55,0
DA:63,0
DA:72,0
DA:75,0
DA:83,0
DA:85,0
DA:88,0
DA:96,0
DA:98,0
DA:102,0
DA:105,0
DA:108,0
DA:112,0
DA:115,0
DA:119,0
DA:123,0
DA:124,0
DA:125,0
DA:127,0
DA:134,0
DA:135,0
LF:24
LH:0
BRF:0
BRH:0
end_of_record
TN:
SF:src\views\Farming.vue
FN:111,(anonymous_1)
FN:122,(anonymous_2)
FN:123,(anonymous_3)
FN:127,(anonymous_4)
FN:132,(anonymous_5)
FN:133,(anonymous_6)
FN:139,(anonymous_7)
FN:145,(anonymous_8)
FN:151,(anonymous_9)
FN:159,(anonymous_10)
FNF:10
FNH:8
FNDA:6,(anonymous_1)
FNDA:6,(anonymous_2)
FNDA:6,(anonymous_3)
FNDA:0,(anonymous_4)
FNDA:6,(anonymous_5)
FNDA:6,(anonymous_6)
FNDA:0,(anonymous_7)
FNDA:6,(anonymous_8)
FNDA:12,(anonymous_9)
FNDA:12,(anonymous_10)
DA:103,1
DA:105,1
DA:112,6
DA:123,6
DA:126,6
DA:129,0
DA:133,6
DA:136,6
DA:137,6
DA:141,0
DA:147,6
DA:148,6
DA:152,12
DA:153,10
DA:156,2
DA:160,12
DA:161,10
DA:164,2
LF:18
LH:16
BRDA:152,0,0,10
BRDA:152,0,1,2
BRDA:160,1,0,10
BRDA:160,1,1,2
BRF:4
BRH:4
end_of_record
TN:
SF:src\views\Harvest.vue
FN:168,(anonymous_1)
FN:180,(anonymous_2)
FN:182,(anonymous_3)
FN:194,(anonymous_4)
FN:200,(anonymous_5)
FN:207,(anonymous_6)
FN:212,(anonymous_7)
FN:217,(anonymous_8)
FN:218,(anonymous_9)
FN:224,(anonymous_10)
FN:227,(anonymous_11)
FN:234,(anonymous_12)
FN:235,(anonymous_13)
FN:241,(anonymous_14)
FNF:14
FNH:0
FNDA:0,(anonymous_1)
FNDA:0,(anonymous_2)
FNDA:0,(anonymous_3)
FNDA:0,(anonymous_4)
FNDA:0,(anonymous_5)
FNDA:0,(anonymous_6)
FNDA:0,(anonymous_7)
FNDA:0,(anonymous_8)
FNDA:0,(anonymous_9)
FNDA:0,(anonymous_10)
FNDA:0,(anonymous_11)
FNDA:0,(anonymous_12)
FNDA:0,(anonymous_13)
FNDA:0,(anonymous_14)
DA:154,0
DA:155,0
DA:156,0
DA:157,0
DA:158,0
DA:169,0
DA:181,0
DA:189,0
DA:196,0
DA:201,0
DA:202,0
DA:203,0
DA:204,0
DA:208,0
DA:212,0
DA:214,0
DA:218,0
DA:221,0
DA:225,0
DA:227,0
DA:229,0
DA:235,0
DA:236,0
DA:242,0
LF:24
LH:0
BRF:0
BRH:0
end_of_record
TN:
SF:src\views\Home.vue
FN:48,(anonymous_1)
FN:66,(anonymous_2)
FN:68,(anonymous_3)
FN:71,(anonymous_4)
FN:76,(anonymous_5)
FN:79,(anonymous_6)
FN:84,(anonymous_7)
FN:89,(anonymous_8)
FNF:8
FNH:6
FNDA:6,(anonymous_1)
FNDA:6,(anonymous_2)
FNDA:6,(anonymous_3)
FNDA:4,(anonymous_4)
FNDA:1,(anonymous_5)
FNDA:0,(anonymous_6)
FNDA:6,(anonymous_7)
FNDA:0,(anonymous_8)
DA:33,1
DA:34,1
DA:35,1
DA:36,1
DA:37,1
DA:38,1
DA:49,6
DA:67,6
DA:68,6
DA:70,6
DA:73,4
DA:77,1
DA:80,0
DA:81,0
DA:86,6
DA:90,0
LF:16
LH:13
BRF:0
BRH:0
end_of_record
TN:
SF:src\views\ModuleTypeSettings.vue
FN:55,(anonymous_1)
FN:62,(anonymous_2)
FN:65,(anonymous_3)
FN:69,(anonymous_4)
FN:77,(anonymous_5)
FN:78,(anonymous_6)
FN:82,(anonymous_7)
FN:87,(anonymous_8)
FN:88,(anonymous_9)
FN:91,(anonymous_10)
FN:94,(anonymous_11)
FN:100,(anonymous_12)
FNF:12
FNH:0
FNDA:0,(anonymous_1)
FNDA:0,(anonymous_2)
FNDA:0,(anonymous_3)
FNDA:0,(anonymous_4)
FNDA:0,(anonymous_5)
FNDA:0,(anonymous_6)
FNDA:0,(anonymous_7)
FNDA:0,(anonymous_8)
FNDA:0,(anonymous_9)
FNDA:0,(anonymous_10)
FNDA:0,(anonymous_11)
FNDA:0,(anonymous_12)
DA:48,0
DA:49,0
DA:56,0
DA:63,0
DA:66,0
DA:74,0
DA:78,0
DA:81,0
DA:84,0
DA:88,0
DA:91,0
DA:92,0
DA:96,0
DA:101,0
DA:102,0
LF:15
LH:0
BRF:0
BRH:0
end_of_record
TN:
SF:src\views\PinAndAdminMenu.vue
FN:46,(anonymous_1)
FNF:1
FNH:0
FNDA:0,(anonymous_1)
DA:37,0
DA:47,0
LF:2
LH:0
BRF:0
BRH:0
end_of_record
TN:
SF:src\views\Plant.vue
FN:231,(anonymous_1)
FN:241,(anonymous_2)
FN:244,(anonymous_3)
FN:253,(anonymous_4)
FN:259,(anonymous_5)
FN:265,(anonymous_6)
FN:270,(anonymous_7)
FN:275,(anonymous_8)
FN:276,(anonymous_9)
FN:282,(anonymous_10)
FN:285,(anonymous_11)
FN:290,(anonymous_12)
FN:291,(anonymous_13)
FN:297,(anonymous_14)
FNF:14
FNH:0
FNDA:0,(anonymous_1)
FNDA:0,(anonymous_2)
FNDA:0,(anonymous_3)
FNDA:0,(anonymous_4)
FNDA:0,(anonymous_5)
FNDA:0,(anonymous_6)
FNDA:0,(anonymous_7)
FNDA:0,(anonymous_8)
FNDA:0,(anonymous_9)
FNDA:0,(anonymous_10)
FNDA:0,(anonymous_11)
FNDA:0,(anonymous_12)
FNDA:0,(anonymous_13)
FNDA:0,(anonymous_14)
DA:218,0
DA:219,0
DA:220,0
DA:221,0
DA:222,0
DA:232,0
DA:242,0
DA:249,0
DA:255,0
DA:260,0
DA:261,0
DA:262,0
DA:266,0
DA:270,0
DA:272,0
DA:276,0
DA:279,0
DA:283,0
DA:285,0
DA:287,0
DA:291,0
DA:292,0
DA:298,0
LF:23
LH:0
BRF:0
BRH:0
end_of_record
TN:
SF:src\views\PlantingInstructions.vue
FN:22,(anonymous_1)
FN:29,(anonymous_2)
FN:32,(anonymous_3)
FN:37,(anonymous_4)
FN:45,(anonymous_5)
FNF:5
FNH:0
FNDA:0,(anonymous_1)
FNDA:0,(anonymous_2)
FNDA:0,(anonymous_3)
FNDA:0,(anonymous_4)
FNDA:0,(anonymous_5)
DA:19,0
DA:23,0
DA:30,0
DA:36,0
DA:40,0
DA:46,0
LF:6
LH:0
BRF:0
BRH:0
end_of_record
