mode: set
github.com/MarcelCode/ROWA/src/api/adminsettingsHandler.go:14.51,22.15 4 0
github.com/MarcelCode/ROWA/src/api/adminsettingsHandler.go:25.1,25.37 1 0
github.com/MarcelCode/ROWA/src/api/adminsettingsHandler.go:22.15,24.2 1 0
github.com/MarcelCode/ROWA/src/api/adminsettingsHandler.go:31.48,34.16 2 0
github.com/MarcelCode/ROWA/src/api/adminsettingsHandler.go:37.2,37.44 1 0
github.com/MarcelCode/ROWA/src/api/adminsettingsHandler.go:34.16,36.3 1 0
github.com/MarcelCode/ROWA/src/api/adminsettingsHandler.go:40.51,45.23 3 0
github.com/MarcelCode/ROWA/src/api/adminsettingsHandler.go:65.2,65.16 1 0
github.com/MarcelCode/ROWA/src/api/adminsettingsHandler.go:68.2,68.36 1 0
github.com/MarcelCode/ROWA/src/api/adminsettingsHandler.go:45.23,46.21 1 0
github.com/MarcelCode/ROWA/src/api/adminsettingsHandler.go:46.21,48.3 1 0
github.com/MarcelCode/ROWA/src/api/adminsettingsHandler.go:48.8,50.3 1 0
github.com/MarcelCode/ROWA/src/api/adminsettingsHandler.go:51.7,52.21 1 0
github.com/MarcelCode/ROWA/src/api/adminsettingsHandler.go:52.21,57.4 4 0
github.com/MarcelCode/ROWA/src/api/adminsettingsHandler.go:57.9,62.4 4 0
github.com/MarcelCode/ROWA/src/api/adminsettingsHandler.go:65.16,67.3 1 0
github.com/MarcelCode/ROWA/src/api/dashboardHandler.go:13.62,15.16 2 1
github.com/MarcelCode/ROWA/src/api/dashboardHandler.go:19.2,19.47 1 1
github.com/MarcelCode/ROWA/src/api/dashboardHandler.go:15.16,17.3 1 0
github.com/MarcelCode/ROWA/src/api/dashboardHandler.go:22.60,24.16 2 1
github.com/MarcelCode/ROWA/src/api/dashboardHandler.go:28.2,28.47 1 1
github.com/MarcelCode/ROWA/src/api/dashboardHandler.go:24.16,26.3 1 0
github.com/MarcelCode/ROWA/src/api/dashboardHandler.go:31.55,34.16 2 1
github.com/MarcelCode/ROWA/src/api/dashboardHandler.go:38.2,38.42 1 1
github.com/MarcelCode/ROWA/src/api/dashboardHandler.go:34.16,36.3 1 0
github.com/MarcelCode/ROWA/src/api/dashboardHandler.go:41.56,46.16 4 0
github.com/MarcelCode/ROWA/src/api/dashboardHandler.go:50.2,50.45 1 0
github.com/MarcelCode/ROWA/src/api/dashboardHandler.go:46.16,48.3 1 0
github.com/MarcelCode/ROWA/src/api/harvestHandler.go:12.61,18.16 4 1
github.com/MarcelCode/ROWA/src/api/harvestHandler.go:22.2,22.47 1 1
github.com/MarcelCode/ROWA/src/api/harvestHandler.go:18.16,20.3 1 0
github.com/MarcelCode/ROWA/src/api/harvestHandler.go:25.53,33.16 6 1
github.com/MarcelCode/ROWA/src/api/harvestHandler.go:37.2,37.38 1 1
github.com/MarcelCode/ROWA/src/api/harvestHandler.go:33.16,35.3 1 0
github.com/MarcelCode/ROWA/src/api/plantHandler.go:10.47,14.16 4 1
github.com/MarcelCode/ROWA/src/api/plantHandler.go:18.2,18.40 1 1
github.com/MarcelCode/ROWA/src/api/plantHandler.go:14.16,16.3 1 0
github.com/MarcelCode/ROWA/src/api/plantHandler.go:21.56,26.16 4 1
github.com/MarcelCode/ROWA/src/api/plantHandler.go:30.2,30.38 1 1
github.com/MarcelCode/ROWA/src/api/plantHandler.go:26.16,28.3 1 0
github.com/MarcelCode/ROWA/src/api/plantHandler.go:33.50,36.16 2 0
github.com/MarcelCode/ROWA/src/api/plantHandler.go:40.2,40.48 1 0
github.com/MarcelCode/ROWA/src/api/plantHandler.go:36.16,38.3 1 0
