mode: set
github.com/MarcelCode/ROWA/src/api/adminsettingsHandler.go:13.51,21.16 4 0
github.com/MarcelCode/ROWA/src/api/adminsettingsHandler.go:24.2,24.38 1 0
github.com/MarcelCode/ROWA/src/api/adminsettingsHandler.go:21.16,23.3 1 0
github.com/MarcelCode/ROWA/src/api/adminsettingsHandler.go:27.48,30.16 2 0
github.com/MarcelCode/ROWA/src/api/adminsettingsHandler.go:33.2,33.44 1 0
github.com/MarcelCode/ROWA/src/api/adminsettingsHandler.go:30.16,32.3 1 0
github.com/MarcelCode/ROWA/src/api/adminsettingsHandler.go:36.51,41.24 3 0
github.com/MarcelCode/ROWA/src/api/adminsettingsHandler.go:61.2,61.16 1 0
github.com/MarcelCode/ROWA/src/api/adminsettingsHandler.go:64.2,64.36 1 0
github.com/MarcelCode/ROWA/src/api/adminsettingsHandler.go:41.24,42.23 1 0
github.com/MarcelCode/ROWA/src/api/adminsettingsHandler.go:42.23,44.4 1 0
github.com/MarcelCode/ROWA/src/api/adminsettingsHandler.go:44.9,46.4 1 0
github.com/MarcelCode/ROWA/src/api/adminsettingsHandler.go:47.8,48.23 1 0
github.com/MarcelCode/ROWA/src/api/adminsettingsHandler.go:48.23,53.4 4 0
github.com/MarcelCode/ROWA/src/api/adminsettingsHandler.go:53.9,58.4 4 0
github.com/MarcelCode/ROWA/src/api/adminsettingsHandler.go:61.16,63.3 1 0
github.com/MarcelCode/ROWA/src/api/adminsettingsHandler.go:67.50,72.24 3 0
github.com/MarcelCode/ROWA/src/api/adminsettingsHandler.go:92.2,92.16 1 0
github.com/MarcelCode/ROWA/src/api/adminsettingsHandler.go:95.2,95.36 1 0
github.com/MarcelCode/ROWA/src/api/adminsettingsHandler.go:72.24,73.23 1 0
github.com/MarcelCode/ROWA/src/api/adminsettingsHandler.go:73.23,75.4 1 0
github.com/MarcelCode/ROWA/src/api/adminsettingsHandler.go:75.9,77.4 1 0
github.com/MarcelCode/ROWA/src/api/adminsettingsHandler.go:78.8,79.23 1 0
github.com/MarcelCode/ROWA/src/api/adminsettingsHandler.go:79.23,84.4 4 0
github.com/MarcelCode/ROWA/src/api/adminsettingsHandler.go:84.9,89.4 4 0
github.com/MarcelCode/ROWA/src/api/adminsettingsHandler.go:92.16,94.3 1 0
github.com/MarcelCode/ROWA/src/api/adminsettingsHandler.go:98.49,103.24 3 0
github.com/MarcelCode/ROWA/src/api/adminsettingsHandler.go:110.2,110.16 1 0
github.com/MarcelCode/ROWA/src/api/adminsettingsHandler.go:113.2,113.36 1 0
github.com/MarcelCode/ROWA/src/api/adminsettingsHandler.go:103.24,104.23 1 0
github.com/MarcelCode/ROWA/src/api/adminsettingsHandler.go:104.23,106.4 1 0
github.com/MarcelCode/ROWA/src/api/adminsettingsHandler.go:106.9,108.4 1 0
github.com/MarcelCode/ROWA/src/api/adminsettingsHandler.go:110.16,112.3 1 0
github.com/MarcelCode/ROWA/src/api/adminsettingsHandler.go:116.48,119.16 2 0
github.com/MarcelCode/ROWA/src/api/adminsettingsHandler.go:122.2,122.42 1 0
github.com/MarcelCode/ROWA/src/api/adminsettingsHandler.go:119.16,121.3 1 0
github.com/MarcelCode/ROWA/src/api/adminsettingsHandler.go:125.47,127.16 2 0
github.com/MarcelCode/ROWA/src/api/adminsettingsHandler.go:130.2,130.40 1 0
github.com/MarcelCode/ROWA/src/api/adminsettingsHandler.go:127.16,129.3 1 0
github.com/MarcelCode/ROWA/src/api/adminsettingsHandler.go:133.49,141.16 4 0
github.com/MarcelCode/ROWA/src/api/adminsettingsHandler.go:144.2,144.38 1 0
github.com/MarcelCode/ROWA/src/api/adminsettingsHandler.go:141.16,143.3 1 0
github.com/MarcelCode/ROWA/src/api/adminsettingsHandler.go:147.54,155.16 4 0
github.com/MarcelCode/ROWA/src/api/adminsettingsHandler.go:158.2,158.38 1 0
github.com/MarcelCode/ROWA/src/api/adminsettingsHandler.go:155.16,157.3 1 0
github.com/MarcelCode/ROWA/src/api/adminsettingsHandler.go:161.53,164.16 2 0
github.com/MarcelCode/ROWA/src/api/adminsettingsHandler.go:167.2,167.41 1 0
github.com/MarcelCode/ROWA/src/api/adminsettingsHandler.go:164.16,166.3 1 0
github.com/MarcelCode/ROWA/src/api/dashboardHandler.go:12.62,14.16 2 1
github.com/MarcelCode/ROWA/src/api/dashboardHandler.go:18.2,18.47 1 1
github.com/MarcelCode/ROWA/src/api/dashboardHandler.go:14.16,16.3 1 0
github.com/MarcelCode/ROWA/src/api/dashboardHandler.go:21.60,23.16 2 1
github.com/MarcelCode/ROWA/src/api/dashboardHandler.go:27.2,27.47 1 1
github.com/MarcelCode/ROWA/src/api/dashboardHandler.go:23.16,25.3 1 0
github.com/MarcelCode/ROWA/src/api/dashboardHandler.go:30.55,33.16 2 1
github.com/MarcelCode/ROWA/src/api/dashboardHandler.go:37.2,37.42 1 1
github.com/MarcelCode/ROWA/src/api/dashboardHandler.go:33.16,35.3 1 0
github.com/MarcelCode/ROWA/src/api/dashboardHandler.go:40.56,44.16 3 0
github.com/MarcelCode/ROWA/src/api/dashboardHandler.go:48.2,48.45 1 0
github.com/MarcelCode/ROWA/src/api/dashboardHandler.go:44.16,46.3 1 0
github.com/MarcelCode/ROWA/src/api/harvestHandler.go:12.61,18.16 4 1
github.com/MarcelCode/ROWA/src/api/harvestHandler.go:22.2,22.47 1 1
github.com/MarcelCode/ROWA/src/api/harvestHandler.go:18.16,20.3 1 0
github.com/MarcelCode/ROWA/src/api/harvestHandler.go:25.53,31.16 4 1
github.com/MarcelCode/ROWA/src/api/harvestHandler.go:35.2,35.38 1 1
github.com/MarcelCode/ROWA/src/api/harvestHandler.go:31.16,33.3 1 0
github.com/MarcelCode/ROWA/src/api/harvestHandler.go:41.52,45.16 2 0
github.com/MarcelCode/ROWA/src/api/harvestHandler.go:49.2,49.47 1 0
github.com/MarcelCode/ROWA/src/api/harvestHandler.go:45.16,47.3 1 0
github.com/MarcelCode/ROWA/src/api/harvestHandler.go:53.53,60.16 4 0
github.com/MarcelCode/ROWA/src/api/harvestHandler.go:64.2,64.38 1 0
github.com/MarcelCode/ROWA/src/api/harvestHandler.go:60.16,62.3 1 0
github.com/MarcelCode/ROWA/src/api/plantHandler.go:13.47,17.16 4 1
github.com/MarcelCode/ROWA/src/api/plantHandler.go:21.2,21.40 1 1
github.com/MarcelCode/ROWA/src/api/plantHandler.go:17.16,19.3 1 0
github.com/MarcelCode/ROWA/src/api/plantHandler.go:24.56,29.16 4 1
github.com/MarcelCode/ROWA/src/api/plantHandler.go:33.2,33.38 1 1
github.com/MarcelCode/ROWA/src/api/plantHandler.go:29.16,31.3 1 0
github.com/MarcelCode/ROWA/src/api/plantHandler.go:36.50,38.16 2 0
github.com/MarcelCode/ROWA/src/api/plantHandler.go:42.2,42.40 1 0
github.com/MarcelCode/ROWA/src/api/plantHandler.go:38.16,40.3 1 0
github.com/MarcelCode/ROWA/src/api/plantHandler.go:45.54,51.16 6 0
github.com/MarcelCode/ROWA/src/api/plantHandler.go:55.2,55.38 1 0
github.com/MarcelCode/ROWA/src/api/plantHandler.go:51.16,53.3 1 0
github.com/MarcelCode/ROWA/src/api/plantHandler.go:58.50,59.24 1 0
github.com/MarcelCode/ROWA/src/api/plantHandler.go:62.2,62.16 1 0
github.com/MarcelCode/ROWA/src/api/plantHandler.go:66.2,66.48 1 0
github.com/MarcelCode/ROWA/src/api/plantHandler.go:59.24,61.3 1 0
github.com/MarcelCode/ROWA/src/api/plantHandler.go:62.16,64.3 1 0
